TN:
SF:/home/asset/zephyrproject/zephyr/include/zephyr/bluetooth/addr.h
FN:242,bt_addr_le_to_str
FNDA:0,bt_addr_le_to_str
DA:242,0
DA:247,0
BRDA:247,0,0,-
BRDA:247,0,1,-
BRDA:247,0,2,-
BRDA:247,0,3,-
BRDA:247,0,4,-
DA:248,0
DA:249,0
DA:250,0
DA:251,0
DA:252,0
DA:253,0
DA:254,0
DA:255,0
DA:256,0
DA:257,0
DA:258,0
DA:259,0
DA:260,0
DA:261,0
DA:262,0
DA:265,0
DA:266,0
DA:267,0
end_of_record
SF:/home/asset/zephyrproject/zephyr/samples/bluetooth/peripheral/src/main.c
FN:41,read_vnd
FNDA:0,read_vnd
FN:50,write_vnd
FNDA:0,write_vnd
FN:69,vnd_ccc_cfg_changed
FNDA:0,vnd_ccc_cfg_changed
FN:74,indicate_cb
FNDA:0,indicate_cb
FN:79,indicate_destroy
FNDA:0,indicate_destroy
FN:93,write_long_vnd
FNDA:0,write_long_vnd
FN:115,read_signed
FNDA:0,read_signed
FN:123,write_signed
FNDA:0,write_signed
FN:137,write_signed_v1
FNDA:0,write_signed_v1
FN:152,write_without_rsp_vnd
FNDA:0,write_without_rsp_vnd
FN:191,write_rsp
FNDA:0,write_rsp
FN:298,mtu_updated
FNDA:0,mtu_updated
FN:305,connected
FNDA:0,connected
FN:314,disconnected
FNDA:0,disconnected
FN:319,alert_stop
FNDA:0,alert_stop
FN:324,alert_start
FNDA:0,alert_start
FN:329,alert_high_start
FNDA:0,alert_high_start
FN:345,bt_ready
FNDA:0,bt_ready
FN:366,auth_passkey_display
FNDA:0,auth_passkey_display
FN:375,auth_cancel
FNDA:0,auth_cancel
FN:390,bas_notify
FNDA:0,bas_notify
FN:403,hrs_notify
FNDA:0,hrs_notify
FN:416,main
FNDA:1,main
DA:41,0
DA:44,0
DA:47,0
DA:50,0
DA:53,0
DA:59,0
DA:60,0
DA:62,0
DA:69,0
DA:71,0
DA:72,0
DA:74,0
DA:76,0
BRDA:76,0,0,-
BRDA:76,0,1,-
DA:77,0
DA:79,0
DA:81,0
DA:82,0
DA:83,0
DA:93,0
DA:96,0
DA:98,0
BRDA:98,0,0,-
BRDA:98,0,1,-
DA:99,0
DA:107,0
DA:108,0
DA:110,0
DA:115,0
DA:118,0
DA:120,0
DA:123,0
DA:126,0
DA:128,0
BRDA:128,0,0,-
BRDA:128,0,1,-
DA:129,0
DA:132,0
DA:134,0
DA:137,0
DA:140,0
DA:142,0
BRDA:142,0,0,-
BRDA:142,0,1,-
DA:143,0
DA:146,0
DA:148,0
DA:152,0
DA:155,0
DA:157,0
BRDA:157,0,0,-
BRDA:157,0,1,-
DA:158,0
DA:159,0
DA:160,0
DA:165,0
BRDA:165,0,0,-
BRDA:165,0,1,-
DA:169,0
DA:172,0
BRDA:172,0,0,-
BRDA:172,0,1,-
DA:173,0
DA:176,0
DA:177,0
BRDA:177,0,0,-
BRDA:177,0,1,-
DA:178,0
BRDA:178,0,0,-
BRDA:178,0,1,-
DA:180,0
DA:181,0
DA:185,0
DA:186,0
DA:188,0
DA:191,0
DA:194,0
DA:197,0
BRDA:197,0,0,-
BRDA:197,0,1,-
DA:199,0
DA:202,0
BRDA:202,0,0,-
BRDA:202,0,1,-
DA:203,0
DA:206,0
BRDA:206,0,0,-
BRDA:206,0,1,-
DA:207,0
DA:210,0
BRDA:210,0,0,-
BRDA:210,0,1,-
BRDA:210,0,2,-
BRDA:210,0,3,-
DA:211,0
DA:214,0
BRDA:214,0,0,-
BRDA:214,0,1,-
DA:215,0
DA:219,0
DA:220,0
BRDA:220,0,0,-
BRDA:220,0,1,-
DA:228,0
DA:230,0
DA:298,0
DA:300,0
DA:301,0
DA:305,0
DA:307,0
BRDA:307,0,0,-
BRDA:307,0,1,-
DA:308,0
DA:310,0
DA:312,0
DA:314,0
DA:316,0
DA:317,0
DA:319,0
DA:321,0
DA:322,0
DA:324,0
DA:326,0
DA:327,0
DA:329,0
DA:331,0
DA:332,0
DA:345,0
DA:349,0
DA:351,0
DA:354,0
DA:357,0
DA:358,0
BRDA:358,0,0,-
BRDA:358,0,1,-
DA:359,0
DA:360,0
DA:363,0
DA:366,0
DA:370,0
DA:372,0
DA:373,0
DA:375,0
DA:379,0
DA:381,0
DA:382,0
DA:390,0
DA:392,0
DA:394,0
DA:396,0
BRDA:396,0,0,-
BRDA:396,0,1,-
DA:397,0
DA:400,0
DA:401,0
DA:403,0
DA:408,0
DA:409,0
BRDA:409,0,0,-
BRDA:409,0,1,-
DA:410,0
DA:413,0
DA:414,0
DA:416,1
DA:422,1
DA:423,1
BRDA:423,0,0,1
BRDA:423,0,1,0
DA:424,1
DA:425,1
DA:428,0
DA:430,0
DA:431,0
DA:433,0
DA:434,0
DA:435,0
DA:440,0
DA:441,0
DA:444,0
DA:447,0
DA:450,0
DA:453,0
BRDA:453,0,0,-
BRDA:453,0,1,-
BRDA:453,0,2,-
BRDA:453,0,3,-
DA:454,0
BRDA:454,0,0,-
BRDA:454,0,1,-
DA:455,0
DA:458,0
DA:459,0
DA:460,0
DA:461,0
DA:462,0
DA:464,0
BRDA:464,0,0,-
BRDA:464,0,1,-
DA:465,0
end_of_record
SF:/home/asset/zephyrproject/build/zephyr/include/generated/syscalls/kernel.h
FN:126,k_sleep
FNDA:0,k_sleep
DA:126,0
DA:134,0
DA:135,0
end_of_record
TN:
SF:/home/asset/zephyrproject/zephyr/include/zephyr/bluetooth/gatt.h
FN:1188,bt_gatt_notify
FNDA:0,bt_gatt_notify
DA:1188,0
DA:1194,0
DA:1196,0
DA:1197,0
DA:1198,0
DA:1203,0
end_of_record
SF:/home/asset/zephyrproject/zephyr/samples/bluetooth/peripheral/src/cts.c
FN:28,ct_ccc_cfg_changed
FNDA:0,ct_ccc_cfg_changed
FN:33,read_ct
FNDA:0,read_ct
FN:42,write_ct
FNDA:0,write_ct
FN:68,generate_current_time
FNDA:0,generate_current_time
FN:95,cts_init
FNDA:0,cts_init
FN:101,cts_notify
FNDA:0,cts_notify
DA:28,0
DA:31,0
DA:33,0
DA:36,0
DA:38,0
DA:42,0
DA:46,0
DA:48,0
BRDA:48,0,0,-
BRDA:48,0,1,-
DA:49,0
DA:52,0
DA:53,0
DA:55,0
DA:68,0
DA:77,0
DA:78,0
DA:79,0
DA:80,0
DA:81,0
DA:82,0
DA:83,0
DA:86,0
DA:89,0
DA:92,0
DA:93,0
DA:95,0
DA:98,0
DA:99,0
DA:101,0
DA:103,0
BRDA:103,0,0,-
BRDA:103,0,1,-
DA:104,0
DA:107,0
DA:108,0
end_of_record
TN:
SF:/home/asset/zephyrproject/zephyr/include/zephyr/spinlock.h
FN:132,z_spinlock_validate_pre
FNDA:0,z_spinlock_validate_pre
FN:143,z_spinlock_validate_post
FNDA:0,z_spinlock_validate_post
FN:182,k_spin_lock
FNDA:0,k_spin_lock
FN:300,k_spin_unlock
FNDA:0,k_spin_unlock
DA:132,0
DA:141,0
DA:143,0
DA:152,0
DA:182,0
DA:191,0
DA:193,0
DA:211,0
DA:213,0
DA:300,0
DA:331,0
DA:332,0
end_of_record
SF:/home/asset/zephyrproject/zephyr/include/zephyr/net/buf.h
FN:170,net_buf_simple_reset
FNDA:0,net_buf_simple_reset
FN:1351,net_buf_destroy
FNDA:0,net_buf_destroy
FN:1511,net_buf_add_mem
FNDA:0,net_buf_add_mem
FN:2256,net_buf_tailroom
FNDA:0,net_buf_tailroom
FN:2270,net_buf_headroom
FNDA:0,net_buf_headroom
DA:170,0
DA:172,0
DA:173,0
DA:174,0
DA:1351,0
DA:1353,0
DA:1355,0
BRDA:1355,0,0,-
BRDA:1355,0,1,-
DA:1356,0
BRDA:1356,0,0,-
BRDA:1356,0,1,-
DA:1357,0
DA:1359,0
DA:1362,0
DA:1363,0
DA:1511,0
DA:1514,0
DA:2256,0
DA:2258,0
DA:2270,0
DA:2272,0
end_of_record
SF:/home/asset/zephyrproject/zephyr/subsys/net/buf.c
FN:48,net_buf_pool_get
FNDA:0,net_buf_pool_get
FN:57,pool_id
FNDA:0,pool_id
FN:62,net_buf_id
FNDA:0,net_buf_id
FN:72,pool_get_uninit
FNDA:0,pool_get_uninit
FN:88,net_buf_reset
FNDA:0,net_buf_reset
FN:96,generic_data_ref
FNDA:0,generic_data_ref
FN:106,mem_pool_data_alloc
FNDA:0,mem_pool_data_alloc
FN:127,mem_pool_data_unref
FNDA:0,mem_pool_data_unref
FN:148,fixed_data_alloc
FNDA:0,fixed_data_alloc
FN:159,fixed_data_unref
FNDA:0,fixed_data_unref
FN:211,data_alloc
FNDA:0,data_alloc
FN:218,data_ref
FNDA:0,data_ref
FN:230,net_buf_alloc_len
FNDA:0,net_buf_alloc_len
FN:353,net_buf_alloc_fixed
FNDA:0,net_buf_alloc_fixed
FN:366,net_buf_alloc_with_data
FNDA:0,net_buf_alloc_with_data
FN:392,net_buf_get
FNDA:0,net_buf_get
FN:411,net_buf_slist_put
FNDA:0,net_buf_slist_put
FN:423,net_buf_slist_get
FNDA:0,net_buf_slist_get
FN:439,net_buf_put
FNDA:0,net_buf_put
FN:450,net_buf_unref
FNDA:0,net_buf_unref
FN:493,net_buf_ref
FNDA:0,net_buf_ref
FN:503,net_buf_clone
FNDA:0,net_buf_clone
FN:545,net_buf_frag_last
FNDA:0,net_buf_frag_last
FN:556,net_buf_frag_insert
FNDA:0,net_buf_frag_insert
FN:568,net_buf_frag_add
FNDA:0,net_buf_frag_add
FN:586,net_buf_frag_del
FNDA:0,net_buf_frag_del
FN:612,net_buf_linearize
FNDA:0,net_buf_linearize
FN:652,net_buf_append_bytes
FNDA:0,net_buf_append_bytes
FN:699,net_buf_data_match
FNDA:0,net_buf_data_match
DA:48,0
DA:52,0
DA:54,0
DA:57,0
DA:59,0
DA:62,0
DA:64,0
DA:65,0
DA:67,0
DA:69,0
DA:72,0
DA:75,0
DA:77,0
DA:80,0
DA:82,0
DA:83,0
DA:85,0
DA:88,0
DA:93,0
DA:94,0
DA:96,0
DA:100,0
DA:101,0
DA:103,0
DA:106,0
DA:109,0
DA:110,0
DA:114,0
DA:116,0
BRDA:116,0,0,-
BRDA:116,0,1,-
DA:117,0
DA:120,0
DA:121,0
DA:124,0
DA:127,0
DA:129,0
DA:130,0
DA:133,0
DA:134,0
BRDA:134,0,0,-
BRDA:134,0,1,-
DA:135,0
DA:139,0
DA:148,0
DA:151,0
DA:152,0
DA:154,0
DA:156,0
DA:159,0
DA:162,0
DA:211,0
DA:213,0
DA:215,0
DA:218,0
DA:220,0
DA:222,0
DA:230,0
DA:234,0
DA:245,0
DA:250,0
BRDA:250,0,0,-
BRDA:250,0,1,-
DA:257,0
BRDA:257,0,0,-
BRDA:257,0,1,-
DA:258,0
DA:259,0
BRDA:259,0,0,-
BRDA:259,0,1,-
DA:260,0
DA:261,0
DA:265,0
DA:266,0
DA:268,0
DA:269,0
DA:272,0
DA:301,0
DA:303,0
BRDA:303,0,0,-
BRDA:303,0,1,-
DA:305,0
DA:308,0
DA:311,0
BRDA:311,0,0,-
BRDA:311,0,1,-
DA:315,0
DA:316,0
DA:317,0
BRDA:317,0,0,-
BRDA:317,0,1,-
DA:320,0
DA:321,0
DA:328,0
DA:331,0
DA:332,0
DA:333,0
DA:334,0
DA:335,0
DA:341,0
DA:353,0
DA:356,0
DA:366,0
DA:376,0
DA:378,0
BRDA:378,0,0,-
BRDA:378,0,1,-
DA:379,0
DA:382,0
DA:383,0
DA:385,0
DA:392,0
DA:399,0
DA:400,0
BRDA:400,0,0,-
BRDA:400,0,1,-
DA:401,0
DA:406,0
DA:411,0
DA:418,0
DA:419,0
DA:420,0
DA:421,0
DA:423,0
DA:430,0
DA:432,0
DA:434,0
DA:436,0
DA:439,0
DA:444,0
DA:445,0
DA:450,0
DA:455,0
BRDA:455,0,0,-
BRDA:455,0,1,-
DA:456,0
DA:469,0
BRDA:469,0,0,-
BRDA:469,0,1,-
DA:470,0
DA:473,0
DA:474,0
DA:476,0
DA:483,0
BRDA:483,0,0,-
BRDA:483,0,1,-
DA:484,0
DA:486,0
DA:489,0
DA:493,0
DA:499,0
DA:500,0
DA:503,0
DA:505,0
DA:511,0
DA:513,0
DA:514,0
BRDA:514,0,0,-
BRDA:514,0,1,-
DA:515,0
DA:521,0
BRDA:521,0,0,-
BRDA:521,0,1,-
BRDA:521,0,2,-
BRDA:521,0,3,-
DA:522,0
DA:523,0
DA:524,0
DA:525,0
DA:527,0
DA:529,0
DA:531,0
DA:532,0
BRDA:532,0,0,-
BRDA:532,0,1,-
BRDA:532,0,2,-
BRDA:532,0,3,-
DA:533,0
DA:534,0
DA:537,0
DA:538,0
DA:539,0
DA:542,0
DA:545,0
DA:549,0
BRDA:549,0,0,-
BRDA:549,0,1,-
DA:550,0
DA:553,0
DA:556,0
DA:561,0
BRDA:561,0,0,-
BRDA:561,0,1,-
DA:562,0
DA:565,0
DA:566,0
DA:568,0
DA:572,0
BRDA:572,0,0,-
BRDA:572,0,1,-
DA:573,0
DA:576,0
DA:578,0
DA:586,0
DA:593,0
BRDA:593,0,0,-
BRDA:593,0,1,-
DA:596,0
DA:599,0
DA:601,0
DA:606,0
DA:609,0
DA:612,0
DA:619,0
DA:621,0
DA:624,0
BRDA:624,0,0,-
BRDA:624,0,1,-
BRDA:624,0,2,-
BRDA:624,0,3,-
DA:625,0
DA:626,0
DA:630,0
DA:631,0
BRDA:631,0,0,-
BRDA:631,0,1,-
BRDA:631,0,2,-
BRDA:631,0,3,-
DA:632,0
DA:633,0
DA:635,0
DA:638,0
DA:639,0
DA:642,0
DA:645,0
DA:652,0
DA:656,0
DA:657,0
DA:658,0
DA:661,0
DA:662,0
BRDA:662,0,0,-
BRDA:662,0,1,-
DA:664,0
DA:665,0
DA:666,0
DA:667,0
DA:669,0
BRDA:669,0,0,-
BRDA:669,0,1,-
DA:670,0
DA:673,0
BRDA:673,0,0,-
BRDA:673,0,1,-
DA:674,0
DA:681,0
DA:682,0
DA:683,0
BRDA:683,0,0,-
BRDA:683,0,1,-
DA:688,0
BRDA:688,0,0,-
BRDA:688,0,1,-
DA:689,0
DA:692,0
DA:699,0
DA:701,0
DA:703,0
DA:706,0
BRDA:706,0,0,-
BRDA:706,0,1,-
BRDA:706,0,2,-
BRDA:706,0,3,-
DA:707,0
DA:711,0
BRDA:711,0,0,-
BRDA:711,0,1,-
BRDA:711,0,2,-
BRDA:711,0,3,-
DA:712,0
DA:713,0
DA:716,0
BRDA:716,0,0,-
BRDA:716,0,1,-
BRDA:716,0,2,-
BRDA:716,0,3,-
DA:717,0
DA:718,0
DA:720,0
BRDA:720,0,0,-
BRDA:720,0,1,-
DA:721,0
BRDA:721,0,0,-
BRDA:721,0,1,-
DA:722,0
DA:724,0
DA:727,0
DA:728,0
DA:729,0
DA:732,0
end_of_record
SF:/home/asset/zephyrproject/build/zephyr/include/generated/syscalls/kernel.h
FN:684,k_queue_get
FNDA:0,k_queue_get
DA:684,0
DA:693,0
DA:694,0
end_of_record
SF:/home/asset/zephyrproject/zephyr/include/zephyr/sys/slist.h
FN:211,z_snode_next_peek
FNDA:0,z_snode_next_peek
FN:216,z_snode_next_set
FNDA:0,z_snode_next_set
FN:221,z_slist_head_set
FNDA:0,z_slist_head_set
FN:226,z_slist_tail_set
FNDA:0,z_slist_tail_set
FN:238,sys_slist_peek_head
FNDA:0,sys_slist_peek_head
FN:250,sys_slist_peek_tail
FNDA:0,sys_slist_peek_tail
FN:268,sys_slist_is_empty
FNDA:0,sys_slist_is_empty
FN:318,sys_slist_append
FNDA:0,sys_slist_append
FN:379,sys_slist_get_not_empty
FNDA:0,sys_slist_get_not_empty
FN:392,sys_slist_get
FNDA:0,sys_slist_get
DA:211,0
DA:213,0
DA:216,0
DA:218,0
DA:219,0
DA:221,0
DA:223,0
DA:224,0
DA:226,0
DA:228,0
DA:229,0
DA:238,0
DA:240,0
DA:250,0
DA:252,0
DA:268,0
DA:318,0
BRDA:318,0,0,-
BRDA:318,0,1,-
DA:379,0
BRDA:379,0,0,-
BRDA:379,0,1,-
DA:392,0
BRDA:392,0,0,-
BRDA:392,0,1,-
end_of_record
SF:/home/asset/zephyrproject/zephyr/include/zephyr/arch/posix/arch.h
FN:71,arch_irq_lock
FNDA:0,arch_irq_lock
FN:77,arch_irq_unlock
FNDA:0,arch_irq_unlock
DA:71,0
DA:73,0
DA:77,0
DA:79,0
DA:80,0
end_of_record
TN:
SF:/home/asset/zephyrproject/zephyr/subsys/net/buf_simple.c
FN:32,net_buf_simple_init_with_data
FNDA:0,net_buf_simple_init_with_data
FN:41,net_buf_simple_reserve
FNDA:0,net_buf_simple_reserve
FN:50,net_buf_simple_clone
FNDA:0,net_buf_simple_clone
FN:56,net_buf_simple_add
FNDA:0,net_buf_simple_add
FN:68,net_buf_simple_add_mem
FNDA:0,net_buf_simple_add_mem
FN:76,net_buf_simple_add_u8
FNDA:0,net_buf_simple_add_u8
FN:88,net_buf_simple_add_le16
FNDA:0,net_buf_simple_add_le16
FN:95,net_buf_simple_add_be16
FNDA:0,net_buf_simple_add_be16
FN:102,net_buf_simple_add_le24
FNDA:0,net_buf_simple_add_le24
FN:109,net_buf_simple_add_be24
FNDA:0,net_buf_simple_add_be24
FN:116,net_buf_simple_add_le32
FNDA:0,net_buf_simple_add_le32
FN:123,net_buf_simple_add_be32
FNDA:0,net_buf_simple_add_be32
FN:130,net_buf_simple_add_le48
FNDA:0,net_buf_simple_add_le48
FN:137,net_buf_simple_add_be48
FNDA:0,net_buf_simple_add_be48
FN:144,net_buf_simple_add_le64
FNDA:0,net_buf_simple_add_le64
FN:151,net_buf_simple_add_be64
FNDA:0,net_buf_simple_add_be64
FN:158,net_buf_simple_remove_mem
FNDA:0,net_buf_simple_remove_mem
FN:168,net_buf_simple_remove_u8
FNDA:0,net_buf_simple_remove_u8
FN:179,net_buf_simple_remove_le16
FNDA:0,net_buf_simple_remove_le16
FN:190,net_buf_simple_remove_be16
FNDA:0,net_buf_simple_remove_be16
FN:201,net_buf_simple_remove_le24
FNDA:0,net_buf_simple_remove_le24
FN:214,net_buf_simple_remove_be24
FNDA:0,net_buf_simple_remove_be24
FN:227,net_buf_simple_remove_le32
FNDA:0,net_buf_simple_remove_le32
FN:238,net_buf_simple_remove_be32
FNDA:0,net_buf_simple_remove_be32
FN:249,net_buf_simple_remove_le48
FNDA:0,net_buf_simple_remove_le48
FN:262,net_buf_simple_remove_be48
FNDA:0,net_buf_simple_remove_be48
FN:275,net_buf_simple_remove_le64
FNDA:0,net_buf_simple_remove_le64
FN:286,net_buf_simple_remove_be64
FNDA:0,net_buf_simple_remove_be64
FN:297,net_buf_simple_push
FNDA:0,net_buf_simple_push
FN:308,net_buf_simple_push_mem
FNDA:0,net_buf_simple_push_mem
FN:316,net_buf_simple_push_le16
FNDA:0,net_buf_simple_push_le16
FN:323,net_buf_simple_push_be16
FNDA:0,net_buf_simple_push_be16
FN:330,net_buf_simple_push_u8
FNDA:0,net_buf_simple_push_u8
FN:337,net_buf_simple_push_le24
FNDA:0,net_buf_simple_push_le24
FN:344,net_buf_simple_push_be24
FNDA:0,net_buf_simple_push_be24
FN:351,net_buf_simple_push_le32
FNDA:0,net_buf_simple_push_le32
FN:358,net_buf_simple_push_be32
FNDA:0,net_buf_simple_push_be32
FN:365,net_buf_simple_push_le48
FNDA:0,net_buf_simple_push_le48
FN:372,net_buf_simple_push_be48
FNDA:0,net_buf_simple_push_be48
FN:379,net_buf_simple_push_le64
FNDA:0,net_buf_simple_push_le64
FN:386,net_buf_simple_push_be64
FNDA:0,net_buf_simple_push_be64
FN:393,net_buf_simple_pull
FNDA:0,net_buf_simple_pull
FN:403,net_buf_simple_pull_mem
FNDA:0,net_buf_simple_pull_mem
FN:417,net_buf_simple_pull_u8
FNDA:0,net_buf_simple_pull_u8
FN:427,net_buf_simple_pull_le16
FNDA:0,net_buf_simple_pull_le16
FN:437,net_buf_simple_pull_be16
FNDA:0,net_buf_simple_pull_be16
FN:447,net_buf_simple_pull_le24
FNDA:0,net_buf_simple_pull_le24
FN:459,net_buf_simple_pull_be24
FNDA:0,net_buf_simple_pull_be24
FN:471,net_buf_simple_pull_le32
FNDA:0,net_buf_simple_pull_le32
FN:481,net_buf_simple_pull_be32
FNDA:0,net_buf_simple_pull_be32
FN:491,net_buf_simple_pull_le48
FNDA:0,net_buf_simple_pull_le48
FN:503,net_buf_simple_pull_be48
FNDA:0,net_buf_simple_pull_be48
FN:515,net_buf_simple_pull_le64
FNDA:0,net_buf_simple_pull_le64
FN:525,net_buf_simple_pull_be64
FNDA:0,net_buf_simple_pull_be64
FN:535,net_buf_simple_headroom
FNDA:0,net_buf_simple_headroom
FN:540,net_buf_simple_tailroom
FNDA:0,net_buf_simple_tailroom
FN:545,net_buf_simple_max_len
FNDA:0,net_buf_simple_max_len
DA:32,0
DA:35,0
DA:36,0
DA:37,0
DA:38,0
DA:39,0
DA:41,0
DA:47,0
DA:48,0
DA:50,0
DA:53,0
DA:54,0
DA:56,0
DA:58,0
DA:64,0
DA:65,0
DA:68,0
DA:73,0
DA:76,0
DA:82,0
DA:83,0
DA:85,0
DA:88,0
DA:92,0
DA:93,0
DA:95,0
DA:99,0
DA:100,0
DA:102,0
DA:106,0
DA:107,0
DA:109,0
DA:113,0
DA:114,0
DA:116,0
DA:120,0
DA:121,0
DA:123,0
DA:127,0
DA:128,0
DA:130,0
DA:134,0
DA:135,0
DA:137,0
DA:141,0
DA:142,0
DA:144,0
DA:148,0
DA:149,0
DA:151,0
DA:155,0
DA:156,0
DA:158,0
DA:164,0
DA:165,0
DA:168,0
DA:173,0
DA:174,0
DA:176,0
DA:179,0
DA:184,0
DA:185,0
DA:187,0
DA:190,0
DA:195,0
DA:196,0
DA:198,0
DA:201,0
DA:208,0
DA:209,0
DA:211,0
DA:214,0
DA:221,0
DA:222,0
DA:224,0
DA:227,0
DA:232,0
DA:233,0
DA:235,0
DA:238,0
DA:243,0
DA:244,0
DA:246,0
DA:249,0
DA:256,0
DA:257,0
DA:259,0
DA:262,0
DA:269,0
DA:270,0
DA:272,0
DA:275,0
DA:280,0
DA:281,0
DA:283,0
DA:286,0
DA:291,0
DA:292,0
DA:294,0
DA:297,0
DA:303,0
DA:304,0
DA:305,0
DA:308,0
DA:313,0
DA:316,0
DA:320,0
DA:321,0
DA:323,0
DA:327,0
DA:328,0
DA:330,0
DA:332,0
DA:334,0
DA:335,0
DA:337,0
DA:341,0
DA:342,0
DA:344,0
DA:348,0
DA:349,0
DA:351,0
DA:355,0
DA:356,0
DA:358,0
DA:362,0
DA:363,0
DA:365,0
DA:369,0
DA:370,0
DA:372,0
DA:376,0
DA:377,0
DA:379,0
DA:383,0
DA:384,0
DA:386,0
DA:390,0
DA:391,0
DA:393,0
DA:399,0
DA:400,0
DA:403,0
DA:405,0
DA:411,0
DA:412,0
DA:414,0
DA:417,0
DA:421,0
DA:422,0
DA:424,0
DA:427,0
DA:431,0
DA:432,0
DA:434,0
DA:437,0
DA:441,0
DA:442,0
DA:444,0
DA:447,0
DA:453,0
DA:454,0
DA:456,0
DA:459,0
DA:465,0
DA:466,0
DA:468,0
DA:471,0
DA:475,0
DA:476,0
DA:478,0
DA:481,0
DA:485,0
DA:486,0
DA:488,0
DA:491,0
DA:497,0
DA:498,0
DA:500,0
DA:503,0
DA:509,0
DA:510,0
DA:512,0
DA:515,0
DA:519,0
DA:520,0
DA:522,0
DA:525,0
DA:529,0
DA:530,0
DA:532,0
DA:535,0
DA:537,0
DA:540,0
DA:542,0
DA:545,0
DA:547,0
end_of_record
SF:/home/asset/zephyrproject/zephyr/include/zephyr/sys/byteorder.h
FN:308,sys_put_be16
FNDA:0,sys_put_be16
FN:323,sys_put_be24
FNDA:0,sys_put_be24
FN:338,sys_put_be32
FNDA:0,sys_put_be32
FN:353,sys_put_be48
FNDA:0,sys_put_be48
FN:368,sys_put_be64
FNDA:0,sys_put_be64
FN:383,sys_put_le16
FNDA:0,sys_put_le16
FN:398,sys_put_le24
FNDA:0,sys_put_le24
FN:413,sys_put_le32
FNDA:0,sys_put_le32
FN:428,sys_put_le48
FNDA:0,sys_put_le48
FN:443,sys_put_le64
FNDA:0,sys_put_le64
DA:308,0
DA:310,0
DA:311,0
DA:312,0
DA:323,0
DA:325,0
DA:326,0
DA:327,0
DA:338,0
DA:340,0
DA:341,0
DA:342,0
DA:353,0
DA:355,0
DA:356,0
DA:357,0
DA:368,0
DA:370,0
DA:371,0
DA:372,0
DA:383,0
DA:385,0
DA:386,0
DA:387,0
DA:398,0
DA:400,0
DA:401,0
DA:402,0
DA:413,0
DA:415,0
DA:416,0
DA:417,0
DA:428,0
DA:430,0
DA:431,0
DA:432,0
DA:443,0
DA:445,0
DA:446,0
DA:447,0
end_of_record
SF:/home/asset/zephyrproject/zephyr/include/zephyr/net/buf.h
FN:809,net_buf_simple_tail
FNDA:0,net_buf_simple_tail
DA:809,0
DA:811,0
end_of_record
TN:
SF:/home/asset/zephyrproject/zephyr/subsys/bluetooth/common/bt_str.c
FN:19,bt_hex
FNDA:0,bt_hex
FN:38,bt_addr_str
FNDA:0,bt_addr_str
FN:47,bt_addr_le_str
FNDA:0,bt_addr_le_str
FN:56,bt_uuid_str
FNDA:0,bt_uuid_str
DA:19,0
DA:23,0
DA:26,0
DA:28,0
BRDA:28,0,0,-
BRDA:28,0,1,-
DA:29,0
DA:30,0
DA:33,0
DA:35,0
DA:38,0
DA:42,0
DA:44,0
DA:47,0
DA:51,0
DA:53,0
DA:56,0
DA:60,0
DA:62,0
end_of_record
SF:/home/asset/zephyrproject/zephyr/include/zephyr/bluetooth/addr.h
FN:225,bt_addr_to_str
FNDA:0,bt_addr_to_str
FN:242,bt_addr_le_to_str
FNDA:0,bt_addr_le_to_str
DA:225,0
DA:227,0
DA:228,0
DA:229,0
DA:242,0
DA:247,0
BRDA:247,0,0,-
BRDA:247,0,1,-
BRDA:247,0,2,-
BRDA:247,0,3,-
BRDA:247,0,4,-
DA:248,0
DA:249,0
DA:250,0
DA:251,0
DA:252,0
DA:253,0
DA:254,0
DA:255,0
DA:256,0
DA:257,0
DA:258,0
DA:259,0
DA:260,0
DA:261,0
DA:262,0
DA:265,0
DA:266,0
DA:267,0
end_of_record
TN:
SF:/home/asset/zephyrproject/zephyr/include/zephyr/logging/log_msg.h
FN:709,z_log_msg_runtime_create
FNDA:0,z_log_msg_runtime_create
DA:709,0
DA:717,0
DA:718,0
DA:720,0
DA:721,0
end_of_record
SF:/home/asset/zephyrproject/zephyr/subsys/bluetooth/common/rpa.c
FN:43,internal_encrypt_le
FNDA:0,internal_encrypt_le
FN:56,ah
FNDA:0,ah
FN:85,bt_rpa_irk_matches
FNDA:0,bt_rpa_irk_matches
FN:123,bt_rpa_create
FNDA:0,bt_rpa_create
DA:43,0
DA:52,0
DA:56,0
DA:61,0
BRDA:61,0,0,-
BRDA:61,0,1,-
BRDA:61,0,2,-
BRDA:61,0,3,-
DA:62,0
BRDA:62,0,0,-
BRDA:62,0,1,-
BRDA:62,0,2,-
BRDA:62,0,3,-
DA:65,0
DA:66,0
DA:68,0
DA:69,0
BRDA:69,0,0,-
BRDA:69,0,1,-
DA:70,0
DA:79,0
DA:81,0
DA:85,0
DA:90,0
BRDA:90,0,0,-
BRDA:90,0,1,-
BRDA:90,0,2,-
BRDA:90,0,3,-
DA:92,0
DA:93,0
BRDA:93,0,0,-
BRDA:93,0,1,-
DA:94,0
DA:97,0
DA:123,0
DA:125,0
end_of_record
SF:/home/asset/zephyrproject/zephyr/include/zephyr/syscall.h
FN:115,k_is_user_context
FNDA:0,k_is_user_context
DA:115,0
DA:120,0
end_of_record
TN:
SF:/home/asset/zephyrproject/zephyr/subsys/bluetooth/host/long_wq.c
FN:14,bt_long_wq_schedule
FNDA:0,bt_long_wq_schedule
FN:19,bt_long_wq_reschedule
FNDA:0,bt_long_wq_reschedule
FN:24,bt_long_wq_submit
FNDA:0,bt_long_wq_submit
FN:29,long_wq_init
FNDA:1,long_wq_init
DA:14,0
DA:16,0
DA:19,0
DA:21,0
DA:24,0
DA:26,0
DA:29,1
DA:32,1
DA:34,1
DA:36,1
DA:40,1
end_of_record
TN:
SF:/home/asset/zephyrproject/zephyr/include/zephyr/syscall.h
FN:115,k_is_user_context
FNDA:0,k_is_user_context
DA:115,0
DA:120,0
end_of_record
SF:/home/asset/zephyrproject/zephyr/include/zephyr/sys/atomic_builtin.h
FN:58,atomic_get
FNDA:0,atomic_get
FN:102,atomic_and
FNDA:0,atomic_and
DA:58,0
DA:60,0
DA:102,0
DA:104,0
end_of_record
SF:/home/asset/zephyrproject/zephyr/include/zephyr/logging/log_msg.h
FN:709,z_log_msg_runtime_create
FNDA:0,z_log_msg_runtime_create
DA:709,0
DA:717,0
DA:718,0
DA:720,0
DA:721,0
end_of_record
SF:/home/asset/zephyrproject/zephyr/subsys/bluetooth/host/settings.c
FN:26,bt_settings_encode_key
FNDA:0,bt_settings_encode_key
FN:96,bt_settings_decode_key
FNDA:0,bt_settings_decode_key
FN:119,set_setting
FNDA:0,set_setting
FN:231,commit_settings
FNDA:0,commit_settings
FN:286,bt_settings_init
FNDA:1,bt_settings_init
FN:301,bt_settings_store
FNDA:0,bt_settings_store
FN:324,bt_settings_delete
FNDA:0,bt_settings_delete
FN:346,bt_settings_store_sc
FNDA:0,bt_settings_store_sc
FN:351,bt_settings_delete_sc
FNDA:0,bt_settings_delete_sc
FN:356,bt_settings_store_cf
FNDA:0,bt_settings_store_cf
FN:361,bt_settings_delete_cf
FNDA:0,bt_settings_delete_cf
FN:366,bt_settings_store_ccc
FNDA:0,bt_settings_store_ccc
FN:371,bt_settings_delete_ccc
FNDA:0,bt_settings_delete_ccc
FN:376,bt_settings_store_hash
FNDA:0,bt_settings_store_hash
FN:381,bt_settings_delete_hash
FNDA:0,bt_settings_delete_hash
FN:386,bt_settings_store_name
FNDA:0,bt_settings_store_name
FN:391,bt_settings_delete_name
FNDA:0,bt_settings_delete_name
FN:396,bt_settings_store_appearance
FNDA:0,bt_settings_store_appearance
FN:401,bt_settings_delete_appearance
FNDA:0,bt_settings_delete_appearance
FN:406,do_store_id
FNDA:0,do_store_id
FN:417,bt_settings_store_id
FNDA:0,bt_settings_store_id
FN:424,bt_settings_delete_id
FNDA:0,bt_settings_delete_id
FN:429,do_store_irk
FNDA:0,do_store_irk
FN:442,bt_settings_store_irk
FNDA:0,bt_settings_store_irk
FN:450,bt_settings_delete_irk
FNDA:0,bt_settings_delete_irk
FN:455,bt_settings_store_link_key
FNDA:0,bt_settings_store_link_key
FN:460,bt_settings_delete_link_key
FNDA:0,bt_settings_delete_link_key
FN:465,bt_settings_store_keys
FNDA:0,bt_settings_store_keys
FN:470,bt_settings_delete_keys
FNDA:0,bt_settings_delete_keys
DA:26,0
DA:29,0
BRDA:29,0,0,-
BRDA:29,0,1,-
DA:30,0
DA:32,0
DA:33,0
DA:34,0
DA:36,0
DA:38,0
DA:39,0
DA:40,0
DA:43,0
BRDA:43,0,0,-
BRDA:43,0,1,-
BRDA:43,0,2,-
BRDA:43,0,3,-
DA:44,0
DA:96,0
DA:98,0
BRDA:98,0,0,-
BRDA:98,0,1,-
DA:99,0
DA:102,0
BRDA:102,0,0,-
BRDA:102,0,1,-
DA:103,0
DA:104,0
BRDA:104,0,0,-
BRDA:104,0,1,-
DA:105,0
DA:107,0
DA:110,0
BRDA:110,0,0,-
BRDA:110,0,1,-
DA:111,0
DA:114,0
BRDA:114,0,0,-
BRDA:114,0,1,-
BRDA:114,0,2,-
BRDA:114,0,3,-
DA:116,0
DA:119,0
DA:125,0
BRDA:125,0,0,-
BRDA:125,0,1,-
DA:132,0
DA:135,0
BRDA:135,0,0,-
BRDA:135,0,1,-
DA:136,0
BRDA:136,0,0,-
BRDA:136,0,1,-
BRDA:136,0,2,-
BRDA:136,0,3,-
DA:137,0
DA:140,0
DA:142,0
BRDA:142,0,0,-
BRDA:142,0,1,-
DA:144,0
BRDA:144,0,0,-
BRDA:144,0,1,-
DA:145,0
BRDA:145,0,0,-
BRDA:145,0,1,-
BRDA:145,0,2,-
BRDA:145,0,3,-
DA:146,0
DA:149,0
DA:150,0
BRDA:150,0,0,-
BRDA:150,0,1,-
DA:151,0
BRDA:151,0,0,-
BRDA:151,0,1,-
DA:152,0
BRDA:152,0,0,-
BRDA:152,0,1,-
BRDA:152,0,2,-
BRDA:152,0,3,-
DA:155,0
BRDA:155,0,0,-
BRDA:155,0,1,-
BRDA:155,0,2,-
BRDA:155,0,3,-
DA:156,0
BRDA:156,0,0,-
BRDA:156,0,1,-
DA:158,0
DA:160,0
DA:164,0
DA:165,0
BRDA:165,0,0,-
BRDA:165,0,1,-
DA:166,0
BRDA:166,0,0,-
BRDA:166,0,1,-
BRDA:166,0,2,-
BRDA:166,0,3,-
DA:170,0
DA:228,0
DA:231,0
DA:235,0
BRDA:235,0,0,-
BRDA:235,0,1,-
BRDA:235,0,2,-
BRDA:235,0,3,-
DA:237,0
BRDA:237,0,0,-
BRDA:237,0,1,-
DA:244,0
DA:252,0
BRDA:252,0,0,-
BRDA:252,0,1,-
DA:253,0
DA:254,0
BRDA:254,0,0,-
BRDA:254,0,1,-
DA:255,0
BRDA:255,0,0,-
BRDA:255,0,1,-
BRDA:255,0,2,-
BRDA:255,0,3,-
DA:256,0
DA:260,0
BRDA:260,0,0,-
BRDA:260,0,1,-
DA:261,0
DA:262,0
BRDA:262,0,0,-
BRDA:262,0,1,-
DA:263,0
BRDA:263,0,0,-
BRDA:263,0,1,-
BRDA:263,0,2,-
BRDA:263,0,3,-
DA:264,0
DA:268,0
BRDA:268,0,0,-
BRDA:268,0,1,-
DA:269,0
DA:275,0
BRDA:275,0,0,-
BRDA:275,0,1,-
DA:276,0
BRDA:276,0,0,-
BRDA:276,0,1,-
BRDA:276,0,2,-
BRDA:276,0,3,-
DA:277,0
DA:278,0
DA:281,0
DA:286,1
DA:290,1
BRDA:290,0,0,1
BRDA:290,0,1,0
BRDA:290,0,2,0
BRDA:290,0,3,0
DA:292,1
DA:293,1
BRDA:293,0,0,0
BRDA:293,0,1,1
DA:294,0
BRDA:294,0,0,-
BRDA:294,0,1,-
BRDA:294,0,2,-
BRDA:294,0,3,-
DA:295,0
DA:298,1
DA:301,0
DA:308,0
BRDA:308,0,0,-
BRDA:308,0,1,-
DA:309,0
BRDA:309,0,0,-
BRDA:309,0,1,-
DA:310,0
DA:313,0
BRDA:313,0,0,-
BRDA:313,0,1,-
DA:315,0
DA:316,0
BRDA:316,0,0,-
BRDA:316,0,1,-
DA:317,0
DA:321,0
DA:324,0
DA:330,0
BRDA:330,0,0,-
BRDA:330,0,1,-
DA:331,0
BRDA:331,0,0,-
BRDA:331,0,1,-
DA:332,0
DA:335,0
BRDA:335,0,0,-
BRDA:335,0,1,-
DA:337,0
DA:338,0
BRDA:338,0,0,-
BRDA:338,0,1,-
DA:339,0
DA:343,0
DA:346,0
DA:348,0
DA:351,0
DA:353,0
DA:356,0
DA:358,0
DA:361,0
DA:363,0
DA:366,0
DA:368,0
DA:371,0
DA:373,0
DA:376,0
DA:378,0
DA:381,0
DA:383,0
DA:386,0
DA:388,0
DA:391,0
DA:393,0
DA:396,0
DA:398,0
DA:401,0
DA:403,0
DA:406,0
DA:408,0
DA:410,0
BRDA:410,0,0,-
BRDA:410,0,1,-
DA:411,0
BRDA:411,0,0,-
BRDA:411,0,1,-
BRDA:411,0,2,-
BRDA:411,0,3,-
DA:413,0
DA:417,0
DA:419,0
DA:421,0
DA:424,0
DA:426,0
DA:429,0
DA:438,0
DA:442,0
DA:447,0
DA:450,0
DA:452,0
DA:455,0
DA:457,0
DA:460,0
DA:462,0
DA:465,0
DA:467,0
DA:470,0
DA:472,0
end_of_record
SF:/home/asset/zephyrproject/zephyr/include/zephyr/sys/atomic.h
FN:127,atomic_test_bit
FNDA:0,atomic_test_bit
FN:147,atomic_test_and_clear_bit
FNDA:0,atomic_test_and_clear_bit
DA:127,0
DA:129,0
DA:131,0
DA:147,0
DA:149,0
DA:152,0
DA:154,0
end_of_record
TN:
SF:/home/asset/zephyrproject/zephyr/subsys/bluetooth/host/keys.c
FN:50,find_key_in_use
FNDA:0,find_key_in_use
FN:73,key_is_in_use
FNDA:0,key_is_in_use
FN:83,bt_keys_get_addr
FNDA:0,bt_keys_get_addr
FN:154,bt_foreach_bond
FNDA:0,bt_foreach_bond
FN:174,bt_keys_foreach_type
FNDA:0,bt_keys_foreach_type
FN:188,bt_keys_find
FNDA:0,bt_keys_find
FN:206,bt_keys_get_type
FNDA:0,bt_keys_get_type
FN:229,bt_keys_find_irk
FNDA:0,bt_keys_find_irk
FN:278,bt_keys_find_addr
FNDA:0,bt_keys_find_addr
FN:296,bt_keys_add_type
FNDA:0,bt_keys_add_type
FN:303,bt_keys_clear
FNDA:0,bt_keys_clear
FN:322,bt_keys_store
FNDA:0,bt_keys_store
FN:340,keys_set
FNDA:0,keys_set
FN:429,id_add
FNDA:0,id_add
FN:436,keys_commit
FNDA:0,keys_commit
FN:456,bt_keys_update_usage
FNDA:0,bt_keys_update_usage
DA:50,0
DA:52,0
DA:58,0
BRDA:58,0,0,-
BRDA:58,0,1,-
DA:59,0
DA:60,0
BRDA:60,0,0,-
BRDA:60,0,1,-
DA:61,0
DA:65,0
BRDA:65,0,0,-
BRDA:65,0,1,-
DA:66,0
DA:67,0
BRDA:67,0,0,-
BRDA:67,0,1,-
BRDA:67,0,2,-
BRDA:67,0,3,-
DA:73,0
DA:75,0
DA:77,0
DA:79,0
DA:83,0
DA:87,0
DA:91,0
BRDA:91,0,0,-
BRDA:91,0,1,-
BRDA:91,0,2,-
BRDA:91,0,3,-
DA:93,0
BRDA:93,0,0,-
BRDA:93,0,1,-
DA:94,0
DA:96,0
BRDA:96,0,0,-
BRDA:96,0,1,-
BRDA:96,0,2,-
BRDA:96,0,3,-
DA:97,0
DA:99,0
BRDA:99,0,0,-
BRDA:99,0,1,-
BRDA:99,0,2,-
BRDA:99,0,3,-
DA:100,0
DA:101,0
DA:106,0
BRDA:106,0,0,-
BRDA:106,0,1,-
DA:107,0
DA:110,0
BRDA:110,0,0,-
BRDA:110,0,1,-
DA:111,0
DA:112,0
DA:114,0
BRDA:114,0,0,-
BRDA:114,0,1,-
DA:115,0
DA:118,0
BRDA:118,0,0,-
BRDA:118,0,1,-
BRDA:118,0,2,-
BRDA:118,0,3,-
DA:119,0
DA:123,0
BRDA:123,0,0,-
BRDA:123,0,1,-
DA:124,0
BRDA:124,0,0,-
BRDA:124,0,1,-
BRDA:124,0,2,-
BRDA:124,0,3,-
DA:125,0
DA:129,0
DA:130,0
DA:131,0
BRDA:131,0,0,-
BRDA:131,0,1,-
DA:132,0
DA:137,0
BRDA:137,0,0,-
BRDA:137,0,1,-
DA:138,0
DA:139,0
DA:140,0
DA:142,0
DA:143,0
DA:145,0
BRDA:145,0,0,-
BRDA:145,0,1,-
BRDA:145,0,2,-
BRDA:145,0,3,-
DA:146,0
DA:149,0
BRDA:149,0,0,-
BRDA:149,0,1,-
BRDA:149,0,2,-
BRDA:149,0,3,-
DA:151,0
DA:154,0
DA:162,0
BRDA:162,0,0,-
BRDA:162,0,1,-
DA:163,0
DA:165,0
BRDA:165,0,0,-
BRDA:165,0,1,-
BRDA:165,0,2,-
BRDA:165,0,3,-
DA:168,0
DA:169,0
DA:172,0
DA:174,0
DA:181,0
BRDA:181,0,0,-
BRDA:181,0,1,-
DA:182,0
BRDA:182,0,0,-
BRDA:182,0,1,-
DA:183,0
DA:186,0
DA:188,0
DA:194,0
BRDA:194,0,0,-
BRDA:194,0,1,-
BRDA:194,0,2,-
BRDA:194,0,3,-
DA:196,0
BRDA:196,0,0,-
BRDA:196,0,1,-
DA:197,0
BRDA:197,0,0,-
BRDA:197,0,1,-
BRDA:197,0,2,-
BRDA:197,0,3,-
BRDA:197,0,4,-
BRDA:197,0,5,-
DA:198,0
DA:199,0
DA:203,0
DA:206,0
DA:212,0
BRDA:212,0,0,-
BRDA:212,0,1,-
BRDA:212,0,2,-
BRDA:212,0,3,-
DA:214,0
DA:215,0
BRDA:215,0,0,-
BRDA:215,0,1,-
DA:216,0
DA:219,0
DA:220,0
BRDA:220,0,0,-
BRDA:220,0,1,-
DA:221,0
DA:224,0
DA:226,0
DA:229,0
DA:235,0
BRDA:235,0,0,-
BRDA:235,0,1,-
BRDA:235,0,2,-
BRDA:235,0,3,-
DA:237,0
BRDA:237,0,0,-
BRDA:237,0,1,-
DA:238,0
DA:241,0
BRDA:241,0,0,-
BRDA:241,0,1,-
DA:242,0
BRDA:242,0,0,-
BRDA:242,0,1,-
DA:243,0
DA:246,0
BRDA:246,0,0,-
BRDA:246,0,1,-
BRDA:246,0,2,-
BRDA:246,0,3,-
DA:247,0
DA:248,0
BRDA:248,0,0,-
BRDA:248,0,1,-
BRDA:248,0,2,-
BRDA:248,0,3,-
DA:250,0
DA:254,0
BRDA:254,0,0,-
BRDA:254,0,1,-
DA:255,0
BRDA:255,0,0,-
BRDA:255,0,1,-
DA:256,0
DA:259,0
BRDA:259,0,0,-
BRDA:259,0,1,-
DA:260,0
DA:263,0
BRDA:263,0,0,-
BRDA:263,0,1,-
DA:264,0
BRDA:264,0,0,-
BRDA:264,0,1,-
BRDA:264,0,2,-
BRDA:264,0,3,-
DA:267,0
DA:269,0
DA:273,0
BRDA:273,0,0,-
BRDA:273,0,1,-
BRDA:273,0,2,-
BRDA:273,0,3,-
DA:275,0
DA:278,0
DA:284,0
BRDA:284,0,0,-
BRDA:284,0,1,-
BRDA:284,0,2,-
BRDA:284,0,3,-
DA:286,0
BRDA:286,0,0,-
BRDA:286,0,1,-
DA:287,0
BRDA:287,0,0,-
BRDA:287,0,1,-
BRDA:287,0,2,-
BRDA:287,0,3,-
DA:288,0
DA:289,0
DA:293,0
DA:296,0
DA:300,0
DA:301,0
DA:303,0
DA:307,0
BRDA:307,0,0,-
BRDA:307,0,1,-
BRDA:307,0,2,-
BRDA:307,0,3,-
DA:309,0
BRDA:309,0,0,-
BRDA:309,0,1,-
DA:310,0
DA:315,0
DA:318,0
DA:319,0
DA:322,0
DA:328,0
DA:330,0
BRDA:330,0,0,-
BRDA:330,0,1,-
DA:331,0
BRDA:331,0,0,-
BRDA:331,0,1,-
BRDA:331,0,2,-
BRDA:331,0,3,-
DA:332,0
DA:335,0
BRDA:335,0,0,-
BRDA:335,0,1,-
BRDA:335,0,2,-
BRDA:335,0,3,-
DA:337,0
DA:340,0
DA:351,0
BRDA:351,0,0,-
BRDA:351,0,1,-
DA:352,0
BRDA:352,0,0,-
BRDA:352,0,1,-
BRDA:352,0,2,-
BRDA:352,0,3,-
DA:353,0
DA:356,0
DA:357,0
BRDA:357,0,0,-
BRDA:357,0,1,-
DA:358,0
BRDA:358,0,0,-
BRDA:358,0,1,-
BRDA:358,0,2,-
BRDA:358,0,3,-
DA:359,0
DA:362,0
BRDA:362,0,0,-
BRDA:362,0,1,-
BRDA:362,0,2,-
BRDA:362,0,3,-
BRDA:362,0,4,-
BRDA:362,0,5,-
DA:364,0
DA:365,0
BRDA:365,0,0,-
BRDA:365,0,1,-
DA:366,0
BRDA:366,0,0,-
BRDA:366,0,1,-
BRDA:366,0,2,-
BRDA:366,0,3,-
DA:367,0
DA:370,0
DA:372,0
BRDA:372,0,0,-
BRDA:372,0,1,-
DA:373,0
DA:375,0
DA:377,0
BRDA:377,0,0,-
BRDA:377,0,1,-
DA:378,0
BRDA:378,0,0,-
BRDA:378,0,1,-
BRDA:378,0,2,-
BRDA:378,0,3,-
DA:379,0
DA:382,0
DA:385,0
BRDA:385,0,0,-
BRDA:385,0,1,-
DA:386,0
DA:387,0
BRDA:387,0,0,-
BRDA:387,0,1,-
DA:388,0
DA:389,0
BRDA:389,0,0,-
BRDA:389,0,1,-
BRDA:389,0,2,-
BRDA:389,0,3,-
DA:391,0
BRDA:391,0,0,-
BRDA:391,0,1,-
BRDA:391,0,2,-
BRDA:391,0,3,-
DA:394,0
DA:397,0
DA:398,0
BRDA:398,0,0,-
BRDA:398,0,1,-
DA:399,0
BRDA:399,0,0,-
BRDA:399,0,1,-
BRDA:399,0,2,-
BRDA:399,0,3,-
DA:400,0
DA:402,0
BRDA:402,0,0,-
BRDA:402,0,1,-
DA:403,0
BRDA:403,0,0,-
BRDA:403,0,1,-
DA:408,0
BRDA:408,0,0,-
BRDA:408,0,1,-
BRDA:408,0,2,-
BRDA:408,0,3,-
DA:409,0
DA:411,0
BRDA:411,0,0,-
BRDA:411,0,1,-
BRDA:411,0,2,-
BRDA:411,0,3,-
DA:412,0
DA:414,0
DA:417,0
DA:420,0
BRDA:420,0,0,-
BRDA:420,0,1,-
BRDA:420,0,2,-
BRDA:420,0,3,-
DA:422,0
BRDA:422,0,0,-
BRDA:422,0,1,-
DA:423,0
DA:426,0
DA:429,0
DA:433,0
DA:434,0
DA:436,0
DA:445,0
DA:448,0
DA:456,0
DA:460,0
DA:462,0
BRDA:462,0,0,-
BRDA:462,0,1,-
DA:463,0
DA:466,0
BRDA:466,0,0,-
BRDA:466,0,1,-
DA:467,0
DA:470,0
DA:471,0
DA:473,0
BRDA:473,0,0,-
BRDA:473,0,1,-
BRDA:473,0,2,-
BRDA:473,0,3,-
end_of_record
SF:/home/asset/zephyrproject/zephyr/include/zephyr/syscall.h
FN:115,k_is_user_context
FNDA:0,k_is_user_context
DA:115,0
DA:120,0
end_of_record
SF:/home/asset/zephyrproject/zephyr/include/zephyr/bluetooth/addr.h
FN:80,bt_addr_cmp
FNDA:0,bt_addr_cmp
FN:90,bt_addr_eq
FNDA:0,bt_addr_eq
FN:104,bt_addr_le_cmp
FNDA:0,bt_addr_le_cmp
FN:117,bt_addr_le_eq
FNDA:0,bt_addr_le_eq
FN:127,bt_addr_copy
FNDA:0,bt_addr_copy
FN:137,bt_addr_le_copy
FNDA:0,bt_addr_le_copy
FN:170,bt_addr_le_is_rpa
FNDA:0,bt_addr_le_is_rpa
DA:80,0
DA:82,0
DA:90,0
DA:92,0
DA:104,0
DA:106,0
DA:117,0
DA:119,0
DA:127,0
DA:129,0
DA:130,0
DA:137,0
DA:139,0
DA:140,0
DA:170,0
DA:172,0
BRDA:172,0,0,-
BRDA:172,0,1,-
DA:173,0
DA:176,0
end_of_record
SF:/home/asset/zephyrproject/zephyr/include/zephyr/logging/log_msg.h
FN:709,z_log_msg_runtime_create
FNDA:0,z_log_msg_runtime_create
DA:709,0
DA:717,0
DA:718,0
DA:720,0
DA:721,0
end_of_record
TN:
SF:/home/asset/zephyrproject/zephyr/subsys/bluetooth/host/l2cap_internal.h
FN:220,bt_l2cap_send
FNDA:0,bt_l2cap_send
DA:220,0
DA:223,0
end_of_record
SF:/home/asset/zephyrproject/zephyr/include/zephyr/sys/atomic.h
FN:209,atomic_set_bit
FNDA:0,atomic_set_bit
DA:209,0
DA:211,0
DA:213,0
DA:214,0
end_of_record
SF:/home/asset/zephyrproject/zephyr/subsys/bluetooth/host/l2cap.c
FN:90,bt_l2cap_register_ecred_cb
FNDA:0,bt_l2cap_register_ecred_cb
FN:95,get_ident
FNDA:0,get_ident
FN:155,bt_l2cap_chan_remove
FNDA:0,bt_l2cap_chan_remove
FN:170,bt_l2cap_chan_state_str
FNDA:0,bt_l2cap_chan_state_str
FN:242,bt_l2cap_chan_del
FNDA:0,bt_l2cap_chan_del
FN:306,bt_l2cap_chan_add
FNDA:0,bt_l2cap_chan_add
FN:317,l2cap_chan_add
FNDA:0,l2cap_chan_add
FN:356,bt_l2cap_connected
FNDA:0,bt_l2cap_connected
FN:398,bt_l2cap_disconnected
FNDA:0,bt_l2cap_disconnected
FN:407,l2cap_create_le_sig_pdu
FNDA:0,l2cap_create_le_sig_pdu
FN:441,l2cap_send
FNDA:0,l2cap_send
FN:599,bt_l2cap_security_changed
FNDA:0,bt_l2cap_security_changed
FN:620,bt_l2cap_create_pdu_timeout
FNDA:0,bt_l2cap_create_pdu_timeout
FN:629,bt_l2cap_send_cb
FNDA:0,bt_l2cap_send_cb
FN:643,l2cap_send_reject
FNDA:0,l2cap_send_reject
FN:665,le_conn_param_rsp
FNDA:0,le_conn_param_rsp
FN:677,le_conn_param_update_req
FNDA:0,le_conn_param_update_req
FN:732,bt_l2cap_le_lookup_tx_cid
FNDA:0,bt_l2cap_le_lookup_tx_cid
FN:746,bt_l2cap_le_lookup_rx_cid
FNDA:0,bt_l2cap_le_lookup_rx_cid
FN:2095,l2cap_recv
FNDA:0,l2cap_recv
FN:2635,l2cap_chan_recv
FNDA:0,l2cap_chan_recv
FN:2662,bt_l2cap_recv
FNDA:0,bt_l2cap_recv
FN:2695,bt_l2cap_update_conn_param
FNDA:0,bt_l2cap_update_conn_param
FN:2716,l2cap_connected
FNDA:0,l2cap_connected
FN:2721,l2cap_disconnected
FNDA:0,l2cap_disconnected
FN:2736,l2cap_accept
FNDA:0,l2cap_accept
FN:2767,bt_l2cap_init
FNDA:0,bt_l2cap_init
DA:90,0
DA:92,0
DA:93,0
DA:95,0
DA:99,0
DA:101,0
BRDA:101,0,0,-
BRDA:101,0,1,-
DA:102,0
DA:105,0
DA:155,0
DA:158,0
DA:160,0
BRDA:160,0,0,-
BRDA:160,0,1,-
BRDA:160,0,2,-
BRDA:160,0,3,-
BRDA:160,0,4,-
BRDA:160,0,5,-
DA:161,0
BRDA:161,0,0,-
BRDA:161,0,1,-
DA:162,0
DA:163,0
DA:166,0
BRDA:166,0,0,-
BRDA:166,0,1,-
DA:170,0
DA:172,0
BRDA:172,0,0,-
BRDA:172,0,1,-
BRDA:172,0,2,-
BRDA:172,0,3,-
BRDA:172,0,4,-
BRDA:172,0,5,-
DA:173,0
DA:174,0
DA:175,0
DA:176,0
DA:177,0
DA:178,0
DA:179,0
DA:180,0
DA:181,0
DA:182,0
DA:183,0
DA:184,0
DA:242,0
DA:244,0
DA:246,0
BRDA:246,0,0,-
BRDA:246,0,1,-
BRDA:246,0,2,-
BRDA:246,0,3,-
DA:248,0
BRDA:248,0,0,-
BRDA:248,0,1,-
DA:249,0
DA:252,0
BRDA:252,0,0,-
BRDA:252,0,1,-
DA:253,0
DA:256,0
DA:258,0
DA:264,0
BRDA:264,0,0,-
BRDA:264,0,1,-
DA:265,0
DA:268,0
BRDA:268,0,0,-
BRDA:268,0,1,-
DA:269,0
DA:271,0
DA:306,0
DA:310,0
DA:311,0
DA:312,0
DA:314,0
BRDA:314,0,0,-
BRDA:314,0,1,-
BRDA:314,0,2,-
BRDA:314,0,3,-
DA:315,0
DA:317,0
DA:325,0
DA:328,0
BRDA:328,0,0,-
BRDA:328,0,1,-
DA:329,0
BRDA:329,0,0,-
BRDA:329,0,1,-
BRDA:329,0,2,-
BRDA:329,0,3,-
DA:330,0
DA:333,0
DA:335,0
DA:353,0
DA:356,0
DA:363,0
DA:366,0
BRDA:366,0,0,-
BRDA:366,0,1,-
DA:369,0
BRDA:369,0,0,-
BRDA:369,0,1,-
DA:370,0
DA:373,0
DA:378,0
DA:379,0
DA:381,0
BRDA:381,0,0,-
BRDA:381,0,1,-
DA:382,0
DA:385,0
BRDA:385,0,0,-
BRDA:385,0,1,-
DA:386,0
DA:390,0
DA:392,0
BRDA:392,0,0,-
BRDA:392,0,1,-
DA:393,0
DA:398,0
DA:402,0
BRDA:402,0,0,-
BRDA:402,0,1,-
BRDA:402,0,2,-
BRDA:402,0,3,-
BRDA:402,0,4,-
BRDA:402,0,5,-
BRDA:402,0,6,-
BRDA:402,0,7,-
BRDA:402,0,8,-
BRDA:402,0,9,-
BRDA:402,0,10,-
BRDA:402,0,11,-
DA:403,0
DA:405,0
DA:407,0
DA:411,0
DA:420,0
DA:421,0
BRDA:421,0,0,-
BRDA:421,0,1,-
DA:425,0
BRDA:425,0,0,-
BRDA:425,0,1,-
BRDA:425,0,2,-
BRDA:425,0,3,-
DA:426,0
DA:429,0
DA:430,0
DA:431,0
DA:432,0
DA:434,0
DA:441,0
DA:443,0
DA:445,0
BRDA:445,0,0,-
BRDA:445,0,1,-
DA:446,0
DA:449,0
DA:599,0
DA:609,0
BRDA:609,0,0,-
BRDA:609,0,1,-
BRDA:609,0,2,-
BRDA:609,0,3,-
BRDA:609,0,4,-
BRDA:609,0,5,-
BRDA:609,0,6,-
BRDA:609,0,7,-
BRDA:609,0,8,-
BRDA:609,0,9,-
BRDA:609,0,10,-
BRDA:609,0,11,-
DA:614,0
BRDA:614,0,0,-
BRDA:614,0,1,-
DA:615,0
DA:620,0
DA:624,0
DA:629,0
DA:634,0
BRDA:634,0,0,-
BRDA:634,0,1,-
BRDA:634,0,2,-
BRDA:634,0,3,-
DA:636,0
DA:637,0
DA:638,0
DA:640,0
DA:643,0
DA:649,0
DA:650,0
DA:651,0
BRDA:651,0,0,-
BRDA:651,0,1,-
DA:652,0
DA:655,0
DA:656,0
DA:658,0
BRDA:658,0,0,-
BRDA:658,0,1,-
DA:659,0
DA:662,0
DA:665,0
DA:667,0
DA:669,0
BRDA:669,0,0,-
BRDA:669,0,1,-
DA:670,0
BRDA:670,0,0,-
BRDA:670,0,1,-
BRDA:670,0,2,-
BRDA:670,0,3,-
DA:671,0
DA:674,0
BRDA:674,0,0,-
BRDA:674,0,1,-
BRDA:674,0,2,-
BRDA:674,0,3,-
DA:677,0
DA:680,0
DA:683,0
DA:686,0
BRDA:686,0,0,-
BRDA:686,0,1,-
DA:687,0
BRDA:687,0,0,-
BRDA:687,0,1,-
BRDA:687,0,2,-
BRDA:687,0,3,-
DA:688,0
DA:691,0
BRDA:691,0,0,-
BRDA:691,0,1,-
DA:692,0
BRDA:692,0,0,-
BRDA:692,0,1,-
BRDA:692,0,2,-
BRDA:692,0,3,-
DA:693,0
DA:696,0
BRDA:696,0,0,-
BRDA:696,0,1,-
DA:697,0
DA:699,0
DA:702,0
DA:703,0
DA:704,0
DA:705,0
DA:707,0
BRDA:707,0,0,-
BRDA:707,0,1,-
BRDA:707,0,2,-
BRDA:707,0,3,-
DA:710,0
DA:712,0
BRDA:712,0,0,-
BRDA:712,0,1,-
DA:713,0
DA:716,0
DA:718,0
DA:719,0
BRDA:719,0,0,-
BRDA:719,0,1,-
DA:720,0
DA:722,0
DA:725,0
DA:727,0
BRDA:727,0,0,-
BRDA:727,0,1,-
DA:728,0
DA:732,0
DA:737,0
BRDA:737,0,0,-
BRDA:737,0,1,-
BRDA:737,0,2,-
BRDA:737,0,3,-
BRDA:737,0,4,-
BRDA:737,0,5,-
BRDA:737,0,6,-
BRDA:737,0,7,-
DA:738,0
BRDA:738,0,0,-
BRDA:738,0,1,-
DA:739,0
DA:743,0
DA:746,0
DA:751,0
BRDA:751,0,0,-
BRDA:751,0,1,-
BRDA:751,0,2,-
BRDA:751,0,3,-
BRDA:751,0,4,-
BRDA:751,0,5,-
BRDA:751,0,6,-
BRDA:751,0,7,-
DA:752,0
BRDA:752,0,0,-
BRDA:752,0,1,-
DA:753,0
DA:757,0
DA:2095,0
DA:2097,0
DA:2098,0
DA:2102,0
BRDA:2102,0,0,-
BRDA:2102,0,1,-
DA:2103,0
BRDA:2103,0,0,-
BRDA:2103,0,1,-
BRDA:2103,0,2,-
BRDA:2103,0,3,-
DA:2104,0
DA:2107,0
DA:2108,0
DA:2110,0
BRDA:2110,0,0,-
BRDA:2110,0,1,-
BRDA:2110,0,2,-
BRDA:2110,0,3,-
DA:2112,0
BRDA:2112,0,0,-
BRDA:2112,0,1,-
DA:2113,0
BRDA:2113,0,0,-
BRDA:2113,0,1,-
BRDA:2113,0,2,-
BRDA:2113,0,3,-
DA:2114,0
DA:2117,0
BRDA:2117,0,0,-
BRDA:2117,0,1,-
DA:2118,0
BRDA:2118,0,0,-
BRDA:2118,0,1,-
BRDA:2118,0,2,-
BRDA:2118,0,3,-
DA:2119,0
DA:2122,0
BRDA:2122,0,0,-
BRDA:2122,0,1,-
BRDA:2122,0,2,-
BRDA:2122,0,3,-
DA:2123,0
DA:2124,0
DA:2125,0
DA:2160,0
DA:2162,0
DA:2164,0
DA:2171,0
BRDA:2171,0,0,-
BRDA:2171,0,1,-
BRDA:2171,0,2,-
BRDA:2171,0,3,-
DA:2172,0
DA:2174,0
DA:2177,0
DA:2635,0
DA:2656,0
BRDA:2656,0,0,-
BRDA:2656,0,1,-
BRDA:2656,0,2,-
BRDA:2656,0,3,-
DA:2658,0
DA:2659,0
DA:2660,0
DA:2662,0
DA:2674,0
BRDA:2674,0,0,-
BRDA:2674,0,1,-
DA:2675,0
BRDA:2675,0,0,-
BRDA:2675,0,1,-
BRDA:2675,0,2,-
BRDA:2675,0,3,-
DA:2676,0
DA:2677,0
DA:2680,0
DA:2681,0
DA:2683,0
BRDA:2683,0,0,-
BRDA:2683,0,1,-
BRDA:2683,0,2,-
BRDA:2683,0,3,-
DA:2685,0
DA:2686,0
BRDA:2686,0,0,-
BRDA:2686,0,1,-
DA:2687,0
BRDA:2687,0,0,-
BRDA:2687,0,1,-
BRDA:2687,0,2,-
BRDA:2687,0,3,-
DA:2688,0
DA:2689,0
DA:2692,0
DA:2695,0
DA:2701,0
DA:2702,0
DA:2703,0
BRDA:2703,0,0,-
BRDA:2703,0,1,-
DA:2704,0
DA:2707,0
DA:2708,0
DA:2709,0
DA:2710,0
DA:2711,0
DA:2713,0
DA:2716,0
DA:2718,0
BRDA:2718,0,0,-
BRDA:2718,0,1,-
BRDA:2718,0,2,-
BRDA:2718,0,3,-
DA:2719,0
DA:2721,0
DA:2723,0
DA:2725,0
BRDA:2725,0,0,-
BRDA:2725,0,1,-
BRDA:2725,0,2,-
BRDA:2725,0,3,-
DA:2734,0
DA:2736,0
DA:2745,0
BRDA:2745,0,0,-
BRDA:2745,0,1,-
BRDA:2745,0,2,-
BRDA:2745,0,3,-
DA:2747,0
BRDA:2747,0,0,-
BRDA:2747,0,1,-
DA:2748,0
DA:2750,0
BRDA:2750,0,0,-
BRDA:2750,0,1,-
DA:2751,0
DA:2754,0
DA:2755,0
DA:2757,0
DA:2760,0
BRDA:2760,0,0,-
BRDA:2760,0,1,-
BRDA:2760,0,2,-
BRDA:2760,0,3,-
DA:2762,0
DA:2767,0
DA:2772,0
end_of_record
SF:/home/asset/zephyrproject/zephyr/include/zephyr/logging/log_msg.h
FN:709,z_log_msg_runtime_create
FNDA:0,z_log_msg_runtime_create
DA:709,0
DA:717,0
DA:718,0
DA:720,0
DA:721,0
end_of_record
SF:/home/asset/zephyrproject/zephyr/include/zephyr/net/buf.h
FN:1494,net_buf_add
FNDA:0,net_buf_add
FN:1511,net_buf_add_mem
FNDA:0,net_buf_add_mem
FN:1874,net_buf_push
FNDA:0,net_buf_push
FN:2077,net_buf_pull_mem
FNDA:0,net_buf_pull_mem
FN:2471,net_buf_frags_len
FNDA:0,net_buf_frags_len
DA:1494,0
DA:1496,0
DA:1511,0
DA:1514,0
DA:1874,0
DA:1876,0
DA:2077,0
DA:2079,0
DA:2471,0
DA:2473,0
DA:2475,0
BRDA:2475,0,0,-
BRDA:2475,0,1,-
DA:2476,0
DA:2477,0
DA:2480,0
end_of_record
SF:/home/asset/zephyrproject/zephyr/include/zephyr/sys/slist.h
FN:211,z_snode_next_peek
FNDA:0,z_snode_next_peek
FN:216,z_snode_next_set
FNDA:0,z_snode_next_set
FN:221,z_slist_head_set
FNDA:0,z_slist_head_set
FN:226,z_slist_tail_set
FNDA:0,z_slist_tail_set
FN:238,sys_slist_peek_head
FNDA:0,sys_slist_peek_head
FN:250,sys_slist_peek_tail
FNDA:0,sys_slist_peek_tail
FN:281,sys_slist_peek_next_no_check
FNDA:0,sys_slist_peek_next_no_check
FN:292,sys_slist_peek_next
FNDA:0,sys_slist_peek_next
FN:318,sys_slist_append
FNDA:0,sys_slist_append
FN:408,sys_slist_remove
FNDA:0,sys_slist_remove
DA:211,0
DA:213,0
DA:216,0
DA:218,0
DA:219,0
DA:221,0
DA:223,0
DA:224,0
DA:226,0
DA:228,0
DA:229,0
DA:238,0
DA:240,0
DA:250,0
DA:252,0
DA:281,0
DA:292,0
BRDA:292,0,0,-
BRDA:292,0,1,-
DA:318,0
BRDA:318,0,0,-
BRDA:318,0,1,-
DA:408,0
BRDA:408,0,0,-
BRDA:408,0,1,-
BRDA:408,0,2,-
BRDA:408,0,3,-
BRDA:408,0,4,-
BRDA:408,0,5,-
end_of_record
SF:/home/asset/zephyrproject/zephyr/include/zephyr/sys/atomic_builtin.h
FN:68,atomic_set
FNDA:0,atomic_set
FN:82,atomic_clear
FNDA:0,atomic_clear
FN:92,atomic_or
FNDA:0,atomic_or
DA:68,0
DA:74,0
DA:82,0
DA:84,0
DA:92,0
DA:94,0
end_of_record
SF:/home/asset/zephyrproject/zephyr/include/zephyr/syscall.h
FN:115,k_is_user_context
FNDA:0,k_is_user_context
DA:115,0
DA:120,0
end_of_record
TN:
SF:/home/asset/zephyrproject/zephyr/subsys/bluetooth/host/addr.c
FN:19,create_random_addr
FNDA:0,create_random_addr
FN:26,bt_addr_le_create_nrpa
FNDA:0,bt_addr_le_create_nrpa
FN:40,bt_addr_le_create_static
FNDA:0,bt_addr_le_create_static
FN:54,bt_addr_from_str
FNDA:0,bt_addr_from_str
FN:88,bt_addr_le_from_str
FNDA:0,bt_addr_le_from_str
FN:112,bt_addr_le_copy_resolved
FNDA:0,bt_addr_le_copy_resolved
FN:119,bt_addr_le_is_resolved
FNDA:0,bt_addr_le_is_resolved
DA:19,0
DA:21,0
DA:23,0
DA:26,0
DA:30,0
DA:31,0
BRDA:31,0,0,-
BRDA:31,0,1,-
DA:32,0
DA:35,0
DA:37,0
DA:40,0
DA:44,0
DA:45,0
BRDA:45,0,0,-
BRDA:45,0,1,-
DA:46,0
DA:49,0
DA:51,0
DA:54,0
DA:60,0
DA:63,0
BRDA:63,0,0,-
BRDA:63,0,1,-
DA:64,0
DA:68,0
BRDA:68,0,0,-
BRDA:68,0,1,-
DA:69,0
BRDA:69,0,0,-
BRDA:69,0,1,-
DA:70,0
DA:77,0
BRDA:77,0,0,-
BRDA:77,0,1,-
DA:78,0
DA:80,0
BRDA:80,0,0,-
BRDA:80,0,1,-
DA:81,0
DA:85,0
DA:88,0
DA:92,0
DA:93,0
BRDA:93,0,0,-
BRDA:93,0,1,-
DA:94,0
DA:97,0
BRDA:97,0,0,-
BRDA:97,0,1,-
BRDA:97,0,2,-
BRDA:97,0,3,-
DA:98,0
DA:99,0
BRDA:99,0,0,-
BRDA:99,0,1,-
BRDA:99,0,2,-
BRDA:99,0,3,-
DA:100,0
DA:101,0
BRDA:101,0,0,-
BRDA:101,0,1,-
BRDA:101,0,2,-
BRDA:101,0,3,-
DA:102,0
DA:103,0
BRDA:103,0,0,-
BRDA:103,0,1,-
BRDA:103,0,2,-
BRDA:103,0,3,-
DA:104,0
DA:106,0
DA:109,0
DA:112,0
DA:114,0
DA:116,0
DA:117,0
DA:119,0
DA:121,0
end_of_record
SF:/home/asset/zephyrproject/zephyr/include/zephyr/bluetooth/addr.h
FN:137,bt_addr_le_copy
FNDA:0,bt_addr_le_copy
DA:137,0
DA:139,0
DA:140,0
end_of_record
TN:
SF:/home/asset/zephyrproject/zephyr/include/zephyr/logging/log_msg.h
FN:709,z_log_msg_runtime_create
FNDA:0,z_log_msg_runtime_create
DA:709,0
DA:717,0
DA:718,0
DA:720,0
DA:721,0
end_of_record
SF:/home/asset/zephyrproject/zephyr/subsys/bluetooth/host/data.c
FN:16,bt_data_parse
FNDA:0,bt_data_parse
FN:48,bt_data_get_len
FNDA:0,bt_data_get_len
FN:59,bt_data_serialize
FNDA:0,bt_data_serialize
DA:16,0
DA:20,0
BRDA:20,0,0,-
BRDA:20,0,1,-
DA:24,0
DA:25,0
BRDA:25,0,0,-
BRDA:25,0,1,-
DA:27,0
DA:30,0
BRDA:30,0,0,-
BRDA:30,0,1,-
DA:31,0
BRDA:31,0,0,-
BRDA:31,0,1,-
BRDA:31,0,2,-
BRDA:31,0,3,-
DA:33,0
DA:36,0
DA:37,0
DA:38,0
DA:40,0
BRDA:40,0,0,-
BRDA:40,0,1,-
DA:41,0
DA:44,0
DA:48,0
DA:50,0
DA:52,0
BRDA:52,0,0,-
BRDA:52,0,1,-
DA:53,0
DA:56,0
DA:59,0
DA:61,0
BRDA:61,0,0,-
BRDA:61,0,1,-
DA:62,0
BRDA:62,0,0,-
BRDA:62,0,1,-
BRDA:62,0,2,-
BRDA:62,0,3,-
DA:63,0
DA:66,0
BRDA:66,0,0,-
BRDA:66,0,1,-
DA:67,0
BRDA:67,0,0,-
BRDA:67,0,1,-
BRDA:67,0,2,-
BRDA:67,0,3,-
DA:68,0
DA:71,0
DA:72,0
DA:74,0
DA:75,0
DA:77,0
DA:79,0
end_of_record
SF:/home/asset/zephyrproject/zephyr/include/zephyr/syscall.h
FN:115,k_is_user_context
FNDA:0,k_is_user_context
DA:115,0
DA:120,0
end_of_record
TN:
SF:/home/asset/zephyrproject/zephyr/include/zephyr/bluetooth/addr.h
FN:104,bt_addr_le_cmp
FNDA:0,bt_addr_le_cmp
FN:117,bt_addr_le_eq
FNDA:0,bt_addr_le_eq
FN:137,bt_addr_le_copy
FNDA:0,bt_addr_le_copy
DA:104,0
DA:106,0
DA:117,0
DA:119,0
DA:137,0
DA:139,0
DA:140,0
end_of_record
SF:/home/asset/zephyrproject/zephyr/include/zephyr/kernel.h
FN:4037,k_work_delayable_from_work
FNDA:0,k_work_delayable_from_work
DA:4037,0
DA:4039,0
end_of_record
SF:/home/asset/zephyrproject/zephyr/include/zephyr/sys/atomic_builtin.h
FN:58,atomic_get
FNDA:0,atomic_get
FN:92,atomic_or
FNDA:0,atomic_or
FN:102,atomic_and
FNDA:0,atomic_and
DA:58,0
DA:60,0
DA:92,0
DA:94,0
DA:102,0
DA:104,0
end_of_record
SF:/home/asset/zephyrproject/zephyr/include/zephyr/syscall.h
FN:115,k_is_user_context
FNDA:0,k_is_user_context
DA:115,0
DA:120,0
end_of_record
SF:/home/asset/zephyrproject/zephyr/include/zephyr/sys/atomic.h
FN:127,atomic_test_bit
FNDA:0,atomic_test_bit
FN:147,atomic_test_and_clear_bit
FNDA:0,atomic_test_and_clear_bit
FN:191,atomic_clear_bit
FNDA:0,atomic_clear_bit
FN:209,atomic_set_bit
FNDA:0,atomic_set_bit
FN:228,atomic_set_bit_to
FNDA:0,atomic_set_bit_to
DA:127,0
DA:129,0
DA:131,0
DA:147,0
DA:149,0
DA:152,0
DA:154,0
DA:191,0
DA:193,0
DA:195,0
DA:196,0
DA:209,0
DA:211,0
DA:213,0
DA:214,0
DA:228,0
DA:230,0
DA:232,0
BRDA:232,0,0,-
BRDA:232,0,1,-
DA:233,0
DA:235,0
DA:237,0
end_of_record
SF:/home/asset/zephyrproject/zephyr/include/zephyr/sys/byteorder.h
FN:383,sys_put_le16
FNDA:0,sys_put_le16
FN:398,sys_put_le24
FNDA:0,sys_put_le24
DA:383,0
DA:385,0
DA:386,0
DA:387,0
DA:398,0
DA:400,0
DA:401,0
DA:402,0
end_of_record
SF:/home/asset/zephyrproject/zephyr/subsys/bluetooth/host/adv.c
FN:60,ad_stream_new
FNDA:0,ad_stream_new
FN:88,ad_stream_is_empty
FNDA:0,ad_stream_is_empty
FN:102,ad_stream_current_ltv_update
FNDA:0,ad_stream_current_ltv_update
FN:136,ad_stream_read
FNDA:0,ad_stream_read
FN:174,get_adv_name_type
FNDA:0,get_adv_name_type
FN:187,get_adv_name_type_param
FNDA:0,get_adv_name_type_param
FN:261,bt_le_ext_adv_foreach
FNDA:0,bt_le_ext_adv_foreach
FN:275,bt_adv_reset_adv_pool
FNDA:0,bt_adv_reset_adv_pool
FN:284,adv_get_legacy
FNDA:0,adv_get_legacy
FN:298,bt_le_adv_delete_legacy
FNDA:0,bt_le_adv_delete_legacy
FN:308,bt_le_adv_lookup_legacy
FNDA:0,bt_le_adv_lookup_legacy
FN:317,bt_le_adv_set_enable_legacy
FNDA:0,bt_le_adv_set_enable_legacy
FN:344,bt_le_adv_set_enable_ext
FNDA:0,bt_le_adv_set_enable_ext
FN:379,bt_le_adv_set_enable
FNDA:0,bt_le_adv_set_enable
FN:389,valid_adv_ext_param
FNDA:0,valid_adv_ext_param
FN:481,valid_adv_param
FNDA:0,valid_adv_param
FN:494,set_data_add_complete
FNDA:0,set_data_add_complete
FN:533,hci_set_ad
FNDA:0,hci_set_ad
FN:557,hci_set_adv_ext_complete
FNDA:0,hci_set_adv_ext_complete
FN:595,hci_set_adv_ext_fragmented
FNDA:0,hci_set_adv_ext_fragmented
FN:645,hci_set_ad_ext
FNDA:0,hci_set_ad_ext
FN:676,set_ad
FNDA:0,set_ad
FN:688,set_sd
FNDA:0,set_sd
FN:753,ad_has_name
FNDA:0,ad_has_name
FN:767,ad_is_limited
FNDA:0,ad_is_limited
FN:784,le_adv_update
FNDA:0,le_adv_update
FN:847,bt_le_adv_update_data
FNDA:0,bt_le_adv_update_data
FN:867,get_filter_policy
FNDA:0,get_filter_policy
FN:883,get_adv_channel_map
FNDA:0,get_adv_channel_map
FN:902,adv_is_directed
FNDA:0,adv_is_directed
FN:910,le_adv_start_add_conn
FNDA:0,le_adv_start_add_conn
FN:943,le_adv_stop_free_conn
FNDA:0,le_adv_stop_free_conn
FN:962,bt_le_adv_start_legacy
FNDA:0,bt_le_adv_start_legacy
FN:1112,le_ext_adv_param_set
FNDA:0,le_ext_adv_param_set
FN:1259,bt_le_adv_start_ext
FNDA:0,bt_le_adv_start_ext
FN:1348,bt_le_lim_adv_cancel_timeout
FNDA:0,bt_le_lim_adv_cancel_timeout
FN:1353,bt_le_adv_start
FNDA:0,bt_le_adv_start
FN:1384,bt_le_adv_stop
FNDA:0,bt_le_adv_stop
FN:1448,adv_get_options
FNDA:0,adv_get_options
FN:1467,bt_le_adv_resume
FNDA:0,bt_le_adv_resume
FN:1752,adv_timeout
FNDA:0,adv_timeout
DA:60,0
DA:63,0
DA:64,0
DA:65,0
DA:67,0
BRDA:67,0,0,-
BRDA:67,0,1,-
DA:68,0
BRDA:68,0,0,-
BRDA:68,0,1,-
DA:70,0
DA:72,0
BRDA:72,0,0,-
BRDA:72,0,1,-
DA:73,0
DA:78,0
DA:88,0
DA:90,0
DA:102,0
DA:104,0
DA:105,0
DA:107,0
BRDA:107,0,0,-
BRDA:107,0,1,-
DA:108,0
DA:110,0
BRDA:110,0,0,-
BRDA:110,0,1,-
DA:111,0
DA:112,0
DA:114,0
DA:118,0
BRDA:118,0,0,-
BRDA:118,0,1,-
DA:119,0
DA:121,0
DA:136,0
DA:138,0
DA:140,0
BRDA:140,0,0,-
BRDA:140,0,1,-
DA:141,0
DA:143,0
BRDA:143,0,0,-
BRDA:143,0,1,-
DA:144,0
DA:147,0
BRDA:147,0,0,-
BRDA:147,0,1,-
DA:148,0
DA:149,0
DA:150,0
DA:151,0
BRDA:151,0,0,-
BRDA:151,0,1,-
DA:152,0
DA:153,0
DA:154,0
DA:156,0
DA:157,0
DA:158,0
DA:160,0
DA:161,0
DA:163,0
DA:164,0
DA:169,0
DA:171,0
DA:174,0
DA:176,0
BRDA:176,0,0,-
BRDA:176,0,1,-
DA:177,0
DA:180,0
BRDA:180,0,0,-
BRDA:180,0,1,-
DA:181,0
DA:184,0
DA:187,0
DA:189,0
BRDA:189,0,0,-
BRDA:189,0,1,-
DA:190,0
BRDA:190,0,0,-
BRDA:190,0,1,-
DA:191,0
DA:194,0
BRDA:194,0,0,-
BRDA:194,0,1,-
DA:195,0
BRDA:195,0,0,-
BRDA:195,0,1,-
DA:196,0
DA:199,0
DA:202,0
DA:261,0
DA:271,0
DA:273,0
DA:275,0
DA:281,0
DA:282,0
DA:284,0
DA:294,0
DA:298,0
DA:306,0
DA:308,0
DA:313,0
DA:317,0
DA:323,0
DA:324,0
BRDA:324,0,0,-
BRDA:324,0,1,-
DA:325,0
DA:328,0
BRDA:328,0,0,-
BRDA:328,0,1,-
DA:329,0
DA:331,0
DA:334,0
DA:336,0
DA:337,0
BRDA:337,0,0,-
BRDA:337,0,1,-
DA:338,0
DA:341,0
DA:344,0
DA:352,0
DA:353,0
BRDA:353,0,0,-
BRDA:353,0,1,-
DA:354,0
DA:357,0
BRDA:357,0,0,-
BRDA:357,0,1,-
DA:358,0
DA:360,0
DA:363,0
DA:365,0
DA:366,0
BRDA:366,0,0,-
BRDA:366,0,1,-
DA:367,0
BRDA:367,0,0,-
BRDA:367,0,1,-
DA:369,0
DA:371,0
DA:372,0
BRDA:372,0,0,-
BRDA:372,0,1,-
DA:373,0
DA:376,0
DA:379,0
DA:386,0
DA:389,0
DA:439,0
BRDA:439,0,0,-
BRDA:439,0,1,-
BRDA:439,0,2,-
BRDA:439,0,3,-
DA:440,0
DA:441,0
DA:444,0
BRDA:444,0,0,-
BRDA:444,0,1,-
DA:451,0
BRDA:451,0,0,-
BRDA:451,0,1,-
DA:452,0
BRDA:452,0,0,-
BRDA:452,0,1,-
DA:453,0
DA:457,0
BRDA:457,0,0,-
BRDA:457,0,1,-
DA:458,0
DA:459,0
BRDA:459,0,0,-
BRDA:459,0,1,-
DA:460,0
DA:463,0
BRDA:463,0,0,-
BRDA:463,0,1,-
DA:464,0
BRDA:464,0,0,-
BRDA:464,0,1,-
DA:465,0
BRDA:465,0,0,-
BRDA:465,0,1,-
DA:466,0
BRDA:466,0,0,-
BRDA:466,0,1,-
DA:467,0
BRDA:467,0,0,-
BRDA:467,0,1,-
DA:468,0
DA:472,0
BRDA:472,0,0,-
BRDA:472,0,1,-
DA:473,0
BRDA:473,0,0,-
BRDA:473,0,1,-
DA:474,0
BRDA:474,0,0,-
BRDA:474,0,1,-
DA:475,0
DA:478,0
DA:481,0
DA:483,0
BRDA:483,0,0,-
BRDA:483,0,1,-
DA:484,0
DA:487,0
BRDA:487,0,0,-
BRDA:487,0,1,-
BRDA:487,0,2,-
BRDA:487,0,3,-
DA:488,0
DA:491,0
DA:494,0
DA:497,0
DA:499,0
BRDA:499,0,0,-
BRDA:499,0,1,-
DA:500,0
DA:502,0
BRDA:502,0,0,-
BRDA:502,0,1,-
DA:503,0
DA:504,0
DA:507,0
BRDA:507,0,0,-
BRDA:507,0,1,-
DA:508,0
DA:509,0
DA:511,0
BRDA:511,0,0,-
BRDA:511,0,1,-
BRDA:511,0,2,-
BRDA:511,0,3,-
DA:513,0
BRDA:513,0,0,-
BRDA:513,0,1,-
BRDA:513,0,2,-
BRDA:513,0,3,-
DA:514,0
DA:517,0
DA:518,0
DA:521,0
DA:522,0
DA:524,0
DA:525,0
DA:529,0
DA:530,0
DA:533,0
DA:539,0
DA:540,0
BRDA:540,0,0,-
BRDA:540,0,1,-
DA:541,0
DA:544,0
DA:545,0
DA:547,0
DA:549,0
BRDA:549,0,0,-
BRDA:549,0,1,-
DA:550,0
DA:551,0
DA:554,0
DA:557,0
DA:566,0
BRDA:566,0,0,-
BRDA:566,0,1,-
BRDA:566,0,2,-
BRDA:566,0,3,-
DA:568,0
DA:571,0
DA:573,0
DA:574,0
BRDA:574,0,0,-
BRDA:574,0,1,-
DA:575,0
DA:578,0
DA:579,0
DA:581,0
DA:583,0
BRDA:583,0,0,-
BRDA:583,0,1,-
DA:584,0
DA:585,0
DA:588,0
DA:589,0
DA:590,0
DA:592,0
DA:595,0
DA:600,0
DA:602,0
DA:603,0
BRDA:603,0,0,-
BRDA:603,0,1,-
DA:604,0
DA:607,0
BRDA:607,0,0,-
BRDA:607,0,1,-
DA:610,0
DA:611,0
DA:613,0
DA:614,0
BRDA:614,0,0,-
BRDA:614,0,1,-
DA:615,0
DA:618,0
DA:620,0
DA:621,0
DA:622,0
DA:624,0
BRDA:624,0,0,-
BRDA:624,0,1,-
BRDA:624,0,2,-
BRDA:624,0,3,-
DA:625,0
DA:626,0
BRDA:626,0,0,-
BRDA:626,0,1,-
DA:627,0
DA:628,0
BRDA:628,0,0,-
BRDA:628,0,1,-
DA:629,0
DA:631,0
DA:634,0
DA:635,0
BRDA:635,0,0,-
BRDA:635,0,1,-
DA:636,0
DA:639,0
DA:642,0
DA:645,0
DA:648,0
DA:650,0
BRDA:650,0,0,-
BRDA:650,0,1,-
DA:651,0
BRDA:651,0,0,-
BRDA:651,0,1,-
DA:652,0
DA:656,0
BRDA:656,0,0,-
BRDA:656,0,1,-
BRDA:656,0,2,-
BRDA:656,0,3,-
DA:657,0
DA:661,0
DA:664,0
BRDA:664,0,0,-
BRDA:664,0,1,-
DA:668,0
DA:670,0
DA:676,0
DA:685,0
DA:688,0
DA:697,0
DA:753,0
DA:757,0
BRDA:757,0,0,-
BRDA:757,0,1,-
DA:758,0
BRDA:758,0,0,-
BRDA:758,0,1,-
DA:759,0
BRDA:759,0,0,-
BRDA:759,0,1,-
DA:760,0
DA:764,0
DA:767,0
DA:771,0
BRDA:771,0,0,-
BRDA:771,0,1,-
DA:772,0
BRDA:772,0,0,-
BRDA:772,0,1,-
DA:773,0
BRDA:773,0,0,-
BRDA:773,0,1,-
DA:774,0
BRDA:774,0,0,-
BRDA:774,0,1,-
DA:775,0
BRDA:775,0,0,-
BRDA:775,0,1,-
DA:776,0
DA:781,0
DA:784,0
DA:790,0
DA:795,0
BRDA:795,0,0,-
BRDA:795,0,1,-
DA:796,0
DA:798,0
BRDA:798,0,0,-
BRDA:798,0,1,-
BRDA:798,0,2,-
BRDA:798,0,3,-
BRDA:798,0,4,-
BRDA:798,0,5,-
DA:799,0
BRDA:799,0,0,-
BRDA:799,0,1,-
DA:801,0
DA:804,0
DA:809,0
BRDA:809,0,0,-
BRDA:809,0,1,-
BRDA:809,0,2,-
BRDA:809,0,3,-
DA:810,0
DA:811,0
DA:812,0
DA:814,0
BRDA:814,0,0,-
BRDA:814,0,1,-
DA:815,0
DA:816,0
DA:817,0
DA:820,0
DA:821,0
BRDA:821,0,0,-
BRDA:821,0,1,-
DA:822,0
DA:826,0
BRDA:826,0,0,-
BRDA:826,0,1,-
DA:827,0
DA:828,0
DA:829,0
DA:831,0
BRDA:831,0,0,-
BRDA:831,0,1,-
DA:832,0
DA:833,0
DA:834,0
DA:837,0
DA:838,0
BRDA:838,0,0,-
BRDA:838,0,1,-
DA:839,0
DA:843,0
DA:844,0
DA:847,0
DA:850,0
DA:853,0
BRDA:853,0,0,-
BRDA:853,0,1,-
DA:854,0
DA:857,0
BRDA:857,0,0,-
BRDA:857,0,1,-
DA:858,0
DA:861,0
DA:863,0
DA:867,0
DA:870,0
DA:883,0
DA:885,0
DA:887,0
BRDA:887,0,0,-
BRDA:887,0,1,-
DA:888,0
DA:891,0
BRDA:891,0,0,-
BRDA:891,0,1,-
DA:892,0
DA:895,0
BRDA:895,0,0,-
BRDA:895,0,1,-
DA:896,0
DA:899,0
DA:902,0
DA:907,0
DA:910,0
DA:915,0
DA:917,0
BRDA:917,0,0,-
BRDA:917,0,1,-
DA:919,0
DA:920,0
BRDA:920,0,0,-
BRDA:920,0,1,-
DA:921,0
DA:924,0
DA:925,0
DA:926,0
DA:929,0
BRDA:929,0,0,-
BRDA:929,0,1,-
DA:930,0
DA:933,0
DA:934,0
BRDA:934,0,0,-
BRDA:934,0,1,-
DA:935,0
DA:938,0
DA:939,0
DA:940,0
DA:943,0
DA:947,0
BRDA:947,0,0,-
BRDA:947,0,1,-
DA:948,0
DA:951,0
DA:955,0
BRDA:955,0,0,-
BRDA:955,0,1,-
DA:956,0
DA:957,0
DA:958,0
DA:960,0
DA:962,0
DA:968,0
DA:970,0
DA:975,0
BRDA:975,0,0,-
BRDA:975,0,1,-
DA:976,0
DA:979,0
BRDA:979,0,0,-
BRDA:979,0,1,-
DA:980,0
DA:983,0
BRDA:983,0,0,-
BRDA:983,0,1,-
DA:984,0
DA:987,0
BRDA:987,0,0,-
BRDA:987,0,1,-
DA:988,0
DA:991,0
DA:993,0
DA:994,0
DA:995,0
DA:996,0
DA:998,0
DA:1000,0
DA:1001,0
DA:1003,0
DA:1005,0
BRDA:1005,0,0,-
BRDA:1005,0,1,-
DA:1006,0
DA:1009,0
BRDA:1009,0,0,-
BRDA:1009,0,1,-
DA:1010,0
DA:1012,0
DA:1015,0
DA:1017,0
BRDA:1017,0,0,-
BRDA:1017,0,1,-
DA:1018,0
BRDA:1018,0,0,-
BRDA:1018,0,1,-
DA:1019,0
BRDA:1019,0,0,-
BRDA:1019,0,1,-
DA:1020,0
DA:1022,0
DA:1025,0
DA:1027,0
DA:1028,0
DA:1030,0
BRDA:1030,0,0,-
BRDA:1030,0,1,-
BRDA:1030,0,2,-
BRDA:1030,0,3,-
BRDA:1030,0,4,-
BRDA:1030,0,5,-
DA:1032,0
DA:1033,0
DA:1035,0
DA:1038,0
DA:1039,0
BRDA:1039,0,0,-
BRDA:1039,0,1,-
DA:1040,0
DA:1043,0
DA:1045,0
DA:1046,0
BRDA:1046,0,0,-
BRDA:1046,0,1,-
DA:1047,0
DA:1050,0
BRDA:1050,0,0,-
BRDA:1050,0,1,-
DA:1051,0
DA:1053,0
BRDA:1053,0,0,-
BRDA:1053,0,1,-
DA:1054,0
DA:1058,0
DA:1059,0
BRDA:1059,0,0,-
BRDA:1059,0,1,-
DA:1060,0
DA:1061,0
BRDA:1061,0,0,-
BRDA:1061,0,1,-
DA:1062,0
BRDA:1062,0,0,-
BRDA:1062,0,1,-
BRDA:1062,0,2,-
BRDA:1062,0,3,-
DA:1063,0
BRDA:1063,0,0,-
BRDA:1063,0,1,-
DA:1064,0
DA:1067,0
DA:1071,0
DA:1072,0
BRDA:1072,0,0,-
BRDA:1072,0,1,-
DA:1073,0
BRDA:1073,0,0,-
BRDA:1073,0,1,-
BRDA:1073,0,2,-
BRDA:1073,0,3,-
DA:1074,0
BRDA:1074,0,0,-
BRDA:1074,0,1,-
DA:1075,0
DA:1076,0
DA:1079,0
DA:1082,0
BRDA:1082,0,0,-
BRDA:1082,0,1,-
DA:1088,0
DA:1091,0
DA:1092,0
BRDA:1092,0,0,-
BRDA:1092,0,1,-
DA:1093,0
BRDA:1093,0,0,-
BRDA:1093,0,1,-
DA:1095,0
DA:1098,0
DA:1101,0
DA:1102,0
DA:1104,0
DA:1106,0
DA:1107,0
DA:1109,0
DA:1112,0
DA:1117,0
DA:1121,0
DA:1123,0
DA:1124,0
BRDA:1124,0,0,-
BRDA:1124,0,1,-
DA:1125,0
DA:1128,0
DA:1129,0
DA:1131,0
DA:1133,0
DA:1135,0
BRDA:1135,0,0,-
BRDA:1135,0,1,-
DA:1136,0
DA:1139,0
BRDA:1139,0,0,-
BRDA:1139,0,1,-
DA:1140,0
DA:1142,0
DA:1145,0
DA:1147,0
DA:1148,0
DA:1149,0
DA:1150,0
DA:1151,0
DA:1152,0
DA:1154,0
DA:1155,0
BRDA:1155,0,0,-
BRDA:1155,0,1,-
DA:1156,0
BRDA:1156,0,0,-
BRDA:1156,0,1,-
DA:1157,0
DA:1159,0
DA:1162,0
BRDA:1162,0,0,-
BRDA:1162,0,1,-
DA:1163,0
DA:1164,0
DA:1167,0
BRDA:1167,0,0,-
BRDA:1167,0,1,-
DA:1168,0
DA:1171,0
BRDA:1171,0,0,-
BRDA:1171,0,1,-
DA:1172,0
DA:1175,0
BRDA:1175,0,0,-
BRDA:1175,0,1,-
DA:1176,0
DA:1179,0
BRDA:1179,0,0,-
BRDA:1179,0,1,-
DA:1180,0
DA:1183,0
BRDA:1183,0,0,-
BRDA:1183,0,1,-
DA:1184,0
DA:1185,0
BRDA:1185,0,0,-
BRDA:1185,0,1,-
BRDA:1185,0,2,-
BRDA:1185,0,3,-
DA:1191,0
DA:1195,0
BRDA:1195,0,0,-
BRDA:1195,0,1,-
BRDA:1195,0,2,-
BRDA:1195,0,3,-
BRDA:1195,0,4,-
BRDA:1195,0,5,-
DA:1197,0
DA:1200,0
DA:1202,0
BRDA:1202,0,0,-
BRDA:1202,0,1,-
DA:1203,0
DA:1204,0
BRDA:1204,0,0,-
BRDA:1204,0,1,-
DA:1205,0
DA:1208,0
DA:1211,0
DA:1213,0
DA:1214,0
DA:1215,0
BRDA:1215,0,0,-
BRDA:1215,0,1,-
DA:1216,0
DA:1225,0
DA:1227,0
DA:1229,0
BRDA:1229,0,0,-
BRDA:1229,0,1,-
DA:1230,0
DA:1231,0
BRDA:1231,0,0,-
BRDA:1231,0,1,-
DA:1232,0
DA:1237,0
DA:1239,0
DA:1242,0
DA:1245,0
DA:1246,0
DA:1248,0
DA:1250,0
DA:1251,0
DA:1253,0
DA:1254,0
DA:1256,0
DA:1259,0
DA:1264,0
DA:1268,0
DA:1269,0
DA:1272,0
BRDA:1272,0,0,-
BRDA:1272,0,1,-
DA:1273,0
DA:1276,0
BRDA:1276,0,0,-
BRDA:1276,0,1,-
DA:1277,0
DA:1280,0
BRDA:1280,0,0,-
BRDA:1280,0,1,-
DA:1281,0
DA:1284,0
DA:1285,0
DA:1286,0
BRDA:1286,0,0,-
BRDA:1286,0,1,-
DA:1287,0
DA:1290,0
BRDA:1290,0,0,-
BRDA:1290,0,1,-
DA:1298,0
BRDA:1298,0,0,-
BRDA:1298,0,1,-
DA:1299,0
DA:1301,0
DA:1305,0
DA:1306,0
BRDA:1306,0,0,-
BRDA:1306,0,1,-
DA:1307,0
DA:1308,0
BRDA:1308,0,0,-
BRDA:1308,0,1,-
DA:1309,0
BRDA:1309,0,0,-
BRDA:1309,0,1,-
BRDA:1309,0,2,-
BRDA:1309,0,3,-
DA:1310,0
BRDA:1310,0,0,-
BRDA:1310,0,1,-
DA:1311,0
DA:1314,0
DA:1318,0
DA:1319,0
BRDA:1319,0,0,-
BRDA:1319,0,1,-
DA:1320,0
BRDA:1320,0,0,-
BRDA:1320,0,1,-
BRDA:1320,0,2,-
BRDA:1320,0,3,-
DA:1321,0
BRDA:1321,0,0,-
BRDA:1321,0,1,-
DA:1322,0
DA:1323,0
DA:1326,0
DA:1329,0
BRDA:1329,0,0,-
BRDA:1329,0,1,-
DA:1335,0
DA:1338,0
DA:1340,0
BRDA:1340,0,0,-
BRDA:1340,0,1,-
DA:1341,0
BRDA:1341,0,0,-
BRDA:1341,0,1,-
DA:1343,0
DA:1348,0
DA:1350,0
DA:1353,0
DA:1357,0
DA:1360,0
BRDA:1360,0,0,-
BRDA:1360,0,1,-
DA:1361,0
DA:1368,0
DA:1371,0
BRDA:1371,0,0,-
BRDA:1371,0,1,-
DA:1372,0
DA:1375,0
BRDA:1375,0,0,-
BRDA:1375,0,1,-
DA:1376,0
DA:1377,0
DA:1378,0
DA:1381,0
DA:1384,0
DA:1386,0
DA:1389,0
BRDA:1389,0,0,-
BRDA:1389,0,1,-
DA:1390,0
BRDA:1390,0,0,-
BRDA:1390,0,1,-
BRDA:1390,0,2,-
BRDA:1390,0,3,-
DA:1391,0
DA:1394,0
DA:1399,0
DA:1401,0
BRDA:1401,0,0,-
BRDA:1401,0,1,-
DA:1406,0
DA:1407,0
DA:1410,0
BRDA:1410,0,0,-
BRDA:1410,0,1,-
DA:1411,0
DA:1412,0
DA:1422,0
DA:1423,0
BRDA:1423,0,0,-
BRDA:1423,0,1,-
DA:1424,0
DA:1428,0
DA:1444,0
DA:1448,0
DA:1450,0
DA:1452,0
BRDA:1452,0,0,-
BRDA:1452,0,1,-
DA:1453,0
DA:1456,0
BRDA:1456,0,0,-
BRDA:1456,0,1,-
DA:1457,0
DA:1460,0
BRDA:1460,0,0,-
BRDA:1460,0,1,-
DA:1461,0
DA:1464,0
DA:1467,0
DA:1469,0
DA:1471,0
DA:1474,0
BRDA:1474,0,0,-
BRDA:1474,0,1,-
DA:1475,0
BRDA:1475,0,0,-
BRDA:1475,0,1,-
BRDA:1475,0,2,-
BRDA:1475,0,3,-
DA:1476,0
DA:1479,0
BRDA:1479,0,0,-
BRDA:1479,0,1,-
BRDA:1479,0,2,-
BRDA:1479,0,3,-
DA:1480,0
DA:1481,0
DA:1484,0
BRDA:1484,0,0,-
BRDA:1484,0,1,-
DA:1485,0
DA:1488,0
DA:1489,0
BRDA:1489,0,0,-
BRDA:1489,0,1,-
DA:1490,0
BRDA:1490,0,0,-
BRDA:1490,0,1,-
BRDA:1490,0,2,-
BRDA:1490,0,3,-
DA:1491,0
DA:1494,0
BRDA:1494,0,0,-
BRDA:1494,0,1,-
BRDA:1494,0,2,-
BRDA:1494,0,3,-
DA:1501,0
DA:1502,0
DA:1505,0
DA:1506,0
BRDA:1506,0,0,-
BRDA:1506,0,1,-
DA:1507,0
BRDA:1507,0,0,-
BRDA:1507,0,1,-
BRDA:1507,0,2,-
BRDA:1507,0,3,-
DA:1508,0
DA:1512,0
DA:1513,0
BRDA:1513,0,0,-
BRDA:1513,0,1,-
DA:1514,0
BRDA:1514,0,0,-
BRDA:1514,0,1,-
BRDA:1514,0,2,-
BRDA:1514,0,3,-
DA:1515,0
DA:1520,0
DA:1527,0
DA:1528,0
BRDA:1528,0,0,-
BRDA:1528,0,1,-
DA:1529,0
DA:1752,0
DA:1754,0
DA:1758,0
DA:1759,0
DA:1768,0
DA:1770,0
BRDA:1770,0,0,-
BRDA:1770,0,1,-
DA:1771,0
BRDA:1771,0,0,-
BRDA:1771,0,1,-
BRDA:1771,0,2,-
BRDA:1771,0,3,-
DA:1773,0
end_of_record
SF:/home/asset/zephyrproject/zephyr/include/zephyr/net/buf.h
FN:1494,net_buf_add
FNDA:0,net_buf_add
FN:1511,net_buf_add_mem
FNDA:0,net_buf_add_mem
FN:1528,net_buf_add_u8
FNDA:0,net_buf_add_u8
FN:1543,net_buf_add_le16
FNDA:0,net_buf_add_le16
DA:1494,0
DA:1496,0
DA:1511,0
DA:1514,0
DA:1528,0
DA:1530,0
DA:1543,0
DA:1545,0
DA:1546,0
end_of_record
SF:/home/asset/zephyrproject/zephyr/include/zephyr/logging/log_msg.h
FN:709,z_log_msg_runtime_create
FNDA:0,z_log_msg_runtime_create
DA:709,0
DA:717,0
DA:718,0
DA:720,0
DA:721,0
end_of_record
TN:
SF:/home/asset/zephyrproject/zephyr/subsys/bluetooth/host/buf.c
FN:58,bt_buf_get_rx
FNDA:0,bt_buf_get_rx
FN:89,bt_buf_get_evt
FNDA:0,bt_buf_get_evt
DA:58,0
DA:72,0
BRDA:72,0,0,-
BRDA:72,0,1,-
DA:73,0
DA:75,0
DA:81,0
BRDA:81,0,0,-
BRDA:81,0,1,-
DA:82,0
DA:83,0
DA:86,0
DA:89,0
DA:94,0
BRDA:94,0,0,-
BRDA:94,0,1,-
DA:96,0
DA:97,0
DA:98,0
DA:100,0
DA:101,0
BRDA:101,0,0,-
BRDA:101,0,1,-
DA:102,0
DA:104,0
DA:108,0
BRDA:108,0,0,-
BRDA:108,0,1,-
DA:109,0
DA:110,0
DA:113,0
end_of_record
SF:/home/asset/zephyrproject/zephyr/include/zephyr/bluetooth/buf.h
FN:150,bt_buf_set_type
FNDA:0,bt_buf_set_type
DA:150,0
DA:152,0
DA:153,0
end_of_record
SF:/home/asset/zephyrproject/zephyr/include/zephyr/net/buf.h
FN:1250,net_buf_alloc
FNDA:0,net_buf_alloc
FN:1465,net_buf_user_data
FNDA:0,net_buf_user_data
FN:1478,net_buf_reserve
FNDA:0,net_buf_reserve
DA:1250,0
DA:1253,0
DA:1465,0
DA:1467,0
DA:1478,0
DA:1480,0
DA:1481,0
end_of_record
TN:
SF:/home/asset/zephyrproject/zephyr/subsys/bluetooth/host/crypto.c
FN:35,prng_reseed
FNDA:0,prng_reseed
FN:58,prng_init
FNDA:0,prng_init
FN:79,bt_rand
FNDA:0,bt_rand
FN:114,bt_encrypt_le
FNDA:0,bt_encrypt_le
FN:146,bt_encrypt_be
FNDA:0,bt_encrypt_be
DA:35,0
DA:41,0
DA:42,0
BRDA:42,0,0,-
BRDA:42,0,1,-
DA:43,0
DA:46,0
DA:48,0
DA:50,0
BRDA:50,0,0,-
BRDA:50,0,1,-
DA:51,0
BRDA:51,0,0,-
BRDA:51,0,1,-
BRDA:51,0,2,-
BRDA:51,0,3,-
DA:52,0
DA:55,0
DA:58,0
DA:63,0
DA:64,0
BRDA:64,0,0,-
BRDA:64,0,1,-
DA:65,0
DA:68,0
DA:69,0
BRDA:69,0,0,-
BRDA:69,0,1,-
DA:70,0
BRDA:70,0,0,-
BRDA:70,0,1,-
BRDA:70,0,2,-
BRDA:70,0,3,-
DA:71,0
DA:75,0
DA:79,0
DA:83,0
BRDA:83,0,0,-
BRDA:83,0,1,-
BRDA:83,0,2,-
BRDA:83,0,3,-
DA:84,0
DA:87,0
DA:88,0
BRDA:88,0,0,-
BRDA:88,0,1,-
DA:89,0
DA:90,0
BRDA:90,0,0,-
BRDA:90,0,1,-
DA:91,0
DA:94,0
DA:97,0
BRDA:97,0,0,-
BRDA:97,0,1,-
DA:98,0
DA:101,0
DA:114,0
DA:120,0
BRDA:120,0,0,-
BRDA:120,0,1,-
BRDA:120,0,2,-
BRDA:120,0,3,-
BRDA:120,0,4,-
BRDA:120,0,5,-
DA:121,0
DA:124,0
BRDA:124,0,0,-
BRDA:124,0,1,-
BRDA:124,0,2,-
BRDA:124,0,3,-
DA:125,0
BRDA:125,0,0,-
BRDA:125,0,1,-
BRDA:125,0,2,-
BRDA:125,0,3,-
DA:127,0
DA:129,0
BRDA:129,0,0,-
BRDA:129,0,1,-
DA:130,0
DA:133,0
DA:135,0
BRDA:135,0,0,-
BRDA:135,0,1,-
DA:136,0
DA:139,0
DA:141,0
BRDA:141,0,0,-
BRDA:141,0,1,-
BRDA:141,0,2,-
BRDA:141,0,3,-
DA:143,0
DA:146,0
DA:151,0
BRDA:151,0,0,-
BRDA:151,0,1,-
BRDA:151,0,2,-
BRDA:151,0,3,-
BRDA:151,0,4,-
BRDA:151,0,5,-
DA:152,0
DA:155,0
BRDA:155,0,0,-
BRDA:155,0,1,-
BRDA:155,0,2,-
BRDA:155,0,3,-
DA:156,0
BRDA:156,0,0,-
BRDA:156,0,1,-
BRDA:156,0,2,-
BRDA:156,0,3,-
DA:158,0
BRDA:158,0,0,-
BRDA:158,0,1,-
DA:159,0
DA:162,0
BRDA:162,0,0,-
BRDA:162,0,1,-
DA:163,0
DA:166,0
BRDA:166,0,0,-
BRDA:166,0,1,-
BRDA:166,0,2,-
BRDA:166,0,3,-
DA:168,0
end_of_record
SF:/home/asset/zephyrproject/zephyr/include/zephyr/syscall.h
FN:115,k_is_user_context
FNDA:0,k_is_user_context
DA:115,0
DA:120,0
end_of_record
SF:/home/asset/zephyrproject/zephyr/include/zephyr/kernel.h
FN:1746,k_uptime_get
FNDA:0,k_uptime_get
DA:1746,0
DA:1748,0
end_of_record
SF:/home/asset/zephyrproject/zephyr/include/zephyr/logging/log_msg.h
FN:709,z_log_msg_runtime_create
FNDA:0,z_log_msg_runtime_create
DA:709,0
DA:717,0
DA:718,0
DA:720,0
DA:721,0
end_of_record
SF:/home/asset/zephyrproject/zephyr/include/zephyr/sys/byteorder.h
FN:612,sys_memcpy_swap
FNDA:0,sys_memcpy_swap
FN:638,sys_mem_swap
FNDA:0,sys_mem_swap
DA:612,0
DA:614,0
DA:615,0
DA:621,0
DA:623,0
BRDA:623,0,0,-
BRDA:623,0,1,-
DA:624,0
DA:626,0
DA:638,0
DA:642,0
BRDA:642,0,0,-
BRDA:642,0,1,-
DA:643,0
DA:645,0
DA:646,0
DA:648,0
end_of_record
SF:/home/asset/zephyrproject/build/zephyr/include/generated/syscalls/kernel.h
FN:599,k_uptime_ticks
FNDA:0,k_uptime_ticks
DA:599,0
DA:608,0
DA:609,0
end_of_record
TN:
SF:/home/asset/zephyrproject/zephyr/include/zephyr/net/buf.h
FN:1494,net_buf_add
FNDA:0,net_buf_add
DA:1494,0
DA:1496,0
end_of_record
SF:/home/asset/zephyrproject/zephyr/subsys/bluetooth/host/hci_common.c
FN:11,bt_hci_evt_create
FNDA:0,bt_hci_evt_create
FN:25,bt_hci_cmd_complete_create
FNDA:0,bt_hci_cmd_complete_create
FN:39,bt_hci_cmd_status_create
FNDA:0,bt_hci_cmd_status_create
DA:11,0
DA:16,0
DA:18,0
DA:19,0
DA:20,0
DA:22,0
DA:25,0
DA:30,0
DA:32,0
DA:33,0
DA:34,0
DA:36,0
DA:39,0
DA:44,0
DA:46,0
DA:47,0
DA:48,0
DA:49,0
DA:51,0
end_of_record
TN:
SF:/home/asset/zephyrproject/zephyr/include/zephyr/bluetooth/addr.h
FN:80,bt_addr_cmp
FNDA:0,bt_addr_cmp
FN:90,bt_addr_eq
FNDA:0,bt_addr_eq
FN:104,bt_addr_le_cmp
FNDA:0,bt_addr_le_cmp
FN:117,bt_addr_le_eq
FNDA:0,bt_addr_le_eq
FN:127,bt_addr_copy
FNDA:0,bt_addr_copy
FN:137,bt_addr_le_copy
FNDA:0,bt_addr_le_copy
DA:80,0
DA:82,0
DA:90,0
DA:92,0
DA:104,0
DA:106,0
DA:117,0
DA:119,0
DA:127,0
DA:129,0
DA:130,0
DA:137,0
DA:139,0
DA:140,0
end_of_record
SF:/home/asset/zephyrproject/zephyr/include/zephyr/sys/atomic_builtin.h
FN:58,atomic_get
FNDA:0,atomic_get
FN:92,atomic_or
FNDA:0,atomic_or
FN:102,atomic_and
FNDA:0,atomic_and
DA:58,0
DA:60,0
DA:92,0
DA:94,0
DA:102,0
DA:104,0
end_of_record
SF:/home/asset/zephyrproject/zephyr/include/zephyr/syscall.h
FN:115,k_is_user_context
FNDA:0,k_is_user_context
DA:115,0
DA:120,0
end_of_record
SF:/home/asset/zephyrproject/zephyr/subsys/bluetooth/host/keys.h
FN:50,bt_irk_eq
FNDA:0,bt_irk_eq
DA:50,0
DA:52,0
end_of_record
SF:/home/asset/zephyrproject/zephyr/include/zephyr/sys/atomic.h
FN:127,atomic_test_bit
FNDA:0,atomic_test_bit
FN:147,atomic_test_and_clear_bit
FNDA:0,atomic_test_and_clear_bit
FN:191,atomic_clear_bit
FNDA:0,atomic_clear_bit
FN:209,atomic_set_bit
FNDA:0,atomic_set_bit
DA:127,0
DA:129,0
DA:131,0
DA:147,0
DA:149,0
DA:152,0
DA:154,0
DA:191,0
DA:193,0
DA:195,0
DA:196,0
DA:209,0
DA:211,0
DA:213,0
DA:214,0
end_of_record
SF:/home/asset/zephyrproject/zephyr/subsys/bluetooth/host/id.c
FN:46,bt_lookup_id_addr
FNDA:0,bt_lookup_id_addr
FN:67,adv_id_check_func
FNDA:0,adv_id_check_func
FN:86,adv_is_private_enabled
FNDA:0,adv_is_private_enabled
FN:97,adv_is_limited_enabled
FNDA:0,adv_is_limited_enabled
FN:107,adv_pause_enabled
FNDA:0,adv_pause_enabled
FN:115,adv_unpause_enabled
FNDA:0,adv_unpause_enabled
FN:123,set_random_address
FNDA:0,set_random_address
FN:152,bt_id_set_adv_random_addr
FNDA:0,bt_id_set_adv_random_addr
FN:201,adv_rpa_expired
FNDA:0,adv_rpa_expired
FN:221,adv_rpa_invalidate
FNDA:0,adv_rpa_invalidate
FN:232,le_rpa_invalidate
FNDA:0,le_rpa_invalidate
FN:431,bt_id_set_private_addr
FNDA:0,bt_id_set_private_addr
FN:459,bt_id_set_adv_private_addr
FNDA:0,bt_id_set_adv_private_addr
FN:488,adv_pause_rpa
FNDA:0,adv_pause_rpa
FN:508,le_adv_rpa_timeout
FNDA:0,le_adv_rpa_timeout
FN:526,adv_enable_rpa
FNDA:0,adv_enable_rpa
FN:543,le_update_private_addr
FNDA:0,le_update_private_addr
FN:611,le_force_rpa_timeout
FNDA:0,le_force_rpa_timeout
FN:656,bt_id_scan_random_addr_check
FNDA:0,bt_id_scan_random_addr_check
FN:703,bt_id_adv_random_addr_check
FNDA:0,bt_id_adv_random_addr_check
FN:770,bt_id_adv_limited_stopped
FNDA:0,bt_id_adv_limited_stopped
FN:776,le_set_privacy_mode
FNDA:0,le_set_privacy_mode
FN:808,addr_res_enable
FNDA:0,addr_res_enable
FN:825,hci_id_add
FNDA:0,hci_id_add
FN:854,pending_id_update
FNDA:0,pending_id_update
FN:869,bt_id_pending_keys_update_set
FNDA:0,bt_id_pending_keys_update_set
FN:875,bt_id_pending_keys_update
FNDA:0,bt_id_pending_keys_update
FN:898,find_rl_conflict
FNDA:0,find_rl_conflict
FN:930,bt_id_find_conflict
FNDA:0,bt_id_find_conflict
FN:941,bt_id_add
FNDA:0,bt_id_add
FN:1065,keys_add_id
FNDA:0,keys_add_id
FN:1072,hci_id_del
FNDA:0,hci_id_del
FN:1090,bt_id_del
FNDA:0,bt_id_del
FN:1194,bt_id_get
FNDA:0,bt_id_get
FN:1206,id_find
FNDA:0,id_find
FN:1219,id_create
FNDA:0,id_create
FN:1280,bt_id_create
FNDA:0,bt_id_create
FN:1335,bt_id_reset
FNDA:0,bt_id_reset
FN:1387,bt_id_delete
FNDA:0,bt_id_delete
FN:1473,bt_id_read_public_addr
FNDA:0,bt_id_read_public_addr
FN:1507,bt_setup_public_id_addr
FNDA:0,bt_setup_public_id_addr
FN:1595,bt_setup_random_id_addr
FNDA:0,bt_setup_random_id_addr
FN:1792,bt_id_set_adv_own_addr
FNDA:0,bt_id_set_adv_own_addr
FN:1918,bt_le_oob_get_local
FNDA:0,bt_le_oob_get_local
FN:2057,bt_le_oob_set_legacy_tk
FNDA:0,bt_le_oob_set_legacy_tk
FN:2068,bt_le_oob_set_sc_data
FNDA:0,bt_le_oob_set_sc_data
FN:2083,bt_le_oob_get_sc_data
FNDA:0,bt_le_oob_get_sc_data
FN:2100,bt_id_init
FNDA:0,bt_id_init
DA:46,0
DA:48,0
BRDA:48,0,0,-
BRDA:48,0,1,-
BRDA:48,0,2,-
BRDA:48,0,3,-
DA:49,0
DA:55,0
DA:56,0
BRDA:56,0,0,-
BRDA:56,0,1,-
DA:57,0
BRDA:57,0,0,-
BRDA:57,0,1,-
BRDA:57,0,2,-
BRDA:57,0,3,-
DA:59,0
DA:63,0
DA:67,0
DA:69,0
DA:79,0
BRDA:79,0,0,-
BRDA:79,0,1,-
BRDA:79,0,2,-
BRDA:79,0,3,-
DA:80,0
DA:81,0
DA:84,0
DA:86,0
DA:88,0
DA:90,0
BRDA:90,0,0,-
BRDA:90,0,1,-
DA:91,0
BRDA:91,0,0,-
BRDA:91,0,1,-
DA:92,0
DA:94,0
DA:97,0
DA:99,0
DA:101,0
BRDA:101,0,0,-
BRDA:101,0,1,-
BRDA:101,0,2,-
BRDA:101,0,3,-
DA:102,0
DA:103,0
DA:105,0
DA:107,0
DA:109,0
BRDA:109,0,0,-
BRDA:109,0,1,-
DA:110,0
DA:111,0
DA:113,0
DA:115,0
DA:117,0
BRDA:117,0,0,-
BRDA:117,0,1,-
DA:118,0
DA:120,0
DA:123,0
DA:128,0
BRDA:128,0,0,-
BRDA:128,0,1,-
BRDA:128,0,2,-
BRDA:128,0,3,-
DA:131,0
BRDA:131,0,0,-
BRDA:131,0,1,-
DA:132,0
DA:135,0
DA:136,0
BRDA:136,0,0,-
BRDA:136,0,1,-
DA:137,0
DA:140,0
DA:142,0
DA:143,0
BRDA:143,0,0,-
BRDA:143,0,1,-
DA:144,0
DA:147,0
DA:148,0
DA:149,0
DA:152,0
DA:159,0
BRDA:159,0,0,-
BRDA:159,0,1,-
BRDA:159,0,2,-
BRDA:159,0,3,-
DA:160,0
DA:165,0
DA:201,0
DA:203,0
DA:212,0
BRDA:212,0,0,-
BRDA:212,0,1,-
DA:213,0
DA:219,0
DA:221,0
DA:226,0
BRDA:226,0,0,-
BRDA:226,0,1,-
DA:227,0
BRDA:227,0,0,-
BRDA:227,0,1,-
DA:228,0
DA:230,0
DA:232,0
DA:237,0
DA:241,0
DA:243,0
DA:431,0
DA:436,0
BRDA:436,0,0,-
BRDA:436,0,1,-
DA:437,0
DA:440,0
DA:441,0
BRDA:441,0,0,-
BRDA:441,0,1,-
DA:442,0
DA:445,0
DA:447,0
DA:448,0
BRDA:448,0,0,-
BRDA:448,0,1,-
DA:449,0
DA:456,0
DA:459,0
DA:464,0
BRDA:464,0,0,-
BRDA:464,0,1,-
DA:465,0
DA:468,0
DA:469,0
BRDA:469,0,0,-
BRDA:469,0,1,-
DA:470,0
DA:473,0
DA:475,0
DA:476,0
BRDA:476,0,0,-
BRDA:476,0,1,-
DA:477,0
DA:484,0
DA:488,0
DA:490,0
DA:493,0
BRDA:493,0,0,-
BRDA:493,0,1,-
DA:494,0
BRDA:494,0,0,-
BRDA:494,0,1,-
DA:495,0
BRDA:495,0,0,-
BRDA:495,0,1,-
DA:498,0
DA:499,0
BRDA:499,0,0,-
BRDA:499,0,1,-
DA:500,0
BRDA:500,0,0,-
BRDA:500,0,1,-
BRDA:500,0,2,-
BRDA:500,0,3,-
DA:503,0
DA:504,0
DA:506,0
DA:508,0
DA:510,0
DA:519,0
DA:523,0
DA:526,0
DA:528,0
BRDA:528,0,0,-
BRDA:528,0,1,-
DA:531,0
DA:532,0
BRDA:532,0,0,-
BRDA:532,0,1,-
DA:533,0
BRDA:533,0,0,-
BRDA:533,0,1,-
BRDA:533,0,2,-
BRDA:533,0,3,-
DA:536,0
DA:537,0
BRDA:537,0,0,-
BRDA:537,0,1,-
DA:538,0
BRDA:538,0,0,-
BRDA:538,0,1,-
BRDA:538,0,2,-
BRDA:538,0,3,-
DA:541,0
DA:543,0
DA:545,0
DA:546,0
DA:547,0
DA:572,0
DA:574,0
BRDA:574,0,0,-
BRDA:574,0,1,-
BRDA:574,0,2,-
BRDA:574,0,3,-
DA:575,0
DA:576,0
BRDA:576,0,0,-
BRDA:576,0,1,-
DA:577,0
DA:578,0
DA:579,0
DA:587,0
DA:588,0
BRDA:588,0,0,-
BRDA:588,0,1,-
DA:589,0
BRDA:589,0,0,-
BRDA:589,0,1,-
BRDA:589,0,2,-
BRDA:589,0,3,-
DA:590,0
DA:599,0
BRDA:599,0,0,-
BRDA:599,0,1,-
DA:600,0
BRDA:600,0,0,-
BRDA:600,0,1,-
DA:601,0
DA:611,0
DA:618,0
DA:619,0
DA:620,0
DA:621,0
DA:656,0
DA:669,0
DA:670,0
BRDA:670,0,0,-
BRDA:670,0,1,-
DA:671,0
DA:675,0
BRDA:675,0,0,-
BRDA:675,0,1,-
DA:676,0
DA:700,0
DA:703,0
DA:705,0
BRDA:705,0,0,-
BRDA:705,0,1,-
DA:706,0
DA:715,0
DA:770,0
DA:772,0
DA:773,0
DA:776,0
DA:783,0
BRDA:783,0,0,-
BRDA:783,0,1,-
DA:784,0
BRDA:784,0,0,-
BRDA:784,0,1,-
BRDA:784,0,2,-
BRDA:784,0,3,-
DA:785,0
DA:788,0
BRDA:788,0,0,-
BRDA:788,0,1,-
BRDA:788,0,2,-
BRDA:788,0,3,-
DA:790,0
DA:791,0
DA:793,0
DA:794,0
BRDA:794,0,0,-
BRDA:794,0,1,-
DA:795,0
DA:798,0
DA:800,0
DA:801,0
BRDA:801,0,0,-
BRDA:801,0,1,-
DA:802,0
DA:805,0
DA:808,0
DA:812,0
BRDA:812,0,0,-
BRDA:812,0,1,-
BRDA:812,0,2,-
BRDA:812,0,3,-
BRDA:812,0,4,-
BRDA:812,0,5,-
DA:814,0
DA:815,0
BRDA:815,0,0,-
BRDA:815,0,1,-
DA:816,0
DA:819,0
DA:821,0
DA:825,0
DA:830,0
BRDA:830,0,0,-
BRDA:830,0,1,-
DA:831,0
DA:834,0
BRDA:834,0,0,-
BRDA:834,0,1,-
BRDA:834,0,2,-
BRDA:834,0,3,-
DA:836,0
DA:837,0
BRDA:837,0,0,-
BRDA:837,0,1,-
DA:838,0
DA:841,0
DA:842,0
DA:843,0
DA:848,0
DA:851,0
DA:854,0
DA:856,0
BRDA:856,0,0,-
BRDA:856,0,1,-
DA:857,0
DA:858,0
DA:859,0
DA:862,0
BRDA:862,0,0,-
BRDA:862,0,1,-
DA:863,0
DA:864,0
DA:865,0
DA:869,0
DA:871,0
DA:872,0
DA:873,0
DA:875,0
DA:877,0
BRDA:877,0,0,-
BRDA:877,0,1,-
DA:882,0
DA:885,0
DA:898,0
DA:900,0
DA:910,0
BRDA:910,0,0,-
BRDA:910,0,1,-
DA:911,0
DA:915,0
BRDA:915,0,0,-
BRDA:915,0,1,-
DA:916,0
DA:919,0
DA:922,0
BRDA:922,0,0,-
BRDA:922,0,1,-
BRDA:922,0,2,-
BRDA:922,0,3,-
DA:923,0
DA:925,0
BRDA:925,0,0,-
BRDA:925,0,1,-
BRDA:925,0,2,-
BRDA:925,0,3,-
DA:926,0
DA:930,0
DA:932,0
DA:936,0
DA:938,0
DA:941,0
DA:943,0
BRDA:943,0,0,-
BRDA:943,0,1,-
DA:944,0
DA:950,0
BRDA:950,0,0,-
BRDA:950,0,1,-
BRDA:950,0,2,-
BRDA:950,0,3,-
DA:956,0
BRDA:956,0,0,-
BRDA:956,0,1,-
BRDA:956,0,2,-
BRDA:956,0,3,-
DA:957,0
DA:958,0
DA:959,0
DA:962,0
DA:963,0
BRDA:963,0,0,-
BRDA:963,0,1,-
DA:964,0
DA:965,0
DA:966,0
DA:991,0
DA:1001,0
BRDA:1001,0,0,-
BRDA:1001,0,1,-
DA:1002,0
DA:1003,0
BRDA:1003,0,0,-
BRDA:1003,0,1,-
DA:1004,0
BRDA:1004,0,0,-
BRDA:1004,0,1,-
BRDA:1004,0,2,-
BRDA:1004,0,3,-
DA:1005,0
DA:1009,0
BRDA:1009,0,0,-
BRDA:1009,0,1,-
DA:1010,0
BRDA:1010,0,0,-
BRDA:1010,0,1,-
BRDA:1010,0,2,-
BRDA:1010,0,3,-
DA:1012,0
DA:1013,0
BRDA:1013,0,0,-
BRDA:1013,0,1,-
DA:1014,0
BRDA:1014,0,0,-
BRDA:1014,0,1,-
BRDA:1014,0,2,-
BRDA:1014,0,3,-
DA:1015,0
DA:1018,0
DA:1019,0
DA:1021,0
DA:1024,0
DA:1025,0
BRDA:1025,0,0,-
BRDA:1025,0,1,-
DA:1026,0
BRDA:1026,0,0,-
BRDA:1026,0,1,-
BRDA:1026,0,2,-
BRDA:1026,0,3,-
DA:1027,0
DA:1030,0
DA:1031,0
DA:1045,0
DA:1046,0
BRDA:1046,0,0,-
BRDA:1046,0,1,-
DA:1047,0
BRDA:1047,0,0,-
BRDA:1047,0,1,-
BRDA:1047,0,2,-
BRDA:1047,0,3,-
DA:1048,0
DA:1051,0
DA:1052,0
DA:1061,0
DA:1065,0
DA:1067,0
BRDA:1067,0,0,-
BRDA:1067,0,1,-
DA:1068,0
DA:1070,0
DA:1072,0
DA:1077,0
BRDA:1077,0,0,-
BRDA:1077,0,1,-
BRDA:1077,0,2,-
BRDA:1077,0,3,-
DA:1079,0
DA:1080,0
BRDA:1080,0,0,-
BRDA:1080,0,1,-
DA:1081,0
DA:1084,0
DA:1085,0
DA:1087,0
DA:1090,0
DA:1095,0
BRDA:1095,0,0,-
BRDA:1095,0,1,-
DA:1096,0
DA:1099,0
BRDA:1099,0,0,-
BRDA:1099,0,1,-
BRDA:1099,0,2,-
BRDA:1099,0,3,-
DA:1101,0
BRDA:1101,0,0,-
BRDA:1101,0,1,-
DA:1102,0
BRDA:1102,0,0,-
BRDA:1102,0,1,-
DA:1104,0
BRDA:1104,0,0,-
BRDA:1104,0,1,-
DA:1105,0
DA:1107,0
DA:1108,0
DA:1111,0
DA:1112,0
BRDA:1112,0,0,-
BRDA:1112,0,1,-
DA:1113,0
DA:1114,0
DA:1115,0
DA:1139,0
DA:1148,0
DA:1149,0
BRDA:1149,0,0,-
BRDA:1149,0,1,-
DA:1150,0
BRDA:1150,0,0,-
BRDA:1150,0,1,-
BRDA:1150,0,2,-
BRDA:1150,0,3,-
DA:1151,0
DA:1155,0
BRDA:1155,0,0,-
BRDA:1155,0,1,-
DA:1156,0
DA:1157,0
DA:1162,0
DA:1164,0
DA:1167,0
DA:1168,0
BRDA:1168,0,0,-
BRDA:1168,0,1,-
DA:1169,0
BRDA:1169,0,0,-
BRDA:1169,0,1,-
BRDA:1169,0,2,-
BRDA:1169,0,3,-
DA:1170,0
DA:1173,0
DA:1174,0
DA:1176,0
DA:1178,0
BRDA:1178,0,0,-
BRDA:1178,0,1,-
DA:1179,0
DA:1189,0
DA:1194,0
DA:1196,0
BRDA:1196,0,0,-
BRDA:1196,0,1,-
DA:1197,0
DA:1199,0
DA:1200,0
DA:1202,0
DA:1204,0
DA:1206,0
DA:1210,0
BRDA:1210,0,0,-
BRDA:1210,0,1,-
DA:1211,0
BRDA:1211,0,0,-
BRDA:1211,0,1,-
DA:1212,0
DA:1216,0
DA:1219,0
DA:1221,0
BRDA:1221,0,0,-
BRDA:1221,0,1,-
BRDA:1221,0,2,-
BRDA:1221,0,3,-
DA:1222,0
DA:1229,0
DA:1230,0
BRDA:1230,0,0,-
BRDA:1230,0,1,-
DA:1231,0
DA:1234,0
BRDA:1234,0,0,-
BRDA:1234,0,1,-
DA:1236,0
DA:1238,0
BRDA:1238,0,0,-
BRDA:1238,0,1,-
DA:1239,0
DA:1271,0
BRDA:1271,0,0,-
BRDA:1271,0,1,-
DA:1272,0
DA:1273,0
DA:1274,0
DA:1277,0
DA:1280,0
DA:1284,0
BRDA:1284,0,0,-
BRDA:1284,0,1,-
DA:1285,0
DA:1288,0
BRDA:1288,0,0,-
BRDA:1288,0,1,-
BRDA:1288,0,2,-
BRDA:1288,0,3,-
DA:1289,0
BRDA:1289,0,0,-
BRDA:1289,0,1,-
DA:1290,0
DA:1301,0
BRDA:1301,0,0,-
BRDA:1301,0,1,-
BRDA:1301,0,2,-
BRDA:1301,0,3,-
DA:1302,0
BRDA:1302,0,0,-
BRDA:1302,0,1,-
BRDA:1302,0,2,-
BRDA:1302,0,3,-
DA:1303,0
DA:1307,0
BRDA:1307,0,0,-
BRDA:1307,0,1,-
DA:1308,0
DA:1312,0
BRDA:1312,0,0,-
BRDA:1312,0,1,-
DA:1313,0
DA:1315,0
BRDA:1315,0,0,-
BRDA:1315,0,1,-
BRDA:1315,0,2,-
BRDA:1315,0,3,-
DA:1316,0
DA:1325,0
DA:1326,0
DA:1327,0
BRDA:1327,0,0,-
BRDA:1327,0,1,-
DA:1328,0
DA:1329,0
DA:1332,0
DA:1335,0
DA:1339,0
BRDA:1339,0,0,-
BRDA:1339,0,1,-
BRDA:1339,0,2,-
BRDA:1339,0,3,-
DA:1340,0
BRDA:1340,0,0,-
BRDA:1340,0,1,-
DA:1341,0
BRDA:1341,0,0,-
BRDA:1341,0,1,-
DA:1342,0
BRDA:1342,0,0,-
BRDA:1342,0,1,-
BRDA:1342,0,2,-
BRDA:1342,0,3,-
DA:1343,0
DA:1346,0
BRDA:1346,0,0,-
BRDA:1346,0,1,-
DA:1347,0
DA:1351,0
BRDA:1351,0,0,-
BRDA:1351,0,1,-
DA:1352,0
DA:1355,0
BRDA:1355,0,0,-
BRDA:1355,0,1,-
BRDA:1355,0,2,-
BRDA:1355,0,3,-
DA:1356,0
DA:1360,0
DA:1365,0
DA:1366,0
BRDA:1366,0,0,-
BRDA:1366,0,1,-
DA:1367,0
DA:1371,0
DA:1372,0
BRDA:1372,0,0,-
BRDA:1372,0,1,-
DA:1373,0
DA:1374,0
BRDA:1374,0,0,-
BRDA:1374,0,1,-
DA:1375,0
DA:1379,0
DA:1380,0
BRDA:1380,0,0,-
BRDA:1380,0,1,-
DA:1381,0
DA:1384,0
DA:1387,0
DA:1389,0
BRDA:1389,0,0,-
BRDA:1389,0,1,-
BRDA:1389,0,2,-
BRDA:1389,0,3,-
DA:1390,0
DA:1393,0
BRDA:1393,0,0,-
BRDA:1393,0,1,-
DA:1394,0
DA:1398,0
DA:1403,0
DA:1404,0
BRDA:1404,0,0,-
BRDA:1404,0,1,-
DA:1405,0
DA:1412,0
DA:1413,0
BRDA:1413,0,0,-
BRDA:1413,0,1,-
DA:1414,0
DA:1421,0
DA:1423,0
BRDA:1423,0,0,-
BRDA:1423,0,1,-
DA:1424,0
DA:1427,0
BRDA:1427,0,0,-
BRDA:1427,0,1,-
DA:1428,0
DA:1429,0
DA:1430,0
DA:1433,0
DA:1473,0
DA:1479,0
BRDA:1479,0,0,-
BRDA:1479,0,1,-
DA:1480,0
BRDA:1480,0,0,-
BRDA:1480,0,1,-
BRDA:1480,0,2,-
BRDA:1480,0,3,-
DA:1481,0
DA:1485,0
DA:1486,0
BRDA:1486,0,0,-
BRDA:1486,0,1,-
DA:1487,0
BRDA:1487,0,0,-
BRDA:1487,0,1,-
BRDA:1487,0,2,-
BRDA:1487,0,3,-
DA:1488,0
DA:1491,0
DA:1493,0
BRDA:1493,0,0,-
BRDA:1493,0,1,-
BRDA:1493,0,2,-
BRDA:1493,0,3,-
DA:1494,0
DA:1495,0
BRDA:1495,0,0,-
BRDA:1495,0,1,-
BRDA:1495,0,2,-
BRDA:1495,0,3,-
DA:1496,0
DA:1497,0
DA:1500,0
DA:1501,0
DA:1503,0
DA:1504,0
DA:1507,0
DA:1510,0
DA:1512,0
DA:1514,0
BRDA:1514,0,0,-
BRDA:1514,0,1,-
DA:1515,0
DA:1541,0
DA:1595,0
DA:1650,0
DA:1792,0
DA:1796,0
DA:1798,0
BRDA:1798,0,0,-
BRDA:1798,0,1,-
BRDA:1798,0,2,-
BRDA:1798,0,3,-
DA:1799,0
DA:1803,0
DA:1806,0
BRDA:1806,0,0,-
BRDA:1806,0,1,-
DA:1807,0
BRDA:1807,0,0,-
BRDA:1807,0,1,-
DA:1808,0
BRDA:1808,0,0,-
BRDA:1808,0,1,-
BRDA:1808,0,2,-
BRDA:1808,0,3,-
DA:1810,0
DA:1813,0
DA:1814,0
BRDA:1814,0,0,-
BRDA:1814,0,1,-
DA:1815,0
DA:1817,0
DA:1819,0
DA:1822,0
BRDA:1822,0,0,-
BRDA:1822,0,1,-
DA:1823,0
BRDA:1823,0,0,-
BRDA:1823,0,1,-
BRDA:1823,0,2,-
BRDA:1823,0,3,-
DA:1824,0
BRDA:1824,0,0,-
BRDA:1824,0,1,-
DA:1825,0
DA:1847,0
BRDA:1847,0,0,-
BRDA:1847,0,1,-
DA:1848,0
DA:1849,0
BRDA:1849,0,0,-
BRDA:1849,0,1,-
DA:1850,0
DA:1854,0
DA:1856,0
BRDA:1856,0,0,-
BRDA:1856,0,1,-
BRDA:1856,0,2,-
BRDA:1856,0,3,-
DA:1857,0
DA:1861,0
BRDA:1861,0,0,-
BRDA:1861,0,1,-
DA:1862,0
BRDA:1862,0,0,-
BRDA:1862,0,1,-
DA:1863,0
DA:1866,0
DA:1884,0
DA:1885,0
DA:1897,0
BRDA:1897,0,0,-
BRDA:1897,0,1,-
DA:1898,0
DA:1902,0
DA:1918,0
DA:1920,0
DA:1923,0
BRDA:1923,0,0,-
BRDA:1923,0,1,-
DA:1924,0
DA:1927,0
BRDA:1927,0,0,-
BRDA:1927,0,1,-
DA:1928,0
DA:1931,0
BRDA:1931,0,0,-
BRDA:1931,0,1,-
DA:1932,0
DA:1936,0
DA:1983,0
DA:1987,0
DA:1988,0
BRDA:1988,0,0,-
BRDA:1988,0,1,-
BRDA:1988,0,2,-
BRDA:1988,0,3,-
DA:1989,0
DA:1993,0
DA:2057,0
DA:2059,0
BRDA:2059,0,0,-
BRDA:2059,0,1,-
BRDA:2059,0,2,-
BRDA:2059,0,3,-
DA:2060,0
DA:2063,0
DA:2068,0
DA:2072,0
BRDA:2072,0,0,-
BRDA:2072,0,1,-
DA:2073,0
DA:2076,0
BRDA:2076,0,0,-
BRDA:2076,0,1,-
DA:2077,0
DA:2080,0
DA:2083,0
DA:2087,0
BRDA:2087,0,0,-
BRDA:2087,0,1,-
DA:2088,0
DA:2091,0
BRDA:2091,0,0,-
BRDA:2091,0,1,-
DA:2092,0
DA:2095,0
DA:2100,0
DA:2144,0
end_of_record
SF:/home/asset/zephyrproject/zephyr/include/zephyr/logging/log_msg.h
FN:709,z_log_msg_runtime_create
FNDA:0,z_log_msg_runtime_create
DA:709,0
DA:717,0
DA:718,0
DA:720,0
DA:721,0
end_of_record
SF:/home/asset/zephyrproject/zephyr/include/zephyr/net/buf.h
FN:1494,net_buf_add
FNDA:0,net_buf_add
FN:1511,net_buf_add_mem
FNDA:0,net_buf_add_mem
FN:1528,net_buf_add_u8
FNDA:0,net_buf_add_u8
DA:1494,0
DA:1496,0
DA:1511,0
DA:1514,0
DA:1528,0
DA:1530,0
end_of_record
TN:
SF:/home/asset/zephyrproject/zephyr/include/zephyr/bluetooth/gatt.h
FN:521,bt_gatt_foreach_attr
FNDA:0,bt_gatt_foreach_attr
DA:521,0
DA:525,0
DA:527,0
end_of_record
SF:/home/asset/zephyrproject/zephyr/include/zephyr/syscall.h
FN:115,k_is_user_context
FNDA:0,k_is_user_context
DA:115,0
DA:120,0
end_of_record
SF:/home/asset/zephyrproject/zephyr/include/zephyr/sys/atomic.h
FN:127,atomic_test_bit
FNDA:0,atomic_test_bit
FN:147,atomic_test_and_clear_bit
FNDA:0,atomic_test_and_clear_bit
FN:170,atomic_test_and_set_bit
FNDA:0,atomic_test_and_set_bit
FN:191,atomic_clear_bit
FNDA:0,atomic_clear_bit
FN:209,atomic_set_bit
[...]
BRDA:1960,0,6,-
BRDA:1960,0,7,-
BRDA:1960,0,8,-
BRDA:1960,0,9,-
BRDA:1960,0,10,-
BRDA:1960,0,11,-
DA:1962,0
BRDA:1962,0,0,-
BRDA:1962,0,1,-
DA:1963,0
DA:1967,0
DA:1969,0
DA:1971,0
DA:1973,0
DA:1974,0
DA:1976,0
DA:1978,0
BRDA:1978,0,0,-
BRDA:1978,0,1,-
DA:1979,0
DA:1983,0
BRDA:1983,0,0,-
BRDA:1983,0,1,-
BRDA:1983,0,2,-
BRDA:1983,0,3,-
DA:1984,0
DA:1986,0
DA:1997,0
DA:2003,0
DA:2005,0
BRDA:2005,0,0,-
BRDA:2005,0,1,-
BRDA:2005,0,2,-
BRDA:2005,0,3,-
BRDA:2005,0,4,-
BRDA:2005,0,5,-
BRDA:2005,0,6,-
DA:2006,0
DA:2007,0
DA:2008,0
DA:2009,0
DA:2010,0
DA:2011,0
DA:2012,0
DA:2013,0
DA:2014,0
DA:2015,0
DA:2016,0
DA:2017,0
DA:2018,0
DA:2019,0
DA:2025,0
DA:2027,0
BRDA:2027,0,0,-
BRDA:2027,0,1,-
BRDA:2027,0,2,-
BRDA:2027,0,3,-
DA:2028,0
BRDA:2028,0,0,-
BRDA:2028,0,1,-
DA:2029,0
BRDA:2029,0,0,-
BRDA:2029,0,1,-
DA:2030,0
DA:2032,0
DA:2035,0
DA:2038,0
DA:2043,0
DA:2045,0
DA:2046,0
DA:2047,0
DA:2050,0
BRDA:2050,0,0,-
BRDA:2050,0,1,-
BRDA:2050,0,2,-
BRDA:2050,0,3,-
DA:2052,0
DA:2053,0
BRDA:2053,0,0,-
BRDA:2053,0,1,-
DA:2054,0
BRDA:2054,0,0,-
BRDA:2054,0,1,-
BRDA:2054,0,2,-
BRDA:2054,0,3,-
DA:2055,0
DA:2058,0
BRDA:2058,0,0,-
BRDA:2058,0,1,-
DA:2059,0
DA:2061,0
DA:2062,0
DA:2065,0
DA:2068,0
BRDA:2068,0,0,-
BRDA:2068,0,1,-
DA:2077,0
BRDA:2077,0,0,-
BRDA:2077,0,1,-
DA:2078,0
DA:2081,0
BRDA:2081,0,0,-
BRDA:2081,0,1,-
DA:2082,0
DA:2106,0
DA:2108,0
BRDA:2108,0,0,-
BRDA:2108,0,1,-
DA:2109,0
BRDA:2109,0,0,-
BRDA:2109,0,1,-
BRDA:2109,0,2,-
BRDA:2109,0,3,-
DA:2110,0
DA:2113,0
DA:2116,0
DA:2118,0
DA:2119,0
DA:2123,0
DA:2125,0
BRDA:2125,0,0,-
BRDA:2125,0,1,-
BRDA:2125,0,2,-
BRDA:2125,0,3,-
DA:2127,0
DA:2128,0
BRDA:2128,0,0,-
BRDA:2128,0,1,-
DA:2129,0
BRDA:2129,0,0,-
BRDA:2129,0,1,-
BRDA:2129,0,2,-
BRDA:2129,0,3,-
DA:2130,0
DA:2133,0
BRDA:2133,0,0,-
BRDA:2133,0,1,-
DA:2134,0
DA:2136,0
DA:2137,0
DA:2147,0
BRDA:2147,0,0,-
BRDA:2147,0,1,-
DA:2148,0
DA:2150,0
BRDA:2150,0,0,-
BRDA:2150,0,1,-
DA:2151,0
DA:2164,0
DA:2165,0
BRDA:2165,0,0,-
BRDA:2165,0,1,-
DA:2166,0
BRDA:2166,0,0,-
BRDA:2166,0,1,-
BRDA:2166,0,2,-
BRDA:2166,0,3,-
DA:2167,0
DA:2170,0
DA:2206,0
DA:2210,0
DA:2212,0
BRDA:2212,0,0,-
BRDA:2212,0,1,-
BRDA:2212,0,2,-
BRDA:2212,0,3,-
DA:2213,0
DA:2216,0
DA:2221,0
DA:2222,0
BRDA:2222,0,0,-
BRDA:2222,0,1,-
DA:2223,0
BRDA:2223,0,0,-
BRDA:2223,0,1,-
BRDA:2223,0,2,-
BRDA:2223,0,3,-
DA:2225,0
DA:2228,0
DA:2229,0
DA:2231,0
DA:2234,0
DA:2239,0
DA:2241,0
BRDA:2241,0,0,-
BRDA:2241,0,1,-
DA:2242,0
BRDA:2242,0,0,-
BRDA:2242,0,1,-
BRDA:2242,0,2,-
BRDA:2242,0,3,-
DA:2243,0
DA:2246,0
DA:2247,0
DA:2248,0
DA:2250,0
DA:2253,0
DA:2255,0
DA:2260,0
DA:2262,0
BRDA:2262,0,0,-
BRDA:2262,0,1,-
BRDA:2262,0,2,-
BRDA:2262,0,3,-
DA:2264,0
DA:2265,0
BRDA:2265,0,0,-
BRDA:2265,0,1,-
DA:2266,0
BRDA:2266,0,0,-
BRDA:2266,0,1,-
BRDA:2266,0,2,-
BRDA:2266,0,3,-
DA:2267,0
DA:2270,0
BRDA:2270,0,0,-
BRDA:2270,0,1,-
DA:2271,0
DA:2273,0
DA:2276,0
DA:2280,0
DA:2282,0
DA:2285,0
BRDA:2285,0,0,-
BRDA:2285,0,1,-
BRDA:2285,0,2,-
BRDA:2285,0,3,-
DA:2287,0
BRDA:2287,0,0,-
BRDA:2287,0,1,-
DA:2288,0
DA:2299,0
DA:2300,0
DA:2303,0
DA:2306,0
DA:2308,0
BRDA:2308,0,0,-
BRDA:2308,0,1,-
BRDA:2308,0,2,-
BRDA:2308,0,3,-
DA:2313,0
BRDA:2313,0,0,-
BRDA:2313,0,1,-
DA:2314,0
DA:2318,0
DA:2320,0
BRDA:2320,0,0,-
BRDA:2320,0,1,-
DA:2321,0
BRDA:2321,0,0,-
BRDA:2321,0,1,-
BRDA:2321,0,2,-
BRDA:2321,0,3,-
DA:2322,0
DA:2325,0
BRDA:2325,0,0,-
BRDA:2325,0,1,-
DA:2326,0
BRDA:2326,0,0,-
BRDA:2326,0,1,-
BRDA:2326,0,2,-
BRDA:2326,0,3,-
DA:2328,0
DA:2330,0
DA:2336,0
BRDA:2336,0,0,-
BRDA:2336,0,1,-
DA:2337,0
DA:2338,0
DA:2339,0
DA:2340,0
DA:2343,0
BRDA:2343,0,0,-
BRDA:2343,0,1,-
BRDA:2343,0,2,-
BRDA:2343,0,3,-
DA:2344,0
DA:2346,0
DA:2350,0
BRDA:2350,0,0,-
BRDA:2350,0,1,-
DA:2351,0
DA:2352,0
DA:2355,0
DA:2356,0
BRDA:2356,0,0,-
BRDA:2356,0,1,-
DA:2357,0
DA:2359,0
DA:2361,0
DA:2367,0
DA:2368,0
DA:2369,0
DA:2371,0
BRDA:2371,0,0,-
BRDA:2371,0,1,-
BRDA:2371,0,2,-
BRDA:2371,0,3,-
DA:2376,0
DA:2381,0
BRDA:2381,0,0,-
BRDA:2381,0,1,-
DA:2382,0
BRDA:2382,0,0,-
BRDA:2382,0,1,-
BRDA:2382,0,2,-
BRDA:2382,0,3,-
DA:2383,0
DA:2386,0
DA:2389,0
BRDA:2389,0,0,-
BRDA:2389,0,1,-
DA:2390,0
DA:2394,0
DA:2400,0
DA:2401,0
DA:2402,0
DA:2404,0
BRDA:2404,0,0,-
BRDA:2404,0,1,-
BRDA:2404,0,2,-
BRDA:2404,0,3,-
DA:2406,0
DA:2409,0
BRDA:2409,0,0,-
BRDA:2409,0,1,-
DA:2410,0
DA:2412,0
DA:2414,0
DA:2416,0
BRDA:2416,0,0,-
BRDA:2416,0,1,-
DA:2417,0
DA:2420,0
DA:2421,0
DA:2483,0
DA:2485,0
DA:2508,0
DA:2645,0
DA:2649,0
DA:2651,0
BRDA:2651,0,0,-
BRDA:2651,0,1,-
BRDA:2651,0,2,-
BRDA:2651,0,3,-
DA:2653,0
DA:2654,0
DA:2729,0
DA:2733,0
BRDA:2733,0,0,-
BRDA:2733,0,1,-
DA:2734,0
BRDA:2734,0,0,-
BRDA:2734,0,1,-
BRDA:2734,0,2,-
BRDA:2734,0,3,-
DA:2735,0
DA:2736,0
DA:2739,0
DA:2740,0
BRDA:2740,0,0,-
BRDA:2740,0,1,-
BRDA:2740,0,2,-
BRDA:2740,0,3,-
DA:2741,0
BRDA:2741,0,0,-
BRDA:2741,0,1,-
DA:2743,0
DA:2745,0
DA:2748,0
DA:2754,0
BRDA:2754,0,0,-
BRDA:2754,0,1,-
BRDA:2754,0,2,-
BRDA:2754,0,3,-
DA:2755,0
DA:2756,0
BRDA:2756,0,0,-
BRDA:2756,0,1,-
DA:2759,0
BRDA:2759,0,0,-
BRDA:2759,0,1,-
BRDA:2759,0,2,-
BRDA:2759,0,3,-
DA:2760,0
DA:2763,0
BRDA:2763,0,0,-
BRDA:2763,0,1,-
DA:2764,0
BRDA:2764,0,0,-
BRDA:2764,0,1,-
BRDA:2764,0,2,-
BRDA:2764,0,3,-
DA:2765,0
DA:2766,0
DA:2769,0
DA:2771,0
BRDA:2771,0,0,-
BRDA:2771,0,1,-
BRDA:2771,0,2,-
BRDA:2771,0,3,-
DA:2773,0
DA:2774,0
BRDA:2774,0,0,-
BRDA:2774,0,1,-
DA:2775,0
BRDA:2775,0,0,-
BRDA:2775,0,1,-
BRDA:2775,0,2,-
BRDA:2775,0,3,-
DA:2776,0
DA:2777,0
DA:2778,0
DA:2780,0
DA:2782,0
DA:2784,0
BRDA:2784,0,0,-
BRDA:2784,0,1,-
BRDA:2784,0,2,-
BRDA:2784,0,3,-
DA:2786,0
BRDA:2786,0,0,-
BRDA:2786,0,1,-
DA:2787,0
BRDA:2787,0,0,-
BRDA:2787,0,1,-
BRDA:2787,0,2,-
BRDA:2787,0,3,-
DA:2789,0
BRDA:2789,0,0,-
BRDA:2789,0,1,-
BRDA:2789,0,2,-
BRDA:2789,0,3,-
BRDA:2789,0,4,-
DA:2790,0
DA:2791,0
DA:2792,0
DA:2798,0
DA:2799,0
DA:2800,0
BRDA:2800,0,0,-
BRDA:2800,0,1,-
DA:2801,0
DA:2806,0
BRDA:2806,0,0,-
BRDA:2806,0,1,-
DA:2807,0
DA:2810,0
DA:2813,0
DA:2814,0
DA:2815,0
DA:2816,0
DA:2817,0
BRDA:2817,0,0,-
BRDA:2817,0,1,-
BRDA:2817,0,2,-
BRDA:2817,0,3,-
DA:2818,0
DA:2821,0
DA:2841,1
DA:2850,1
BRDA:2850,0,0,1
BRDA:2850,0,1,0
BRDA:2850,0,2,0
BRDA:2850,0,3,0
DA:2852,0
DA:2855,1
DA:2856,1
DA:2860,1
DA:2863,1
BRDA:2863,0,0,1
BRDA:2863,0,1,0
BRDA:2863,0,2,0
BRDA:2863,0,3,0
DA:2865,1
DA:2866,0
BRDA:2866,0,0,-
BRDA:2866,0,1,-
DA:2868,0
DA:2873,0
DA:2878,0
DA:2880,0
DA:2882,0
BRDA:2882,0,0,-
BRDA:2882,0,1,-
BRDA:2882,0,2,-
BRDA:2882,0,3,-
DA:2884,0
DA:2885,0
DA:2886,0
DA:2887,0
DA:2888,0
DA:2889,0
DA:2891,0
DA:2893,0
DA:2895,0
BRDA:2895,0,0,-
BRDA:2895,0,1,-
BRDA:2895,0,2,-
BRDA:2895,0,3,-
DA:2897,0
DA:2898,0
DA:2902,0
DA:2904,0
DA:2907,0
BRDA:2907,0,0,-
BRDA:2907,0,1,-
BRDA:2907,0,2,-
BRDA:2907,0,3,-
DA:2910,0
BRDA:2910,0,0,-
BRDA:2910,0,1,-
DA:2911,0
DA:2914,0
DA:2915,0
DA:2917,0
BRDA:2917,0,0,-
BRDA:2917,0,1,-
BRDA:2917,0,2,-
BRDA:2917,0,3,-
DA:2919,0
DA:2924,0
DA:2926,0
DA:2928,0
BRDA:2928,0,0,-
BRDA:2928,0,1,-
BRDA:2928,0,2,-
BRDA:2928,0,3,-
DA:2931,0
DA:2933,0
BRDA:2933,0,0,-
BRDA:2933,0,1,-
BRDA:2933,0,2,-
BRDA:2933,0,3,-
DA:2934,0
DA:2937,0
DA:2939,0
BRDA:2939,0,0,-
BRDA:2939,0,1,-
BRDA:2939,0,2,-
BRDA:2939,0,3,-
DA:2941,0
DA:2945,0
DA:2977,0
DA:2979,0
DA:2984,0
DA:2985,0
BRDA:2985,0,0,-
BRDA:2985,0,1,-
DA:2986,0
DA:2989,0
DA:2990,0
DA:2991,0
DA:2993,0
DA:2996,0
DA:2998,0
DA:3000,0
BRDA:3000,0,0,-
BRDA:3000,0,1,-
BRDA:3000,0,2,-
BRDA:3000,0,3,-
DA:3002,0
DA:3011,0
DA:3013,0
DA:3015,0
DA:3017,0
BRDA:3017,0,0,-
BRDA:3017,0,1,-
BRDA:3017,0,2,-
BRDA:3017,0,3,-
DA:3019,0
DA:3020,0
DA:3022,0
DA:3024,0
DA:3026,0
BRDA:3026,0,0,-
BRDA:3026,0,1,-
BRDA:3026,0,2,-
BRDA:3026,0,3,-
DA:3028,0
DA:3029,0
DA:3032,0
DA:3034,0
DA:3036,0
BRDA:3036,0,0,-
BRDA:3036,0,1,-
BRDA:3036,0,2,-
BRDA:3036,0,3,-
DA:3038,0
DA:3039,0
DA:3042,0
DA:3047,0
BRDA:3047,0,0,-
BRDA:3047,0,1,-
DA:3049,0
DA:3050,0
BRDA:3050,0,0,-
BRDA:3050,0,1,-
DA:3051,0
DA:3053,0
DA:3054,0
DA:3058,0
DA:3059,0
BRDA:3059,0,0,-
BRDA:3059,0,1,-
DA:3060,0
DA:3062,0
DA:3063,0
DA:3066,0
DA:3068,0
BRDA:3068,0,0,-
BRDA:3068,0,1,-
DA:3069,0
DA:3071,0
DA:3072,0
DA:3075,0
DA:3077,0
BRDA:3077,0,0,-
BRDA:3077,0,1,-
DA:3078,0
DA:3080,0
DA:3081,0
DA:3087,0
DA:3088,0
BRDA:3088,0,0,-
BRDA:3088,0,1,-
DA:3089,0
DA:3094,0
DA:3095,0
BRDA:3095,0,0,-
BRDA:3095,0,1,-
DA:3096,0
DA:3100,0
DA:3103,0
DA:3107,0
DA:3110,0
DA:3111,0
BRDA:3111,0,0,-
BRDA:3111,0,1,-
DA:3112,0
DA:3115,0
DA:3117,0
DA:3134,0
DA:3135,0
BRDA:3135,0,0,-
BRDA:3135,0,1,-
DA:3143,0
DA:3145,0
DA:3148,0
DA:3149,0
DA:3151,0
BRDA:3151,0,0,-
BRDA:3151,0,1,-
DA:3152,0
DA:3155,0
DA:3156,0
BRDA:3156,0,0,-
BRDA:3156,0,1,-
DA:3157,0
DA:3160,0
DA:3161,0
BRDA:3161,0,0,-
BRDA:3161,0,1,-
DA:3162,0
BRDA:3162,0,0,-
BRDA:3162,0,1,-
DA:3163,0
DA:3170,0
DA:3171,0
BRDA:3171,0,0,-
BRDA:3171,0,1,-
DA:3172,0
DA:3179,0
DA:3180,0
BRDA:3180,0,0,-
BRDA:3180,0,1,-
DA:3181,0
BRDA:3181,0,0,-
BRDA:3181,0,1,-
DA:3182,0
DA:3183,0
DA:3239,0
DA:3240,0
DA:3243,0
DA:3257,0
BRDA:3257,0,0,-
BRDA:3257,0,1,-
DA:3259,0
DA:3261,0
BRDA:3261,0,0,-
BRDA:3261,0,1,-
DA:3262,0
DA:3265,0
DA:3267,0
DA:3275,0
DA:3277,0
BRDA:3277,0,0,-
BRDA:3277,0,1,-
DA:3278,0
DA:3281,0
DA:3283,0
DA:3286,0
DA:3289,0
DA:3296,0
BRDA:3296,0,0,-
BRDA:3296,0,1,-
DA:3297,0
BRDA:3297,0,0,-
BRDA:3297,0,1,-
BRDA:3297,0,2,-
BRDA:3297,0,3,-
DA:3298,0
DA:3302,0
DA:3304,0
BRDA:3304,0,0,-
BRDA:3304,0,1,-
DA:3305,0
DA:3308,0
DA:3309,0
DA:3319,0
DA:3321,0
BRDA:3321,0,0,-
BRDA:3321,0,1,-
DA:3322,0
DA:3325,0
DA:3327,0
DA:3330,0
BRDA:3330,0,0,-
BRDA:3330,0,1,-
DA:3331,0
DA:3333,0
BRDA:3333,0,0,-
BRDA:3333,0,1,-
DA:3334,0
DA:3337,0
DA:3340,0
DA:3341,0
DA:3342,0
DA:3344,0
BRDA:3344,0,0,-
BRDA:3344,0,1,-
DA:3345,0
DA:3350,0
BRDA:3350,0,0,-
BRDA:3350,0,1,-
DA:3351,0
DA:3353,0
BRDA:3353,0,0,-
BRDA:3353,0,1,-
DA:3354,0
DA:3357,0
DA:3358,0
DA:3361,0
DA:3364,0
BRDA:3364,0,0,-
BRDA:3364,0,1,-
DA:3368,0
DA:3369,0
BRDA:3369,0,0,-
BRDA:3369,0,1,-
DA:3370,0
DA:3373,0
DA:3375,0
BRDA:3375,0,0,-
BRDA:3375,0,1,-
DA:3376,0
DA:3379,0
DA:3380,0
DA:3381,0
DA:3383,0
DA:3385,0
BRDA:3385,0,0,-
BRDA:3385,0,1,-
DA:3386,0
DA:3391,0
BRDA:3391,0,0,-
BRDA:3391,0,1,-
DA:3410,0
DA:3412,0
BRDA:3412,0,0,-
BRDA:3412,0,1,-
DA:3413,0
DA:3415,0
DA:3416,0
DA:3431,0
DA:3435,0
DA:3441,0
BRDA:3441,0,0,-
BRDA:3441,0,1,-
DA:3442,0
DA:3446,0
DA:3447,0
BRDA:3447,0,0,-
BRDA:3447,0,1,-
DA:3448,0
DA:3451,0
DA:3452,0
DA:3455,0
DA:3459,0
DA:3463,0
DA:3465,0
DA:3466,0
BRDA:3466,0,0,-
BRDA:3466,0,1,-
DA:3467,0
DA:3470,0
DA:3498,0
DA:3499,0
DA:3500,0
DA:3503,0
DA:3504,0
DA:3507,0
DA:3508,0
BRDA:3508,0,0,-
BRDA:3508,0,1,-
DA:3509,0
DA:3510,0
DA:3513,0
DA:3514,0
DA:3517,0
DA:3519,0
DA:3524,0
BRDA:3524,0,0,-
BRDA:3524,0,1,-
DA:3525,0
DA:3528,0
DA:3531,0
DA:3535,0
BRDA:3535,0,0,-
BRDA:3535,0,1,-
BRDA:3535,0,2,-
BRDA:3535,0,3,-
BRDA:3535,0,4,-
BRDA:3535,0,5,-
DA:3547,0
BRDA:3547,0,0,-
BRDA:3547,0,1,-
DA:3548,0
BRDA:3548,0,0,-
BRDA:3548,0,1,-
BRDA:3548,0,2,-
BRDA:3548,0,3,-
DA:3565,0
BRDA:3565,0,0,-
BRDA:3565,0,1,-
BRDA:3565,0,2,-
BRDA:3565,0,3,-
DA:3568,0
BRDA:3568,0,0,-
BRDA:3568,0,1,-
BRDA:3568,0,2,-
BRDA:3568,0,3,-
DA:3570,0
DA:3712,0
DA:3734,0
DA:3735,0
BRDA:3735,0,0,-
BRDA:3735,0,1,-
DA:3736,0
DA:3739,0
DA:3740,0
BRDA:3740,0,0,-
BRDA:3740,0,1,-
DA:3741,0
DA:3744,0
BRDA:3744,0,0,-
BRDA:3744,0,1,-
DA:3745,0
DA:3746,0
BRDA:3746,0,0,-
BRDA:3746,0,1,-
DA:3747,0
DA:3754,0
BRDA:3754,0,0,-
BRDA:3754,0,1,-
DA:3755,0
BRDA:3755,0,0,-
BRDA:3755,0,1,-
BRDA:3755,0,2,-
BRDA:3755,0,3,-
DA:3756,0
DA:3760,0
DA:3761,0
BRDA:3761,0,0,-
BRDA:3761,0,1,-
DA:3762,0
DA:3768,0
DA:3769,0
BRDA:3769,0,0,-
BRDA:3769,0,1,-
DA:3770,0
DA:3773,0
DA:3776,0
DA:3778,0
BRDA:3778,0,0,-
BRDA:3778,0,1,-
BRDA:3778,0,2,-
BRDA:3778,0,3,-
DA:3786,0
DA:3808,0
DA:3814,0
DA:3816,0
BRDA:3816,0,0,-
BRDA:3816,0,1,-
DA:3817,0
BRDA:3817,0,0,-
BRDA:3817,0,1,-
BRDA:3817,0,2,-
BRDA:3817,0,3,-
DA:3818,0
DA:3819,0
DA:3822,0
DA:3823,0
DA:3824,0
BRDA:3824,0,0,-
BRDA:3824,0,1,-
DA:3826,0
DA:3828,0
BRDA:3828,0,0,-
BRDA:3828,0,1,-
DA:3829,0
DA:3831,0
DA:3836,0
DA:3838,0
DA:3843,0
DA:3845,0
BRDA:3845,0,0,-
BRDA:3845,0,1,-
DA:3846,0
BRDA:3846,0,0,-
BRDA:3846,0,1,-
BRDA:3846,0,2,-
BRDA:3846,0,3,-
DA:3848,0
DA:3851,0
DA:3855,0
BRDA:3855,0,0,-
BRDA:3855,0,1,-
BRDA:3855,0,2,-
BRDA:3855,0,3,-
DA:3857,0
BRDA:3857,0,0,-
BRDA:3857,0,1,-
BRDA:3857,0,2,-
DA:3859,0
DA:3863,0
DA:3865,0
DA:3867,0
DA:3872,0
DA:3873,0
DA:3875,0
BRDA:3875,0,0,-
BRDA:3875,0,1,-
DA:3876,0
DA:3879,0
BRDA:3879,0,0,-
BRDA:3879,0,1,-
DA:3880,0
DA:3883,0
DA:3895,0
DA:3896,0
BRDA:3896,0,0,-
BRDA:3896,0,1,-
BRDA:3896,0,2,-
BRDA:3896,0,3,-
DA:3897,0
DA:3898,0
DA:3902,0
DA:3906,0
BRDA:3906,0,0,-
BRDA:3906,0,1,-
DA:3908,0
DA:3910,0
DA:3913,1
DA:3915,1
BRDA:3915,0,0,0
BRDA:3915,0,1,1
DA:3916,0
DA:3919,1
BRDA:3919,0,0,1
BRDA:3919,0,1,0
BRDA:3919,0,2,0
BRDA:3919,0,3,1
DA:3920,0
DA:3923,1
DA:3925,1
BRDA:3925,0,0,1
BRDA:3925,0,1,0
BRDA:3925,0,2,0
BRDA:3925,0,3,0
BRDA:3925,0,4,0
BRDA:3925,0,5,0
DA:3930,1
DA:3933,0
DA:3935,0
DA:3941,0
DA:3942,0
DA:3944,0
DA:3948,0
DA:3949,0
BRDA:3949,0,0,-
BRDA:3949,0,1,-
DA:3950,0
DA:3954,0
DA:3955,0
BRDA:3955,0,0,-
BRDA:3955,0,1,-
DA:3956,0
DA:3968,0
BRDA:3968,0,0,-
BRDA:3968,0,1,-
DA:3969,0
BRDA:3969,0,0,-
BRDA:3969,0,1,-
BRDA:3969,0,2,-
BRDA:3969,0,3,-
DA:3970,0
DA:3973,0
DA:3976,0
DA:3977,0
DA:3980,0
DA:3984,0
DA:3985,0
BRDA:3985,0,0,-
BRDA:3985,0,1,-
DA:3986,0
DA:3988,0
DA:3991,0
DA:3997,0
BRDA:3997,0,0,-
BRDA:3997,0,1,-
BRDA:3997,0,2,-
BRDA:3997,0,3,-
DA:3998,0
DA:3999,0
BRDA:3999,0,0,-
BRDA:3999,0,1,-
DA:4000,0
DA:4003,0
BRDA:4003,0,0,-
BRDA:4003,0,1,-
BRDA:4003,0,2,-
BRDA:4003,0,3,-
DA:4005,0
BRDA:4005,0,0,-
BRDA:4005,0,1,-
BRDA:4005,0,2,-
DA:4007,0
DA:4008,0
DA:4009,0
DA:4016,0
DA:4017,0
DA:4018,0
DA:4019,0
DA:4020,0
BRDA:4020,0,0,-
BRDA:4020,0,1,-
BRDA:4020,0,2,-
BRDA:4020,0,3,-
DA:4021,0
DA:4022,0
DA:4030,0
BRDA:4030,0,0,-
BRDA:4030,0,1,-
DA:4035,0
DA:4037,0
BRDA:4037,0,0,-
BRDA:4037,0,1,-
DA:4038,0
BRDA:4038,0,0,-
BRDA:4038,0,1,-
BRDA:4038,0,2,-
BRDA:4038,0,3,-
DA:4051,1
DA:4055,1
BRDA:4055,0,0,0
BRDA:4055,0,1,1
DA:4056,0
BRDA:4056,0,0,-
BRDA:4056,0,1,-
BRDA:4056,0,2,-
BRDA:4056,0,3,-
DA:4057,0
DA:4060,1
DA:4062,1
BRDA:4062,0,0,0
BRDA:4062,0,1,1
DA:4063,0
DA:4067,1
DA:4068,1
BRDA:4068,0,0,0
BRDA:4068,0,1,1
DA:4069,0
DA:4078,1
DA:4085,1
DA:4089,1
DA:4091,1
DA:4095,1
DA:4096,1
DA:4100,1
DA:4101,1
DA:4104,1
DA:4107,1
DA:4108,1
BRDA:4108,0,0,1
BRDA:4108,0,1,0
DA:4109,1
BRDA:4109,0,0,0
BRDA:4109,0,1,1
BRDA:4109,0,2,0
BRDA:4109,0,3,1
DA:4110,1
DA:4115,0
BRDA:4115,0,0,-
BRDA:4115,0,1,-
DA:4116,0
DA:4119,0
DA:4120,0
DA:4123,0
DA:4127,0
BRDA:4127,0,0,-
BRDA:4127,0,1,-
DA:4128,0
BRDA:4128,0,0,-
BRDA:4128,0,1,-
BRDA:4128,0,2,-
BRDA:4128,0,3,-
DA:4129,0
DA:4132,0
BRDA:4132,0,0,-
BRDA:4132,0,1,-
DA:4133,0
DA:4136,0
BRDA:4136,0,0,-
BRDA:4136,0,1,-
DA:4137,0
DA:4141,0
DA:4143,0
DA:4144,0
BRDA:4144,0,0,-
BRDA:4144,0,1,-
DA:4145,0
BRDA:4145,0,0,-
BRDA:4145,0,1,-
BRDA:4145,0,2,-
BRDA:4145,0,3,-
DA:4148,0
DA:4150,0
DA:4154,0
DA:4157,0
DA:4160,0
DA:4173,0
DA:4175,0
DA:4176,0
DA:4180,0
DA:4184,0
DA:4192,0
DA:4194,0
DA:4197,0
DA:4199,0
DA:4209,0
DA:4235,0
DA:4239,0
DA:4244,0
DA:4248,0
DA:4253,0
DA:4276,0
DA:4279,0
DA:4282,0
BRDA:4282,0,0,-
BRDA:4282,0,1,-
BRDA:4282,0,2,-
BRDA:4282,0,3,-
DA:4362,0
DA:4371,0
BRDA:4371,0,0,-
BRDA:4371,0,1,-
DA:4372,0
BRDA:4372,0,0,-
BRDA:4372,0,1,-
BRDA:4372,0,2,-
BRDA:4372,0,3,-
DA:4374,0
DA:4377,0
DA:4379,0
BRDA:4379,0,0,-
BRDA:4379,0,1,-
DA:4380,0
DA:4383,0
DA:4385,0
DA:4386,0
DA:4388,0
DA:4410,0
DA:4419,0
DA:4421,0
BRDA:4421,0,0,-
BRDA:4421,0,1,-
DA:4422,0
DA:4425,0
DA:4426,0
DA:4427,0
DA:4428,0
DA:4429,0
BRDA:4429,0,0,-
BRDA:4429,0,1,-
DA:4430,0
DA:4433,0
DA:4434,0
BRDA:4434,0,0,-
BRDA:4434,0,1,-
DA:4435,0
DA:4438,0
DA:4439,0
BRDA:4439,0,0,-
BRDA:4439,0,1,-
DA:4440,0
DA:4442,0
DA:4444,0
end_of_record
SF:/home/asset/zephyrproject/zephyr/include/zephyr/arch/posix/arch.h
FN:71,arch_irq_lock
FNDA:0,arch_irq_lock
FN:77,arch_irq_unlock
FNDA:0,arch_irq_unlock
DA:71,0
DA:73,0
DA:77,0
DA:79,0
DA:80,0
end_of_record
SF:/home/asset/zephyrproject/zephyr/include/zephyr/bluetooth/addr.h
FN:104,bt_addr_le_cmp
FNDA:0,bt_addr_le_cmp
FN:117,bt_addr_le_eq
FNDA:0,bt_addr_le_eq
FN:127,bt_addr_copy
FNDA:0,bt_addr_copy
FN:137,bt_addr_le_copy
FNDA:0,bt_addr_le_copy
DA:104,0
DA:106,0
DA:117,0
DA:119,0
DA:127,0
DA:129,0
DA:130,0
DA:137,0
DA:139,0
DA:140,0
end_of_record
SF:/home/asset/zephyrproject/zephyr/include/zephyr/sys/atomic_builtin.h
FN:58,atomic_get
FNDA:0,atomic_get
FN:68,atomic_set
FNDA:0,atomic_set
FN:77,atomic_ptr_set
FNDA:0,atomic_ptr_set
FN:87,atomic_ptr_clear
FNDA:0,atomic_ptr_clear
FN:92,atomic_or
FNDA:1,atomic_or
FN:102,atomic_and
FNDA:1,atomic_and
DA:58,0
DA:60,0
DA:68,0
DA:74,0
DA:77,0
DA:79,0
DA:87,0
DA:89,0
DA:92,1
DA:94,1
DA:102,1
DA:104,1
end_of_record
SF:/home/asset/zephyrproject/zephyr/include/zephyr/bluetooth/buf.h
FN:150,bt_buf_set_type
FNDA:0,bt_buf_set_type
FN:161,bt_buf_get_type
FNDA:0,bt_buf_get_type
DA:150,0
DA:152,0
DA:153,0
DA:161,0
DA:163,0
DA:164,0
end_of_record
SF:/home/asset/zephyrproject/zephyr/include/zephyr/sys/byteorder.h
FN:383,sys_put_le16
FNDA:0,sys_put_le16
FN:413,sys_put_le32
FNDA:0,sys_put_le32
FN:443,sys_put_le64
FNDA:0,sys_put_le64
FN:534,sys_get_le16
FNDA:0,sys_get_le16
FN:564,sys_get_le32
FNDA:0,sys_get_le32
FN:594,sys_get_le64
FNDA:0,sys_get_le64
DA:383,0
DA:385,0
DA:386,0
DA:387,0
DA:413,0
DA:415,0
DA:416,0
DA:417,0
DA:443,0
DA:445,0
DA:446,0
DA:447,0
DA:534,0
DA:536,0
DA:564,0
DA:566,0
DA:594,0
DA:596,0
end_of_record
SF:/home/asset/zephyrproject/zephyr/include/zephyr/sys/atomic.h
FN:127,atomic_test_bit
FNDA:0,atomic_test_bit
FN:170,atomic_test_and_set_bit
FNDA:1,atomic_test_and_set_bit
FN:191,atomic_clear_bit
FNDA:1,atomic_clear_bit
FN:209,atomic_set_bit
FNDA:0,atomic_set_bit
FN:228,atomic_set_bit_to
FNDA:0,atomic_set_bit_to
DA:127,0
DA:129,0
DA:131,0
DA:170,1
DA:172,1
DA:175,1
DA:177,1
DA:191,1
DA:193,1
DA:195,1
DA:196,1
DA:209,0
DA:211,0
DA:213,0
DA:214,0
DA:228,0
DA:230,0
DA:232,0
BRDA:232,0,0,-
BRDA:232,0,1,-
DA:233,0
DA:235,0
DA:237,0
end_of_record
SF:/home/asset/zephyrproject/zephyr/include/zephyr/logging/log_msg.h
FN:709,z_log_msg_runtime_create
FNDA:1,z_log_msg_runtime_create
DA:709,1
DA:717,1
DA:718,1
DA:720,1
DA:721,1
end_of_record
SF:/home/asset/zephyrproject/build/zephyr/include/generated/syscalls/kernel.h
FN:59,k_thread_create
FNDA:1,k_thread_create
FN:175,k_yield
FNDA:0,k_yield
FN:223,k_thread_abort
FNDA:0,k_thread_abort
FN:426,k_thread_name_set
FNDA:2,k_thread_name_set
FN:616,k_queue_init
FNDA:1,k_queue_init
FN:1075,k_sem_init
FNDA:1,k_sem_init
FN:1093,k_sem_take
FNDA:0,k_sem_take
FN:1110,k_sem_give
FNDA:0,k_sem_give
FN:1449,k_poll
FNDA:1,k_poll
DA:59,1
DA:84,1
DA:85,1
DA:175,0
DA:183,0
DA:184,0
DA:185,0
DA:223,0
DA:232,0
DA:233,0
DA:234,0
DA:426,2
DA:435,2
DA:436,2
DA:616,1
DA:625,1
DA:626,1
DA:627,1
DA:1075,1
DA:1085,1
DA:1086,1
DA:1093,0
DA:1102,0
DA:1103,0
DA:1110,0
DA:1119,0
DA:1120,0
DA:1121,0
DA:1449,1
DA:1459,1
DA:1460,1
end_of_record
SF:/home/asset/zephyrproject/zephyr/include/zephyr/sys/slist.h
FN:211,z_snode_next_peek
FNDA:0,z_snode_next_peek
FN:216,z_snode_next_set
FNDA:0,z_snode_next_set
FN:221,z_slist_head_set
FNDA:0,z_slist_head_set
FN:226,z_slist_tail_set
FNDA:0,z_slist_tail_set
FN:238,sys_slist_peek_head
FNDA:0,sys_slist_peek_head
FN:250,sys_slist_peek_tail
FNDA:0,sys_slist_peek_tail
FN:268,sys_slist_is_empty
FNDA:0,sys_slist_is_empty
FN:281,sys_slist_peek_next_no_check
FNDA:0,sys_slist_peek_next_no_check
FN:292,sys_slist_peek_next
FNDA:0,sys_slist_peek_next
FN:318,sys_slist_append
FNDA:0,sys_slist_append
FN:379,sys_slist_get_not_empty
FNDA:0,sys_slist_get_not_empty
FN:392,sys_slist_get
FNDA:0,sys_slist_get
DA:211,0
DA:213,0
DA:216,0
DA:218,0
DA:219,0
DA:221,0
DA:223,0
DA:224,0
DA:226,0
DA:228,0
DA:229,0
DA:238,0
DA:240,0
DA:250,0
DA:252,0
DA:268,0
DA:281,0
DA:292,0
BRDA:292,0,0,-
BRDA:292,0,1,-
DA:318,0
BRDA:318,0,0,-
BRDA:318,0,1,-
DA:379,0
BRDA:379,0,0,-
BRDA:379,0,1,-
DA:392,0
BRDA:392,0,0,-
BRDA:392,0,1,-
end_of_record
SF:/home/asset/zephyrproject/zephyr/include/zephyr/drivers/bluetooth/hci_driver.h
FN:60,bt_hci_evt_get_flags
FNDA:0,bt_hci_evt_get_flags
DA:60,0
DA:62,0
BRDA:62,0,0,-
BRDA:62,0,1,-
BRDA:62,0,2,-
DA:63,0
DA:64,0
DA:67,0
DA:75,0
DA:76,0
DA:77,0
end_of_record
SF:/home/asset/zephyrproject/zephyr/include/zephyr/syscall.h
FN:115,k_is_user_context
FNDA:1,k_is_user_context
DA:115,1
DA:120,1
end_of_record
