TN:
SF:/home/asset/zephyrproject/zephyr/soc/posix/inf_clock/native_tasks.c
FN:12,run_native_tasks
FNDA:290,run_native_tasks
DA:12,290
DA:32,580
BRDA:32,0,0,290
BRDA:32,0,1,290
DA:33,290
DA:34,290
BRDA:34,0,0,290
BRDA:34,0,1,0
DA:35,290
DA:38,290
end_of_record
TN:
SF:/home/asset/zephyrproject/zephyr/soc/posix/inf_clock/soc.c
FN:38,posix_is_cpu_running
FNDA:0,posix_is_cpu_running
FN:54,posix_change_cpu_state_and_wait
FNDA:0,posix_change_cpu_state_and_wait
FN:67,posix_interrupt_raised
FNDA:120098,posix_interrupt_raised
FN:83,posix_halt_cpu
FNDA:120155,posix_halt_cpu
FN:110,posix_atomic_halt_cpu
FNDA:0,posix_atomic_halt_cpu
FN:122,posix_boot_cpu
FNDA:58,posix_boot_cpu
FN:134,posix_soc_clean_up
FNDA:59,posix_soc_clean_up
DA:38,0
DA:40,0
DA:54,0
DA:56,0
BRDA:56,0,0,-
BRDA:56,0,1,-
DA:57,0
DA:59,0
DA:61,0
DA:67,120098
DA:72,120098
DA:73,120097
DA:83,120155
DA:89,120155
DA:99,120098
DA:104,120097
DA:110,0
DA:112,0
DA:113,0
DA:114,0
DA:115,0
DA:122,58
DA:124,58
DA:125,58
DA:126,58
DA:127,58
DA:134,59
DA:136,59
DA:137,58
DA:138,58
DA:139,58
end_of_record
TN:
SF:/home/asset/zephyrproject/zephyr/arch/posix/core/irq.c
FN:19,arch_irq_enable
FNDA:58,arch_irq_enable
FN:24,arch_irq_disable
FNDA:0,arch_irq_disable
FN:29,arch_irq_is_enabled
FNDA:0,arch_irq_is_enabled
DA:19,58
DA:21,58
DA:22,58
DA:24,0
DA:26,0
DA:27,0
DA:29,0
DA:31,0
end_of_record
TN:
SF:/home/asset/zephyrproject/zephyr/arch/posix/core/thread.c
FN:26,arch_new_thread
FNDA:380,arch_new_thread
FN:52,posix_arch_thread_entry
FNDA:380,posix_arch_thread_entry
FN:60,z_impl_k_thread_abort
FNDA:29,z_impl_k_thread_abort
DA:26,380
DA:36,380
DA:39,380
DA:40,380
DA:41,380
DA:42,380
DA:44,380
DA:47,380
DA:49,380
DA:50,380
DA:52,380
DA:54,380
DA:55,380
DA:56,380
DA:60,29
DA:65,29
DA:69,29
DA:71,29
DA:73,29
BRDA:73,0,0,29
BRDA:73,0,1,0
DA:74,29
BRDA:74,0,0,29
BRDA:74,0,1,0
DA:75,29
DA:77,0
DA:83,29
DA:86,29
DA:88,0
BRDA:88,0,0,-
BRDA:88,0,1,-
DA:94,0
DA:95,0
DA:105,0
DA:106,0
end_of_record
SF:/home/asset/zephyrproject/zephyr/include/zephyr/arch/posix/arch.h
FN:71,arch_irq_lock
FNDA:29,arch_irq_lock
DA:71,29
DA:73,29
end_of_record
TN:
SF:/home/asset/zephyrproject/zephyr/arch/posix/core/cpuhalt.c
FN:36,arch_cpu_idle
FNDA:120155,arch_cpu_idle
FN:43,arch_cpu_atomic_idle
FNDA:0,arch_cpu_atomic_idle
DA:36,120155
DA:38,120155
DA:39,120155
DA:40,120155
DA:41,120097
DA:43,0
DA:45,0
DA:46,0
DA:47,0
end_of_record
TN:
SF:/home/asset/zephyrproject/zephyr/arch/posix/core/swap.c
FN:23,arch_swap
FNDA:261136,arch_swap
FN:83,arch_switch_to_main_thread
FNDA:58,arch_switch_to_main_thread
DA:23,261136
DA:37,261136
DA:38,261136
DA:44,261136
DA:46,261136
DA:48,261136
DA:50,261136
DA:53,261136
DA:64,261136
DA:69,260814
DA:71,260814
DA:83,58
DA:89,58
DA:91,58
DA:97,58
DA:103,58
DA:104,0
end_of_record
SF:/home/asset/zephyrproject/zephyr/include/zephyr/arch/posix/arch.h
FN:77,arch_irq_unlock
FNDA:260814,arch_irq_unlock
DA:77,260814
DA:79,260814
DA:80,260814
end_of_record
TN:
SF:/home/asset/zephyrproject/zephyr/arch/posix/core/fatal.c
FN:18,arch_system_halt
FNDA:1,arch_system_halt
DA:18,1
DA:26,1
DA:27,0
end_of_record
TN:
SF:/home/asset/zephyrproject/zephyr/arch/posix/core/posix_core_nsi.c
FN:20,posix_arch_init
FNDA:58,posix_arch_init
FN:30,posix_arch_clean_up
FNDA:58,posix_arch_clean_up
FN:35,posix_swap
FNDA:261136,posix_swap
FN:41,posix_main_thread_start
FNDA:58,posix_main_thread_start
FN:46,posix_new_thread
FNDA:380,posix_new_thread
FN:51,posix_abort_thread
FNDA:29,posix_abort_thread
FN:56,posix_arch_get_unique_thread_id
FNDA:0,posix_arch_get_unique_thread_id
DA:20,58
DA:23,58
DA:24,58
DA:30,58
DA:32,58
DA:33,58
DA:35,261136
DA:38,261136
DA:39,260814
DA:41,58
DA:43,58
DA:44,0
DA:46,380
DA:48,380
DA:51,29
DA:53,29
DA:54,29
DA:56,0
DA:58,0
end_of_record
TN:
SF:/home/asset/zephyrproject/zephyr/include/zephyr/logging/log_msg.h
FN:709,z_log_msg_runtime_create
FNDA:180,z_log_msg_runtime_create
DA:709,180
DA:717,180
DA:718,180
DA:720,180
DA:721,180
end_of_record
SF:/home/asset/zephyrproject/zephyr/drivers/bluetooth/hci/userchan.c
FN:70,get_rx
FNDA:5880,get_rx
FN:104,packet_len
FNDA:5971,packet_len
FN:161,uc_ready
FNDA:122310,uc_ready
FN:168,rx_thread
FNDA:32,rx_thread
FN:248,uc_send
FNDA:5808,uc_send
FN:283,user_chan_open
FNDA:58,user_chan_open
FN:335,uc_open
FNDA:58,uc_open
FN:369,bt_uc_init
FNDA:58,bt_uc_init
FN:379,cmd_bt_dev_found
FNDA:58,cmd_bt_dev_found
FN:410,add_btuserchan_arg
FNDA:58,add_btuserchan_arg
FN:431,btuserchan_check_arg
FNDA:58,btuserchan_check_arg
DA:70,5880
DA:72,5880
DA:73,5880
DA:75,5880
BRDA:75,0,0,4670
BRDA:75,0,1,1210
BRDA:75,0,2,0
BRDA:75,0,3,0
DA:76,4670
DA:77,4670
BRDA:77,0,0,84
BRDA:77,0,1,4586
DA:78,84
BRDA:78,0,0,0
BRDA:78,0,1,84
DA:79,0
DA:80,0
DA:83,5880
DA:84,1210
DA:85,1210
DA:86,0
DA:92,0
BRDA:92,0,0,-
BRDA:92,0,1,-
BRDA:92,0,2,-
BRDA:92,0,3,-
DA:95,0
DA:104,5971
DA:106,5971
DA:107,5971
DA:108,5971
DA:109,5971
DA:111,5971
BRDA:111,0,0,0
BRDA:111,0,1,1215
BRDA:111,0,2,0
BRDA:111,0,3,4670
BRDA:111,0,4,0
BRDA:111,0,5,86
DA:112,0
DA:113,0
DA:116,0
DA:117,0
DA:118,0
DA:120,1215
DA:121,1215
DA:124,1215
DA:125,1215
DA:126,1215
DA:128,0
DA:129,0
DA:132,0
DA:133,0
DA:134,0
DA:136,4670
DA:137,4670
DA:140,4670
DA:141,4670
DA:142,4670
DA:144,0
DA:145,0
DA:148,0
DA:149,0
DA:150,0
DA:153,86
DA:154,86
BRDA:154,0,0,0
BRDA:154,0,1,86
BRDA:154,0,2,0
BRDA:154,0,3,86
DA:155,86
DA:158,5885
DA:161,122310
DA:163,122310
DA:165,122310
DA:168,32
DA:174,32
BRDA:174,0,0,32
BRDA:174,0,1,0
BRDA:174,0,2,0
BRDA:174,0,3,0
DA:176,122278
DA:182,122310
DA:184,122310
BRDA:184,0,0,118903
BRDA:184,0,1,3407
DA:185,118903
DA:186,118874
DA:189,3407
BRDA:189,0,0,3407
BRDA:189,0,1,0
BRDA:189,0,2,0
BRDA:189,0,3,0
DA:191,3407
DA:192,3407
BRDA:192,0,0,3
BRDA:192,0,1,3404
DA:193,3
BRDA:193,0,0,0
BRDA:193,0,1,3
DA:194,0
DA:195,0
DA:198,3
BRDA:198,0,0,0
BRDA:198,0,1,3
BRDA:198,0,2,0
BRDA:198,0,3,3
DA:199,3
DA:200,3
DA:201,3
DA:204,9284
BRDA:204,0,0,5971
BRDA:204,0,1,3313
DA:206,5971
DA:207,5971
DA:209,5971
BRDA:209,0,0,86
BRDA:209,0,1,5885
DA:210,86
BRDA:210,0,0,0
BRDA:210,0,1,86
BRDA:210,0,2,0
BRDA:210,0,3,86
DA:211,86
DA:214,5885
BRDA:214,0,0,5
BRDA:214,0,1,5880
DA:215,5
BRDA:215,0,0,0
BRDA:215,0,1,5
BRDA:215,0,2,0
BRDA:215,0,3,5
DA:217,5
DA:220,5880
DA:221,5880
BRDA:221,0,0,0
BRDA:221,0,1,5880
DA:222,0
BRDA:222,0,0,-
BRDA:222,0,1,-
BRDA:222,0,2,-
BRDA:222,0,3,-
DA:223,0
DA:226,5880
DA:227,5880
DA:228,5880
BRDA:228,0,0,0
BRDA:228,0,1,5880
DA:229,0
BRDA:229,0,0,-
BRDA:229,0,1,-
BRDA:229,0,2,-
BRDA:229,0,3,-
DA:231,0
DA:232,0
DA:235,5880
DA:237,5880
BRDA:237,0,0,5880
BRDA:237,0,1,0
BRDA:237,0,2,0
BRDA:237,0,3,0
DA:239,5880
DA:240,5880
DA:241,5880
DA:244,3404
DA:248,5808
DA:250,5808
BRDA:250,0,0,5808
BRDA:250,0,1,0
BRDA:250,0,2,0
BRDA:250,0,3,0
DA:252,5808
BRDA:252,0,0,0
BRDA:252,0,1,5808
DA:253,0
BRDA:253,0,0,-
BRDA:253,0,1,-
BRDA:253,0,2,-
BRDA:253,0,3,-
DA:254,0
DA:257,5808
BRDA:257,0,0,3791
BRDA:257,0,1,2017
BRDA:257,0,2,0
BRDA:257,0,3,0
DA:258,3791
DA:259,3791
DA:260,3791
DA:261,2017
DA:262,2017
DA:263,2017
DA:264,0
DA:271,0
BRDA:271,0,0,-
BRDA:271,0,1,-
BRDA:271,0,2,-
BRDA:271,0,3,-
DA:272,0
DA:275,5808
BRDA:275,0,0,0
BRDA:275,0,1,5808
DA:276,0
DA:279,5808
DA:280,5808
DA:283,58
DA:287,58
BRDA:287,0,0,0
BRDA:287,0,1,58
DA:290,0
DA:292,0
BRDA:292,0,0,-
BRDA:292,0,1,-
DA:293,0
DA:296,0
DA:297,0
DA:298,0
DA:299,0
DA:301,0
BRDA:301,0,0,-
BRDA:301,0,1,-
DA:302,0
DA:304,0
DA:305,0
DA:310,58
DA:311,58
BRDA:311,0,0,0
BRDA:311,0,1,58
DA:312,26
DA:315,58
DA:316,58
DA:317,58
BRDA:317,0,0,0
BRDA:317,0,1,58
DA:318,0
DA:320,0
DA:321,0
DA:324,58
BRDA:324,0,0,26
BRDA:324,0,1,32
DA:325,26
DA:327,26
DA:328,26
DA:332,32
DA:335,58
DA:337,58
BRDA:337,0,0,0
BRDA:337,0,1,58
DA:338,0
BRDA:338,0,0,-
BRDA:338,0,1,-
BRDA:338,0,2,-
BRDA:338,0,3,-
DA:340,58
BRDA:340,0,0,58
BRDA:340,0,1,0
BRDA:340,0,2,0
BRDA:340,0,3,0
DA:344,58
DA:345,58
BRDA:345,0,0,26
BRDA:345,0,1,32
DA:346,26
DA:349,32
BRDA:349,0,0,32
BRDA:349,0,1,0
BRDA:349,0,2,0
BRDA:349,0,3,0
DA:351,32
DA:355,32
DA:357,32
BRDA:357,0,0,32
BRDA:357,0,1,0
BRDA:357,0,2,0
BRDA:357,0,3,0
DA:359,32
DA:369,58
DA:372,58
DA:374,58
DA:379,58
DA:381,58
DA:382,58
BRDA:382,0,0,0
BRDA:382,0,1,58
BRDA:382,0,2,0
BRDA:382,0,3,0
DA:383,0
DA:385,0
BRDA:385,0,0,-
BRDA:385,0,1,-
BRDA:385,0,2,-
BRDA:385,0,3,-
DA:386,0
DA:387,0
DA:389,0
DA:392,58
BRDA:392,0,0,58
BRDA:392,0,1,0
DA:393,58
BRDA:393,0,0,0
BRDA:393,0,1,58
DA:394,0
DA:399,58
BRDA:399,0,0,0
BRDA:399,0,1,58
DA:400,0
DA:404,0
DA:408,58
DA:410,58
DA:428,58
DA:429,58
DA:431,58
DA:433,58
BRDA:433,0,0,0
BRDA:433,0,1,58
DA:434,0
DA:438,58
end_of_record
SF:/home/asset/zephyrproject/build/zephyr/include/generated/syscalls/kernel.h
FN:59,k_thread_create
FNDA:32,k_thread_create
FN:126,k_sleep
FNDA:118903,k_sleep
FN:175,k_yield
FNDA:3404,k_yield
DA:59,32
DA:84,32
DA:85,32
DA:126,118903
DA:134,118903
DA:135,118903
DA:175,3404
DA:183,3404
DA:184,3404
DA:185,3404
end_of_record
SF:/home/asset/zephyrproject/zephyr/include/zephyr/net/buf.h
FN:1465,net_buf_user_data
FNDA:5808,net_buf_user_data
FN:1511,net_buf_add_mem
FNDA:5880,net_buf_add_mem
FN:1905,net_buf_push_u8
FNDA:5808,net_buf_push_u8
FN:2256,net_buf_tailroom
FNDA:5880,net_buf_tailroom
DA:1465,5808
DA:1467,5808
DA:1511,5880
DA:1514,5880
DA:1905,5808
DA:1907,5808
DA:1908,5808
DA:2256,5880
DA:2258,5880
end_of_record
SF:/home/asset/zephyrproject/zephyr/include/zephyr/bluetooth/buf.h
FN:161,bt_buf_get_type
FNDA:5808,bt_buf_get_type
DA:161,5808
DA:163,5808
DA:164,5808
end_of_record
SF:/home/asset/zephyrproject/zephyr/include/zephyr/syscall.h
FN:115,k_is_user_context
FNDA:180,k_is_user_context
DA:115,180
DA:120,180
end_of_record
TN:
SF:/home/asset/zephyrproject/zephyr/drivers/timer/native_posix_timer.c
FN:30,sys_clock_cycle_get_32
FNDA:764,sys_clock_cycle_get_32
FN:35,sys_clock_cycle_get_64
FNDA:0,sys_clock_cycle_get_64
FN:44,np_timer_isr
FNDA:120098,np_timer_isr
FN:58,np_timer_isr_test_hook
FNDA:0,np_timer_isr_test_hook
FN:76,sys_clock_set_timeout
FNDA:236669,sys_clock_set_timeout
FN:105,sys_clock_elapsed
FNDA:604427,sys_clock_elapsed
FN:115,sys_clock_disable
FNDA:0,sys_clock_disable
FN:126,sys_clock_driver_init
FNDA:58,sys_clock_driver_init
DA:30,764
DA:32,764
DA:35,0
DA:37,0
DA:44,120098
DA:48,120098
DA:49,120098
DA:51,120098
DA:52,120098
DA:53,120098
DA:58,0
DA:60,0
DA:61,0
DA:76,236669
DA:86,236669
BRDA:86,0,0,0
BRDA:86,0,1,236669
DA:87,0
DA:88,236669
BRDA:88,0,0,236669
BRDA:88,0,1,0
DA:89,236669
DA:91,0
DA:93,236669
DA:95,236669
DA:105,604427
DA:107,604427
DA:115,0
DA:117,0
DA:118,0
DA:119,0
DA:126,58
DA:129,58
DA:131,58
DA:132,58
DA:134,58
DA:135,58
DA:137,58
end_of_record
SF:/home/asset/zephyrproject/zephyr/boards/posix/native_sim/native_posix_compat.h
FN:31,hwm_get_time
FNDA:725347,hwm_get_time
DA:31,725347
DA:33,725347
end_of_record
SF:/home/asset/zephyrproject/zephyr/scripts/native_simulator/common/src/include/nsi_hw_scheduler.h
FN:19,nsi_hws_get_time
FNDA:725347,nsi_hws_get_time
DA:19,725347
DA:22,725347
end_of_record
TN:
SF:/home/asset/zephyrproject/zephyr/drivers/timer/sys_clock_init.c
FN:21,sys_clock_set_timeout
FNDA:0,sys_clock_set_timeout
FN:25,sys_clock_idle_exit
FNDA:0,sys_clock_idle_exit
DA:21,0
DA:23,0
DA:25,0
DA:27,0
end_of_record
TN:
SF:/home/asset/zephyrproject/zephyr/drivers/flash/flash_simulator.c
FN:168,flash_range_is_valid
FNDA:45164,flash_range_is_valid
FN:181,flash_sim_read
FNDA:45164,flash_sim_read
FN:212,flash_sim_write
FNDA:0,flash_sim_write
FN:287,unit_erase
FNDA:0,unit_erase
FN:297,flash_sim_erase
FNDA:0,flash_sim_erase
FN:347,flash_sim_page_layout
FNDA:116,flash_sim_page_layout
FN:357,flash_sim_get_parameters
FNDA:116,flash_sim_get_parameters
FN:376,flash_mock_init
FNDA:58,flash_mock_init
FN:413,flash_init
FNDA:58,flash_init
FN:427,flash_native_posix_cleanup
FNDA:58,flash_native_posix_cleanup
FN:434,flash_native_posix_options
FNDA:58,flash_native_posix_options
FN:473,z_impl_flash_simulator_get_memory
FNDA:0,z_impl_flash_simulator_get_memory
DA:168,45164
DA:172,45164
BRDA:172,0,0,45164
BRDA:172,0,1,0
DA:173,45164
BRDA:173,0,0,0
BRDA:173,0,1,45164
DA:175,0
DA:178,45164
DA:181,45164
DA:187,45164
BRDA:187,0,0,0
BRDA:187,0,1,45164
DA:188,0
DA:198,45164
DA:200,45164
DA:201,45164
DA:209,45164
DA:212,0
DA:218,0
BRDA:218,0,0,-
BRDA:218,0,1,-
DA:219,0
DA:227,0
DA:231,0
BRDA:231,0,0,-
BRDA:231,0,1,-
DA:232,0
BRDA:232,0,0,-
BRDA:232,0,1,-
DA:233,0
DA:235,0
DA:241,0
DA:243,0
BRDA:243,0,0,-
BRDA:243,0,1,-
DA:244,0
DA:245,0
BRDA:245,0,0,-
BRDA:245,0,1,-
DA:246,0
DA:247,0
DA:248,0
BRDA:248,0,0,-
BRDA:248,0,1,-
DA:249,0
BRDA:249,0,0,-
BRDA:249,0,1,-
DA:250,0
DA:253,0
DA:258,0
BRDA:258,0,0,-
BRDA:258,0,1,-
DA:260,0
BRDA:260,0,0,-
BRDA:260,0,1,-
DA:261,0
BRDA:261,0,0,-
BRDA:261,0,1,-
DA:262,0
DA:269,0
DA:275,0
DA:284,0
DA:287,0
DA:289,0
DA:293,0
DA:295,0
DA:297,0
DA:302,0
BRDA:302,0,0,-
BRDA:302,0,1,-
DA:303,0
DA:307,0
BRDA:307,0,0,-
BRDA:307,0,1,-
DA:308,0
BRDA:308,0,0,-
BRDA:308,0,1,-
DA:309,0
DA:312,0
DA:315,0
BRDA:315,0,0,-
BRDA:315,0,1,-
DA:316,0
DA:317,0
BRDA:317,0,0,-
BRDA:317,0,1,-
DA:318,0
DA:322,0
DA:326,0
BRDA:326,0,0,-
BRDA:326,0,1,-
DA:327,0
BRDA:327,0,0,-
BRDA:327,0,1,-
DA:328,0
DA:338,0
DA:347,116
DA:351,116
DA:352,116
DA:353,116
DA:357,116
DA:361,116
DA:376,58
DA:381,58
BRDA:381,0,0,58
BRDA:381,0,1,0
BRDA:381,0,2,58
BRDA:381,0,3,0
DA:382,58
DA:385,58
DA:389,58
BRDA:389,0,0,0
BRDA:389,0,1,58
DA:390,0
DA:392,58
DA:413,58
DA:415,58
DA:416,58
DA:418,58
DA:427,58
DA:429,58
DA:432,58
DA:434,58
DA:463,58
DA:464,58
DA:473,0
DA:478,0
DA:479,0
end_of_record
TN:
SF:/home/asset/zephyrproject/zephyr/drivers/flash/flash_page_layout.c
FN:11,flash_get_page_info
FNDA:58,flash_get_page_info
FN:45,z_impl_flash_get_page_info_by_offs
FNDA:58,z_impl_flash_get_page_info_by_offs
FN:51,z_impl_flash_get_page_info_by_idx
FNDA:0,z_impl_flash_get_page_info_by_idx
FN:58,z_impl_flash_get_page_count
FNDA:0,z_impl_flash_get_page_count
FN:75,flash_page_foreach
FNDA:58,flash_page_foreach
DA:11,58
DA:14,58
DA:19,58
DA:20,58
DA:22,58
DA:24,58
BRDA:24,0,0,58
BRDA:24,0,1,0
DA:25,58
DA:26,58
BRDA:26,0,0,0
BRDA:26,0,1,58
DA:27,0
DA:29,58
DA:32,58
DA:33,58
DA:34,58
DA:35,58
BRDA:35,0,0,58
BRDA:35,0,1,0
DA:36,58
DA:39,0
DA:42,0
DA:45,58
DA:48,58
DA:51,0
DA:55,0
DA:58,0
DA:60,0
DA:63,0
DA:65,0
DA:67,0
BRDA:67,0,0,-
BRDA:67,0,1,-
DA:68,0
DA:69,0
DA:72,0
DA:75,58
DA:78,58
DA:81,58
DA:82,58
DA:84,58
DA:86,58
BRDA:86,0,0,58
BRDA:86,0,1,0
DA:87,58
DA:88,58
DA:90,14732
BRDA:90,0,0,14732
BRDA:90,0,1,0
DA:91,14732
DA:92,14732
DA:94,14732
BRDA:94,0,0,58
BRDA:94,0,1,14674
DA:95,58
DA:98,14674
DA:99,14674
end_of_record
TN:
SF:/home/asset/zephyrproject/zephyr/drivers/console/posix_arch_console.c
FN:15,print_char
FNDA:0,print_char
FN:41,posix_flush_stdout
FNDA:0,posix_flush_stdout
FN:51,posix_arch_console_init
FNDA:58,posix_arch_console_init
DA:15,0
DA:17,0
DA:19,0
BRDA:19,0,0,-
BRDA:19,0,1,-
BRDA:19,0,2,-
BRDA:19,0,3,-
DA:20,0
DA:21,0
DA:23,0
DA:26,0
BRDA:26,0,0,-
BRDA:26,0,1,-
DA:27,0
DA:30,0
BRDA:30,0,0,-
BRDA:30,0,1,-
DA:31,0
DA:32,0
DA:33,0
DA:35,0
DA:41,0
DA:43,0
BRDA:43,0,0,-
BRDA:43,0,1,-
DA:44,0
DA:45,0
DA:46,0
DA:47,0
DA:49,0
DA:51,58
DA:55,58
DA:61,58
end_of_record
TN:
SF:/home/asset/zephyrproject/zephyr/boards/posix/native_sim/cpu_wait.c
FN:37,arch_busy_wait
FNDA:0,arch_busy_wait
FN:61,posix_cpu_hold
FNDA:0,posix_cpu_hold
DA:37,0
DA:39,0
DA:41,0
BRDA:41,0,0,-
BRDA:41,0,1,-
DA:46,0
DA:47,0
DA:49,0
DA:61,0
DA:64,0
DA:66,0
BRDA:66,0,0,-
BRDA:66,0,1,-
DA:71,0
DA:72,0
DA:73,0
DA:74,0
DA:76,0
DA:78,0
end_of_record
SF:/home/asset/zephyrproject/zephyr/scripts/native_simulator/common/src/include/nsi_hw_scheduler.h
FN:19,nsi_hws_get_time
FNDA:0,nsi_hws_get_time
DA:19,0
DA:22,0
end_of_record
TN:
SF:/home/asset/zephyrproject/zephyr/boards/posix/native_sim/cmdline.c
FN:14,native_add_command_line_opts
FNDA:116,native_add_command_line_opts
FN:19,native_get_cmd_line_args
FNDA:0,native_get_cmd_line_args
FN:24,native_get_test_cmd_line_args
FNDA:0,native_get_test_cmd_line_args
DA:14,116
DA:16,116
DA:17,116
DA:19,0
DA:21,0
DA:22,0
DA:24,0
DA:26,0
DA:27,0
end_of_record
TN:
SF:/home/asset/zephyrproject/zephyr/boards/posix/native_sim/irq_handler.c
FN:32,vector_to_irq
FNDA:120098,vector_to_irq
FN:67,posix_irq_handler
FNDA:120098,posix_irq_handler
FN:127,nsif_cpu0_irq_raised_from_sw
FNDA:0,nsif_cpu0_irq_raised_from_sw
FN:177,posix_irq_lock
FNDA:1552530,posix_irq_lock
FN:191,posix_irq_unlock
FNDA:1545203,posix_irq_unlock
FN:196,posix_irq_full_unlock
FNDA:120535,posix_irq_full_unlock
FN:201,posix_irq_enable
FNDA:58,posix_irq_enable
FN:206,posix_irq_disable
FNDA:0,posix_irq_disable
FN:211,posix_irq_is_enabled
FNDA:0,posix_irq_is_enabled
FN:216,posix_get_current_irq
FNDA:0,posix_get_current_irq
FN:236,posix_isr_declare
FNDA:58,posix_isr_declare
FN:257,posix_irq_priority_set
FNDA:58,posix_irq_priority_set
FN:270,posix_sw_set_pending_IRQ
FNDA:0,posix_sw_set_pending_IRQ
FN:279,posix_sw_clear_pending_IRQ
FNDA:0,posix_sw_clear_pending_IRQ
DA:32,120098
DA:34,120098
DA:36,120098
BRDA:36,0,0,0
BRDA:36,0,1,120098
DA:38,0
DA:43,120098
BRDA:43,0,0,0
BRDA:43,0,1,120098
DA:44,0
DA:45,0
DA:50,120098
DA:52,120098
DA:56,120098
DA:57,120098
DA:67,120098
DA:73,120098
DA:75,120098
BRDA:75,0,0,0
BRDA:75,0,1,120098
DA:77,0
DA:80,120098
DA:82,120098
BRDA:82,0,0,0
BRDA:82,0,1,120098
DA:84,0
DA:87,120098
BRDA:87,0,0,120098
BRDA:87,0,1,0
DA:88,120098
DA:91,120098
DA:94,120098
DA:95,120098
DA:97,120098
DA:98,120098
DA:100,120098
DA:101,120098
DA:102,120098
DA:104,120098
DA:105,120098
BRDA:105,0,0,0
BRDA:105,0,1,120098
DA:107,120098
DA:114,120098
BRDA:114,0,0,120098
BRDA:114,0,1,0
DA:115,120098
BRDA:115,0,0,120098
BRDA:115,0,1,0
DA:116,120098
BRDA:116,0,0,120098
BRDA:116,0,1,0
BRDA:116,0,2,120072
BRDA:116,0,3,26
DA:118,120072
DA:127,0
DA:134,0
BRDA:134,0,0,-
BRDA:134,0,1,-
DA:135,0
BRDA:135,0,0,-
BRDA:135,0,1,-
DA:137,0
DA:142,0
DA:144,0
DA:177,1552530
DA:179,1552530
DA:191,1545203
DA:193,1545203
DA:194,1545203
DA:196,120535
DA:198,120535
DA:199,120535
DA:201,58
DA:203,58
DA:204,58
DA:206,0
DA:208,0
DA:209,0
DA:211,0
DA:213,0
DA:216,0
DA:218,0
DA:236,58
DA:239,58
BRDA:239,0,0,0
BRDA:239,0,1,58
DA:240,0
DA:242,0
DA:244,58
DA:245,58
DA:246,58
DA:247,58
DA:257,58
DA:259,58
DA:260,58
DA:270,0
DA:272,0
DA:273,0
DA:279,0
DA:281,0
DA:282,0
end_of_record
SF:/home/asset/zephyrproject/zephyr/kernel/include/kswap.h
FN:205,z_swap_irqlock
FNDA:120072,z_swap_irqlock
DA:205,120072
DA:209,120072
DA:210,120071
end_of_record
TN:
SF:/home/asset/zephyrproject/zephyr/boards/posix/native_sim/misc.c
FN:12,set_realtime_default
FNDA:58,set_realtime_default
DA:12,58
DA:14,58
DA:15,58
end_of_record
TN:
SF:/home/asset/zephyrproject/zephyr/scripts/native_simulator/common/src/include/nsi_hw_scheduler.h
FN:19,nsi_hws_get_time
FNDA:0,nsi_hws_get_time
DA:19,0
DA:22,0
end_of_record
SF:/home/asset/zephyrproject/zephyr/boards/posix/native_sim/posix_arch_if.c
FN:18,posix_exit
FNDA:0,posix_exit
FN:23,posix_vprint_error_and_exit
FNDA:0,posix_vprint_error_and_exit
FN:28,posix_vprint_warning
FNDA:0,posix_vprint_warning
FN:33,posix_vprint_trace
FNDA:0,posix_vprint_trace
FN:38,posix_print_error_and_exit
FNDA:1,posix_print_error_and_exit
FN:47,posix_print_warning
FNDA:0,posix_print_warning
FN:56,posix_print_trace
FNDA:764,posix_print_trace
FN:65,posix_trace_over_tty
FNDA:0,posix_trace_over_tty
FN:70,posix_get_hw_cycle
FNDA:0,posix_get_hw_cycle
DA:18,0
DA:20,0
DA:23,0
DA:25,0
DA:26,0
DA:28,0
DA:30,0
DA:31,0
DA:33,0
DA:35,0
DA:36,0
DA:38,1
DA:42,1
DA:43,1
DA:44,0
DA:45,0
DA:47,0
DA:51,0
DA:52,0
DA:53,0
DA:54,0
DA:56,764
DA:60,764
DA:61,764
DA:62,764
DA:63,764
DA:65,0
DA:67,0
DA:70,0
DA:72,0
end_of_record
TN:
SF:/home/asset/zephyrproject/zephyr/boards/posix/native_sim/nsi_if.c
FN:11,nsif_cpu0_pre_cmdline_hooks
FNDA:58,nsif_cpu0_pre_cmdline_hooks
FN:16,nsif_cpu0_pre_hw_init_hooks
FNDA:58,nsif_cpu0_pre_hw_init_hooks
FN:21,nsif_cpu0_boot
FNDA:58,nsif_cpu0_boot
FN:28,nsif_cpu0_cleanup
FNDA:59,nsif_cpu0_cleanup
FN:38,nsif_cpu0_irq_raised
FNDA:120098,nsif_cpu0_irq_raised
DA:11,58
DA:13,58
DA:14,58
DA:16,58
DA:18,58
DA:19,58
DA:21,58
DA:23,58
DA:24,58
DA:25,58
DA:26,58
DA:28,59
DA:34,59
DA:35,58
DA:38,120098
DA:40,120098
DA:41,120097
end_of_record
TN:
SF:/home/asset/zephyrproject/zephyr/include/zephyr/net/buf.h
FN:809,net_buf_simple_tail
FNDA:23985,net_buf_simple_tail
DA:809,23985
DA:811,23985
end_of_record
SF:/home/asset/zephyrproject/zephyr/include/zephyr/sys/byteorder.h
FN:308,sys_put_be16
FNDA:0,sys_put_be16
FN:323,sys_put_be24
FNDA:0,sys_put_be24
FN:338,sys_put_be32
FNDA:0,sys_put_be32
FN:353,sys_put_be48
FNDA:0,sys_put_be48
FN:368,sys_put_be64
FNDA:0,sys_put_be64
FN:383,sys_put_le16
FNDA:0,sys_put_le16
FN:398,sys_put_le24
FNDA:0,sys_put_le24
FN:413,sys_put_le32
FNDA:0,sys_put_le32
FN:428,sys_put_le48
FNDA:0,sys_put_le48
FN:443,sys_put_le64
FNDA:0,sys_put_le64
DA:308,0
DA:310,0
DA:311,0
DA:312,0
DA:323,0
DA:325,0
DA:326,0
DA:327,0
DA:338,0
DA:340,0
DA:341,0
DA:342,0
DA:353,0
DA:355,0
DA:356,0
DA:357,0
DA:368,0
DA:370,0
DA:371,0
DA:372,0
DA:383,0
DA:385,0
DA:386,0
DA:387,0
DA:398,0
DA:400,0
DA:401,0
DA:402,0
DA:413,0
DA:415,0
DA:416,0
DA:417,0
DA:428,0
DA:430,0
DA:431,0
DA:432,0
DA:443,0
DA:445,0
DA:446,0
DA:447,0
end_of_record
SF:/home/asset/zephyrproject/zephyr/subsys/net/buf_simple.c
FN:32,net_buf_simple_init_with_data
FNDA:3,net_buf_simple_init_with_data
FN:41,net_buf_simple_reserve
FNDA:12846,net_buf_simple_reserve
FN:50,net_buf_simple_clone
FNDA:0,net_buf_simple_clone
FN:56,net_buf_simple_add
FNDA:23985,net_buf_simple_add
FN:68,net_buf_simple_add_mem
FNDA:6744,net_buf_simple_add_mem
FN:76,net_buf_simple_add_u8
FNDA:59,net_buf_simple_add_u8
FN:88,net_buf_simple_add_le16
FNDA:0,net_buf_simple_add_le16
FN:95,net_buf_simple_add_be16
FNDA:0,net_buf_simple_add_be16
FN:102,net_buf_simple_add_le24
FNDA:0,net_buf_simple_add_le24
FN:109,net_buf_simple_add_be24
FNDA:0,net_buf_simple_add_be24
FN:116,net_buf_simple_add_le32
FNDA:0,net_buf_simple_add_le32
FN:123,net_buf_simple_add_be32
FNDA:0,net_buf_simple_add_be32
FN:130,net_buf_simple_add_le48
FNDA:0,net_buf_simple_add_le48
FN:137,net_buf_simple_add_be48
FNDA:0,net_buf_simple_add_be48
FN:144,net_buf_simple_add_le64
FNDA:0,net_buf_simple_add_le64
FN:151,net_buf_simple_add_be64
FNDA:0,net_buf_simple_add_be64
FN:158,net_buf_simple_remove_mem
FNDA:0,net_buf_simple_remove_mem
FN:168,net_buf_simple_remove_u8
FNDA:0,net_buf_simple_remove_u8
FN:179,net_buf_simple_remove_le16
FNDA:0,net_buf_simple_remove_le16
FN:190,net_buf_simple_remove_be16
FNDA:0,net_buf_simple_remove_be16
FN:201,net_buf_simple_remove_le24
FNDA:0,net_buf_simple_remove_le24
FN:214,net_buf_simple_remove_be24
FNDA:0,net_buf_simple_remove_be24
FN:227,net_buf_simple_remove_le32
FNDA:0,net_buf_simple_remove_le32
FN:238,net_buf_simple_remove_be32
FNDA:0,net_buf_simple_remove_be32
FN:249,net_buf_simple_remove_le48
FNDA:0,net_buf_simple_remove_le48
FN:262,net_buf_simple_remove_be48
FNDA:0,net_buf_simple_remove_be48
FN:275,net_buf_simple_remove_le64
FNDA:0,net_buf_simple_remove_le64
FN:286,net_buf_simple_remove_be64
FNDA:0,net_buf_simple_remove_be64
FN:297,net_buf_simple_push
FNDA:13390,net_buf_simple_push
FN:308,net_buf_simple_push_mem
FNDA:0,net_buf_simple_push_mem
FN:316,net_buf_simple_push_le16
FNDA:0,net_buf_simple_push_le16
FN:323,net_buf_simple_push_be16
FNDA:0,net_buf_simple_push_be16
FN:330,net_buf_simple_push_u8
FNDA:5808,net_buf_simple_push_u8
FN:337,net_buf_simple_push_le24
FNDA:0,net_buf_simple_push_le24
FN:344,net_buf_simple_push_be24
FNDA:0,net_buf_simple_push_be24
FN:351,net_buf_simple_push_le32
FNDA:0,net_buf_simple_push_le32
FN:358,net_buf_simple_push_be32
FNDA:0,net_buf_simple_push_be32
FN:365,net_buf_simple_push_le48
FNDA:0,net_buf_simple_push_le48
FN:372,net_buf_simple_push_be48
FNDA:0,net_buf_simple_push_be48
FN:379,net_buf_simple_push_le64
FNDA:0,net_buf_simple_push_le64
FN:386,net_buf_simple_push_be64
FNDA:0,net_buf_simple_push_be64
FN:393,net_buf_simple_pull
FNDA:119,net_buf_simple_pull
FN:403,net_buf_simple_pull_mem
FNDA:9993,net_buf_simple_pull_mem
FN:417,net_buf_simple_pull_u8
FNDA:3,net_buf_simple_pull_u8
FN:427,net_buf_simple_pull_le16
FNDA:116,net_buf_simple_pull_le16
FN:437,net_buf_simple_pull_be16
FNDA:0,net_buf_simple_pull_be16
FN:447,net_buf_simple_pull_le24
FNDA:0,net_buf_simple_pull_le24
FN:459,net_buf_simple_pull_be24
FNDA:0,net_buf_simple_pull_be24
FN:471,net_buf_simple_pull_le32
FNDA:0,net_buf_simple_pull_le32
FN:481,net_buf_simple_pull_be32
FNDA:0,net_buf_simple_pull_be32
FN:491,net_buf_simple_pull_le48
FNDA:0,net_buf_simple_pull_le48
FN:503,net_buf_simple_pull_be48
FNDA:0,net_buf_simple_pull_be48
FN:515,net_buf_simple_pull_le64
FNDA:0,net_buf_simple_pull_le64
FN:525,net_buf_simple_pull_be64
FNDA:0,net_buf_simple_pull_be64
FN:535,net_buf_simple_headroom
FNDA:15145,net_buf_simple_headroom
FN:540,net_buf_simple_tailroom
FNDA:6786,net_buf_simple_tailroom
FN:545,net_buf_simple_max_len
FNDA:0,net_buf_simple_max_len
DA:32,3
DA:35,3
DA:36,3
DA:37,3
DA:38,3
DA:39,3
DA:41,12846
DA:47,12846
DA:48,12846
DA:50,0
DA:53,0
DA:54,0
DA:56,23985
DA:58,23985
DA:64,23985
DA:65,23985
DA:68,6744
DA:73,6744
DA:76,59
DA:82,59
DA:83,59
DA:85,59
DA:88,0
DA:92,0
DA:93,0
DA:95,0
DA:99,0
DA:100,0
DA:102,0
DA:106,0
DA:107,0
DA:109,0
DA:113,0
DA:114,0
DA:116,0
DA:120,0
DA:121,0
DA:123,0
DA:127,0
DA:128,0
DA:130,0
DA:134,0
DA:135,0
DA:137,0
DA:141,0
DA:142,0
DA:144,0
DA:148,0
DA:149,0
DA:151,0
DA:155,0
DA:156,0
DA:158,0
DA:164,0
DA:165,0
DA:168,0
DA:173,0
DA:174,0
DA:176,0
DA:179,0
DA:184,0
DA:185,0
DA:187,0
DA:190,0
DA:195,0
DA:196,0
DA:198,0
DA:201,0
DA:208,0
DA:209,0
DA:211,0
DA:214,0
DA:221,0
DA:222,0
DA:224,0
DA:227,0
DA:232,0
DA:233,0
DA:235,0
DA:238,0
DA:243,0
DA:244,0
DA:246,0
DA:249,0
DA:256,0
DA:257,0
DA:259,0
DA:262,0
DA:269,0
DA:270,0
DA:272,0
DA:275,0
DA:280,0
DA:281,0
DA:283,0
DA:286,0
DA:291,0
DA:292,0
DA:294,0
DA:297,13390
DA:303,13390
DA:304,13390
DA:305,13390
DA:308,0
DA:313,0
DA:316,0
DA:320,0
DA:321,0
DA:323,0
DA:327,0
DA:328,0
DA:330,5808
DA:332,5808
DA:334,5808
DA:335,5808
DA:337,0
DA:341,0
DA:342,0
DA:344,0
DA:348,0
DA:349,0
DA:351,0
DA:355,0
DA:356,0
DA:358,0
DA:362,0
DA:363,0
DA:365,0
DA:369,0
DA:370,0
DA:372,0
DA:376,0
DA:377,0
DA:379,0
DA:383,0
DA:384,0
DA:386,0
DA:390,0
DA:391,0
DA:393,119
DA:399,119
DA:400,119
DA:403,9993
DA:405,9993
DA:411,9993
DA:412,9993
DA:414,9993
DA:417,3
DA:421,3
DA:422,3
DA:424,3
DA:427,116
DA:431,116
DA:432,116
DA:434,116
DA:437,0
DA:441,0
DA:442,0
DA:444,0
DA:447,0
DA:453,0
DA:454,0
DA:456,0
DA:459,0
DA:465,0
DA:466,0
DA:468,0
DA:471,0
DA:475,0
DA:476,0
DA:478,0
DA:481,0
DA:485,0
DA:486,0
DA:488,0
DA:491,0
DA:497,0
DA:498,0
DA:500,0
DA:503,0
DA:509,0
DA:510,0
DA:512,0
DA:515,0
DA:519,0
DA:520,0
DA:522,0
DA:525,0
DA:529,0
DA:530,0
DA:532,0
DA:535,15145
DA:537,15145
DA:540,6786
DA:542,6786
DA:545,0
DA:547,0
end_of_record
TN:
SF:/home/asset/zephyrproject/build/zephyr/include/generated/syscalls/kernel.h
FN:684,k_queue_get
FNDA:26600,k_queue_get
DA:684,26600
DA:693,26600
DA:694,26600
end_of_record
SF:/home/asset/zephyrproject/zephyr/include/zephyr/arch/posix/arch.h
FN:71,arch_irq_lock
FNDA:14630,arch_irq_lock
FN:77,arch_irq_unlock
FNDA:14630,arch_irq_unlock
DA:71,14630
DA:73,14630
DA:77,14630
DA:79,14630
DA:80,14630
end_of_record
SF:/home/asset/zephyrproject/zephyr/subsys/net/buf.c
FN:48,net_buf_pool_get
FNDA:86552,net_buf_pool_get
FN:57,pool_id
FNDA:234,pool_id
FN:62,net_buf_id
FNDA:38390,net_buf_id
FN:72,pool_get_uninit
FNDA:234,pool_get_uninit
FN:88,net_buf_reset
FNDA:12846,net_buf_reset
FN:96,generic_data_ref
FNDA:0,generic_data_ref
FN:106,mem_pool_data_alloc
FNDA:0,mem_pool_data_alloc
FN:127,mem_pool_data_unref
FNDA:0,mem_pool_data_unref
FN:148,fixed_data_alloc
FNDA:12042,fixed_data_alloc
FN:159,fixed_data_unref
FNDA:12039,fixed_data_unref
FN:211,data_alloc
FNDA:12042,data_alloc
FN:218,data_ref
FNDA:0,data_ref
FN:230,net_buf_alloc_len
FNDA:12042,net_buf_alloc_len
FN:353,net_buf_alloc_fixed
FNDA:12042,net_buf_alloc_fixed
FN:366,net_buf_alloc_with_data
FNDA:0,net_buf_alloc_with_data
FN:392,net_buf_get
FNDA:14723,net_buf_get
FN:411,net_buf_slist_put
FNDA:1294,net_buf_slist_put
FN:423,net_buf_slist_get
FNDA:1294,net_buf_slist_get
FN:439,net_buf_put
FNDA:7177,net_buf_put
FN:450,net_buf_unref
FNDA:17441,net_buf_unref
FN:493,net_buf_ref
FNDA:5405,net_buf_ref
FN:503,net_buf_clone
FNDA:0,net_buf_clone
FN:545,net_buf_frag_last
FNDA:1466,net_buf_frag_last
FN:556,net_buf_frag_insert
FNDA:0,net_buf_frag_insert
FN:568,net_buf_frag_add
FNDA:0,net_buf_frag_add
FN:586,net_buf_frag_del
FNDA:0,net_buf_frag_del
FN:612,net_buf_linearize
FNDA:0,net_buf_linearize
FN:652,net_buf_append_bytes
FNDA:0,net_buf_append_bytes
FN:699,net_buf_data_match
FNDA:0,net_buf_data_match
DA:48,86552
DA:52,86552
DA:54,86552
DA:57,234
DA:59,234
DA:62,38390
DA:64,38390
DA:65,38390
DA:67,38390
DA:69,38390
DA:72,234
DA:75,234
DA:77,234
DA:80,234
DA:82,234
DA:83,234
DA:85,234
DA:88,12846
DA:93,12846
DA:94,12846
DA:96,0
DA:100,0
DA:101,0
DA:103,0
DA:106,0
DA:109,0
DA:110,0
DA:114,0
DA:116,0
BRDA:116,0,0,-
BRDA:116,0,1,-
DA:117,0
DA:120,0
DA:121,0
DA:124,0
DA:127,0
DA:129,0
DA:130,0
DA:133,0
DA:134,0
BRDA:134,0,0,-
BRDA:134,0,1,-
DA:135,0
DA:139,0
DA:148,12042
DA:151,12042
DA:152,12042
DA:154,12042
DA:156,12042
DA:159,12039
DA:162,12039
DA:211,12042
DA:213,12042
DA:215,12042
DA:218,0
DA:220,0
DA:222,0
DA:230,12042
DA:234,12042
DA:245,12042
DA:250,12042
BRDA:250,0,0,7926
BRDA:250,0,1,4116
DA:257,7926
BRDA:257,0,0,7761
BRDA:257,0,1,165
DA:258,7761
DA:259,7761
BRDA:259,0,0,7692
BRDA:259,0,1,69
DA:260,7692
DA:261,7692
DA:265,234
DA:266,234
DA:268,234
DA:269,234
DA:272,4116
DA:301,4116
DA:303,4116
BRDA:303,0,0,0
BRDA:303,0,1,4116
DA:305,0
DA:308,4116
DA:311,12042
BRDA:311,0,0,12042
BRDA:311,0,1,0
DA:315,12042
DA:316,12042
DA:317,12042
BRDA:317,0,0,0
BRDA:317,0,1,12042
DA:320,0
DA:321,0
DA:328,0
DA:331,12042
DA:332,12042
DA:333,12042
DA:334,12042
DA:335,12042
DA:341,12042
DA:353,12042
DA:356,12042
DA:366,0
DA:376,0
DA:378,0
BRDA:378,0,0,-
BRDA:378,0,1,-
DA:379,0
DA:382,0
DA:383,0
DA:385,0
DA:392,14723
DA:399,14723
DA:400,14723
BRDA:400,0,0,7546
BRDA:400,0,1,7177
DA:401,7546
DA:406,7177
DA:411,1294
DA:418,1294
DA:419,1294
DA:420,1294
DA:421,1294
DA:423,1294
DA:430,1294
DA:432,1294
DA:434,1294
DA:436,1294
DA:439,7177
DA:444,7177
DA:445,7177
DA:450,17441
DA:455,29480
BRDA:455,0,0,17441
BRDA:455,0,1,12039
DA:456,17441
DA:469,17441
BRDA:469,0,0,5402
BRDA:469,0,1,12039
DA:470,5402
DA:473,12039
DA:474,12039
DA:476,12039
DA:483,12039
BRDA:483,0,0,5337
BRDA:483,0,1,6702
DA:484,5337
DA:486,6702
DA:489,12039
DA:493,5405
DA:499,5405
DA:500,5405
DA:503,0
DA:505,0
DA:511,0
DA:513,0
DA:514,0
BRDA:514,0,0,-
BRDA:514,0,1,-
DA:515,0
DA:521,0
BRDA:521,0,0,-
BRDA:521,0,1,-
BRDA:521,0,2,-
BRDA:521,0,3,-
DA:522,0
DA:523,0
DA:524,0
DA:525,0
DA:527,0
DA:529,0
DA:531,0
DA:532,0
BRDA:532,0,0,-
BRDA:532,0,1,-
BRDA:532,0,2,-
BRDA:532,0,3,-
DA:533,0
DA:534,0
DA:537,0
DA:538,0
DA:539,0
DA:542,0
DA:545,1466
DA:549,1466
BRDA:549,0,0,0
BRDA:549,0,1,1466
DA:550,0
DA:553,1466
DA:556,0
DA:561,0
BRDA:561,0,0,-
BRDA:561,0,1,-
DA:562,0
DA:565,0
DA:566,0
DA:568,0
DA:572,0
BRDA:572,0,0,-
BRDA:572,0,1,-
DA:573,0
DA:576,0
DA:578,0
DA:586,0
DA:593,0
BRDA:593,0,0,-
BRDA:593,0,1,-
DA:596,0
DA:599,0
DA:601,0
DA:606,0
DA:609,0
DA:612,0
DA:619,0
DA:621,0
DA:624,0
BRDA:624,0,0,-
BRDA:624,0,1,-
BRDA:624,0,2,-
BRDA:624,0,3,-
DA:625,0
DA:626,0
DA:630,0
DA:631,0
BRDA:631,0,0,-
BRDA:631,0,1,-
BRDA:631,0,2,-
BRDA:631,0,3,-
DA:632,0
DA:633,0
DA:635,0
DA:638,0
DA:639,0
DA:642,0
DA:645,0
DA:652,0
DA:656,0
DA:657,0
DA:658,0
DA:661,0
DA:662,0
BRDA:662,0,0,-
BRDA:662,0,1,-
DA:664,0
DA:665,0
DA:666,0
DA:667,0
DA:669,0
BRDA:669,0,0,-
BRDA:669,0,1,-
DA:670,0
DA:673,0
BRDA:673,0,0,-
BRDA:673,0,1,-
DA:674,0
DA:681,0
DA:682,0
DA:683,0
BRDA:683,0,0,-
BRDA:683,0,1,-
DA:688,0
BRDA:688,0,0,-
BRDA:688,0,1,-
DA:689,0
DA:692,0
DA:699,0
DA:701,0
DA:703,0
DA:706,0
BRDA:706,0,0,-
BRDA:706,0,1,-
BRDA:706,0,2,-
BRDA:706,0,3,-
DA:707,0
DA:711,0
BRDA:711,0,0,-
BRDA:711,0,1,-
BRDA:711,0,2,-
BRDA:711,0,3,-
DA:712,0
DA:713,0
DA:716,0
BRDA:716,0,0,-
BRDA:716,0,1,-
BRDA:716,0,2,-
BRDA:716,0,3,-
DA:717,0
DA:718,0
DA:720,0
BRDA:720,0,0,-
BRDA:720,0,1,-
DA:721,0
BRDA:721,0,0,-
BRDA:721,0,1,-
DA:722,0
DA:724,0
DA:727,0
DA:728,0
DA:729,0
DA:732,0
end_of_record
SF:/home/asset/zephyrproject/zephyr/include/zephyr/spinlock.h
FN:132,z_spinlock_validate_pre
FNDA:14630,z_spinlock_validate_pre
FN:143,z_spinlock_validate_post
FNDA:14630,z_spinlock_validate_post
FN:182,k_spin_lock
FNDA:14630,k_spin_lock
FN:300,k_spin_unlock
FNDA:14630,k_spin_unlock
DA:132,14630
DA:141,14630
DA:143,14630
DA:152,14630
DA:182,14630
DA:191,14630
DA:193,14630
DA:211,14630
DA:213,14630
DA:300,14630
DA:331,14630
DA:332,14630
end_of_record
SF:/home/asset/zephyrproject/zephyr/include/zephyr/sys/slist.h
FN:211,z_snode_next_peek
FNDA:1294,z_snode_next_peek
FN:216,z_snode_next_set
FNDA:1376,z_snode_next_set
FN:221,z_slist_head_set
FNDA:2506,z_slist_head_set
FN:226,z_slist_tail_set
FNDA:2506,z_slist_tail_set
FN:238,sys_slist_peek_head
FNDA:3800,sys_slist_peek_head
FN:250,sys_slist_peek_tail
FNDA:2670,sys_slist_peek_tail
FN:268,sys_slist_is_empty
FNDA:1294,sys_slist_is_empty
FN:318,sys_slist_append
FNDA:1294,sys_slist_append
FN:379,sys_slist_get_not_empty
FNDA:1294,sys_slist_get_not_empty
FN:392,sys_slist_get
FNDA:1294,sys_slist_get
DA:211,1294
DA:213,1294
DA:216,1376
DA:218,1376
DA:219,1376
DA:221,2506
DA:223,2506
DA:224,2506
DA:226,2506
DA:228,2506
DA:229,2506
DA:238,3800
DA:240,3800
DA:250,2670
DA:252,2670
DA:268,1294
DA:318,1294
BRDA:318,0,0,1212
BRDA:318,0,1,82
DA:379,1294
BRDA:379,0,0,1212
BRDA:379,0,1,82
DA:392,1294
BRDA:392,0,0,1294
BRDA:392,0,1,0
end_of_record
SF:/home/asset/zephyrproject/zephyr/include/zephyr/net/buf.h
FN:170,net_buf_simple_reset
FNDA:12846,net_buf_simple_reset
FN:1351,net_buf_destroy
FNDA:6702,net_buf_destroy
FN:1511,net_buf_add_mem
FNDA:0,net_buf_add_mem
FN:2256,net_buf_tailroom
FNDA:0,net_buf_tailroom
FN:2270,net_buf_headroom
FNDA:0,net_buf_headroom
DA:170,12846
DA:172,12846
DA:173,12846
DA:174,12846
DA:1351,6702
DA:1353,6702
DA:1355,6702
BRDA:1355,0,0,6702
BRDA:1355,0,1,0
DA:1356,6702
BRDA:1356,0,0,6702
BRDA:1356,0,1,0
DA:1357,6702
DA:1359,6702
DA:1362,6702
DA:1363,6702
DA:1511,0
DA:1514,0
DA:2256,0
DA:2258,0
DA:2270,0
DA:2272,0
end_of_record
TN:
SF:/home/asset/zephyrproject/zephyr/subsys/bluetooth/crypto/bt_crypto.c
FN:21,bt_crypto_aes_cmac
FNDA:0,bt_crypto_aes_cmac
FN:41,bt_crypto_f4
FNDA:0,bt_crypto_f4
FN:78,bt_crypto_f5
FNDA:0,bt_crypto_f5
FN:139,bt_crypto_f6
FNDA:0,bt_crypto_f6
FN:182,bt_crypto_g2
FNDA:0,bt_crypto_g2
FN:214,bt_crypto_h6
FNDA:0,bt_crypto_h6
FN:238,bt_crypto_h7
FNDA:0,bt_crypto_h7
FN:262,bt_crypto_h8
FNDA:0,bt_crypto_h8
DA:21,0
DA:26,0
BRDA:26,0,0,-
BRDA:26,0,1,-
DA:27,0
DA:30,0
BRDA:30,0,0,-
BRDA:30,0,1,-
DA:31,0
DA:34,0
BRDA:34,0,0,-
BRDA:34,0,1,-
DA:35,0
DA:38,0
DA:41,0
DA:47,0
BRDA:47,0,0,-
BRDA:47,0,1,-
BRDA:47,0,2,-
BRDA:47,0,3,-
DA:48,0
BRDA:48,0,0,-
BRDA:48,0,1,-
BRDA:48,0,2,-
BRDA:48,0,3,-
DA:49,0
BRDA:49,0,0,-
BRDA:49,0,1,-
BRDA:49,0,2,-
BRDA:49,0,3,-
DA:60,0
DA:61,0
DA:62,0
DA:64,0
DA:66,0
DA:67,0
BRDA:67,0,0,-
BRDA:67,0,1,-
DA:68,0
DA:71,0
DA:73,0
BRDA:73,0,0,-
BRDA:73,0,1,-
BRDA:73,0,2,-
BRDA:73,0,3,-
DA:75,0
DA:78,0
DA:83,0
DA:95,0
BRDA:95,0,0,-
BRDA:95,0,1,-
BRDA:95,0,2,-
BRDA:95,0,3,-
DA:96,0
BRDA:96,0,0,-
BRDA:96,0,1,-
BRDA:96,0,2,-
BRDA:96,0,3,-
DA:97,0
BRDA:97,0,0,-
BRDA:97,0,1,-
BRDA:97,0,2,-
BRDA:97,0,3,-
DA:99,0
DA:101,0
DA:102,0
BRDA:102,0,0,-
BRDA:102,0,1,-
DA:103,0
DA:106,0
BRDA:106,0,0,-
BRDA:106,0,1,-
BRDA:106,0,2,-
BRDA:106,0,3,-
DA:108,0
DA:109,0
DA:110,0
DA:111,0
DA:112,0
DA:113,0
DA:115,0
DA:116,0
BRDA:116,0,0,-
BRDA:116,0,1,-
DA:117,0
DA:120,0
BRDA:120,0,0,-
BRDA:120,0,1,-
BRDA:120,0,2,-
BRDA:120,0,3,-
DA:122,0
DA:125,0
DA:127,0
DA:128,0
BRDA:128,0,0,-
BRDA:128,0,1,-
DA:129,0
DA:132,0
BRDA:132,0,0,-
BRDA:132,0,1,-
BRDA:132,0,2,-
BRDA:132,0,3,-
DA:134,0
DA:136,0
DA:139,0
DA:147,0
BRDA:147,0,0,-
BRDA:147,0,1,-
BRDA:147,0,2,-
BRDA:147,0,3,-
DA:148,0
BRDA:148,0,0,-
BRDA:148,0,1,-
BRDA:148,0,2,-
BRDA:148,0,3,-
DA:149,0
BRDA:149,0,0,-
BRDA:149,0,1,-
BRDA:149,0,2,-
BRDA:149,0,3,-
DA:150,0
BRDA:150,0,0,-
BRDA:150,0,1,-
BRDA:150,0,2,-
BRDA:150,0,3,-
DA:151,0
BRDA:151,0,0,-
BRDA:151,0,1,-
BRDA:151,0,2,-
BRDA:151,0,3,-
DA:152,0
BRDA:152,0,0,-
BRDA:152,0,1,-
BRDA:152,0,2,-
BRDA:152,0,3,-
DA:153,0
BRDA:153,0,0,-
BRDA:153,0,1,-
BRDA:153,0,2,-
BRDA:153,0,3,-
DA:155,0
DA:156,0
DA:157,0
DA:158,0
DA:160,0
DA:161,0
DA:162,0
DA:164,0
DA:165,0
DA:166,0
DA:168,0
DA:170,0
DA:171,0
BRDA:171,0,0,-
BRDA:171,0,1,-
DA:172,0
DA:175,0
BRDA:175,0,0,-
BRDA:175,0,1,-
BRDA:175,0,2,-
BRDA:175,0,3,-
DA:177,0
DA:179,0
DA:182,0
DA:188,0
BRDA:188,0,0,-
BRDA:188,0,1,-
BRDA:188,0,2,-
BRDA:188,0,3,-
DA:189,0
BRDA:189,0,0,-
BRDA:189,0,1,-
BRDA:189,0,2,-
BRDA:189,0,3,-
DA:190,0
BRDA:190,0,0,-
BRDA:190,0,1,-
BRDA:190,0,2,-
BRDA:190,0,3,-
DA:191,0
BRDA:191,0,0,-
BRDA:191,0,1,-
BRDA:191,0,2,-
BRDA:191,0,3,-
DA:193,0
DA:194,0
DA:195,0
DA:197,0
DA:200,0
DA:201,0
BRDA:201,0,0,-
BRDA:201,0,1,-
DA:202,0
DA:204,0
BRDA:204,0,0,-
BRDA:204,0,1,-
BRDA:204,0,2,-
BRDA:204,0,3,-
DA:206,0
DA:207,0
DA:209,0
BRDA:209,0,0,-
BRDA:209,0,1,-
BRDA:209,0,2,-
BRDA:209,0,3,-
DA:211,0
DA:214,0
DA:220,0
BRDA:220,0,0,-
BRDA:220,0,1,-
BRDA:220,0,2,-
BRDA:220,0,3,-
DA:221,0
BRDA:221,0,0,-
BRDA:221,0,1,-
BRDA:221,0,2,-
BRDA:221,0,3,-
DA:223,0
DA:224,0
DA:226,0
DA:227,0
BRDA:227,0,0,-
BRDA:227,0,1,-
DA:228,0
DA:231,0
BRDA:231,0,0,-
BRDA:231,0,1,-
BRDA:231,0,2,-
BRDA:231,0,3,-
DA:233,0
DA:235,0
DA:238,0
DA:244,0
BRDA:244,0,0,-
BRDA:244,0,1,-
BRDA:244,0,2,-
BRDA:244,0,3,-
DA:245,0
BRDA:245,0,0,-
BRDA:245,0,1,-
BRDA:245,0,2,-
BRDA:245,0,3,-
DA:247,0
DA:248,0
DA:250,0
DA:251,0
BRDA:251,0,0,-
BRDA:251,0,1,-
DA:252,0
DA:255,0
BRDA:255,0,0,-
BRDA:255,0,1,-
BRDA:255,0,2,-
BRDA:255,0,3,-
DA:257,0
DA:259,0
DA:262,0
DA:270,0
BRDA:270,0,0,-
BRDA:270,0,1,-
BRDA:270,0,2,-
BRDA:270,0,3,-
DA:271,0
BRDA:271,0,0,-
BRDA:271,0,1,-
BRDA:271,0,2,-
BRDA:271,0,3,-
DA:272,0
BRDA:272,0,0,-
BRDA:272,0,1,-
BRDA:272,0,2,-
BRDA:272,0,3,-
DA:274,0
DA:275,0
DA:277,0
DA:278,0
BRDA:278,0,0,-
BRDA:278,0,1,-
DA:279,0
DA:282,0
DA:284,0
DA:285,0
BRDA:285,0,0,-
BRDA:285,0,1,-
DA:286,0
DA:289,0
BRDA:289,0,0,-
BRDA:289,0,1,-
BRDA:289,0,2,-
BRDA:289,0,3,-
DA:291,0
DA:293,0
end_of_record
SF:/home/asset/zephyrproject/zephyr/include/zephyr/logging/log_msg.h
FN:709,z_log_msg_runtime_create
FNDA:0,z_log_msg_runtime_create
DA:709,0
DA:717,0
DA:718,0
DA:720,0
DA:721,0
end_of_record
SF:/home/asset/zephyrproject/zephyr/include/zephyr/sys/byteorder.h
FN:612,sys_memcpy_swap
FNDA:0,sys_memcpy_swap
FN:638,sys_mem_swap
FNDA:0,sys_mem_swap
DA:612,0
DA:614,0
DA:615,0
DA:621,0
DA:623,0
BRDA:623,0,0,-
BRDA:623,0,1,-
DA:624,0
DA:626,0
DA:638,0
DA:642,0
BRDA:642,0,0,-
BRDA:642,0,1,-
DA:643,0
DA:645,0
DA:646,0
DA:648,0
end_of_record
SF:/home/asset/zephyrproject/zephyr/include/zephyr/syscall.h
FN:115,k_is_user_context
FNDA:0,k_is_user_context
DA:115,0
DA:120,0
end_of_record
TN:
SF:/home/asset/zephyrproject/zephyr/include/zephyr/net/buf.h
FN:1494,net_buf_add
FNDA:0,net_buf_add
DA:1494,0
DA:1496,0
end_of_record
SF:/home/asset/zephyrproject/zephyr/subsys/bluetooth/host/hci_common.c
FN:11,bt_hci_evt_create
FNDA:0,bt_hci_evt_create
FN:25,bt_hci_cmd_complete_create
FNDA:0,bt_hci_cmd_complete_create
FN:39,bt_hci_cmd_status_create
FNDA:0,bt_hci_cmd_status_create
DA:11,0
DA:16,0
DA:18,0
DA:19,0
DA:20,0
DA:22,0
DA:25,0
DA:30,0
DA:32,0
DA:33,0
DA:34,0
DA:36,0
DA:39,0
DA:44,0
DA:46,0
DA:47,0
DA:48,0
DA:49,0
DA:51,0
end_of_record
TN:
SF:/home/asset/zephyrproject/zephyr/include/zephyr/sys/atomic_builtin.h
FN:58,atomic_get
FNDA:0,atomic_get
FN:92,atomic_or
FNDA:0,atomic_or
FN:102,atomic_and
FNDA:0,atomic_and
DA:58,0
DA:60,0
DA:92,0
DA:94,0
DA:102,0
DA:104,0
end_of_record
SF:/home/asset/zephyrproject/zephyr/include/zephyr/logging/log_msg.h
FN:709,z_log_msg_runtime_create
FNDA:30,z_log_msg_runtime_create
DA:709,30
DA:717,30
DA:718,30
DA:720,30
DA:721,30
end_of_record
SF:/home/asset/zephyrproject/zephyr/include/zephyr/sys/atomic.h
FN:127,atomic_test_bit
FNDA:0,atomic_test_bit
FN:170,atomic_test_and_set_bit
FNDA:0,atomic_test_and_set_bit
FN:191,atomic_clear_bit
FNDA:0,atomic_clear_bit
FN:209,atomic_set_bit
FNDA:0,atomic_set_bit
DA:127,0
DA:129,0
DA:131,0
DA:170,0
DA:172,0
DA:175,0
DA:177,0
DA:191,0
DA:193,0
DA:195,0
DA:196,0
DA:209,0
DA:211,0
DA:213,0
DA:214,0
end_of_record
SF:/home/asset/zephyrproject/zephyr/include/zephyr/net/buf.h
FN:1494,net_buf_add
FNDA:0,net_buf_add
DA:1494,0
DA:1496,0
end_of_record
SF:/home/asset/zephyrproject/zephyr/include/zephyr/sys/slist.h
FN:199,sys_slist_init
FNDA:0,sys_slist_init
FN:211,z_snode_next_peek
FNDA:0,z_snode_next_peek
FN:216,z_snode_next_set
FNDA:0,z_snode_next_set
FN:221,z_slist_head_set
FNDA:0,z_slist_head_set
FN:226,z_slist_tail_set
FNDA:0,z_slist_tail_set
FN:238,sys_slist_peek_head
FNDA:0,sys_slist_peek_head
FN:250,sys_slist_peek_tail
FNDA:0,sys_slist_peek_tail
FN:281,sys_slist_peek_next_no_check
FNDA:0,sys_slist_peek_next_no_check
FN:292,sys_slist_peek_next
FNDA:0,sys_slist_peek_next
FN:305,sys_slist_prepend
FNDA:0,sys_slist_prepend
DA:199,0
DA:201,0
DA:202,0
DA:203,0
DA:211,0
DA:213,0
DA:216,0
DA:218,0
DA:219,0
DA:221,0
DA:223,0
DA:224,0
DA:226,0
DA:228,0
DA:229,0
DA:238,0
DA:240,0
DA:250,0
DA:252,0
DA:281,0
DA:292,0
BRDA:292,0,0,-
BRDA:292,0,1,-
DA:305,0
BRDA:305,0,0,-
BRDA:305,0,1,-
end_of_record
SF:/home/asset/zephyrproject/zephyr/include/zephyr/syscall.h
FN:115,k_is_user_context
FNDA:30,k_is_user_context
DA:115,30
DA:120,30
end_of_record
SF:/home/asset/zephyrproject/zephyr/subsys/bluetooth/host/ecc.c
FN:37,bt_pub_key_is_debug
FNDA:0,bt_pub_key_is_debug
FN:42,bt_pub_key_gen
FNDA:30,bt_pub_key_gen
FN:108,bt_pub_key_hci_disrupted
FNDA:0,bt_pub_key_hci_disrupted
FN:123,bt_pub_key_get
FNDA:0,bt_pub_key_get
FN:137,hci_generate_dhkey_v1
FNDA:0,hci_generate_dhkey_v1
FN:153,hci_generate_dhkey_v2
FNDA:0,hci_generate_dhkey_v2
FN:170,bt_dh_key_gen
FNDA:0,bt_dh_key_gen
FN:205,bt_hci_evt_le_pkey_complete
FNDA:0,bt_hci_evt_le_pkey_complete
FN:228,bt_hci_evt_le_dhkey_complete
FNDA:0,bt_hci_evt_le_dhkey_complete
DA:37,0
DA:39,0
DA:42,30
DA:53,30
BRDA:53,0,0,0
BRDA:53,0,1,30
DA:54,0
BRDA:54,0,0,-
BRDA:54,0,1,-
DA:55,30
BRDA:55,0,0,0
BRDA:55,0,1,30
BRDA:55,0,2,0
BRDA:55,0,3,30
DA:56,30
DA:70,0
BRDA:70,0,0,-
BRDA:70,0,1,-
DA:71,0
DA:74,0
BRDA:74,0,0,-
BRDA:74,0,1,-
BRDA:74,0,2,-
BRDA:74,0,3,-
BRDA:74,0,4,-
BRDA:74,0,5,-
BRDA:74,0,6,-
BRDA:74,0,7,-
DA:75,0
BRDA:75,0,0,-
BRDA:75,0,1,-
DA:76,0
BRDA:76,0,0,-
BRDA:76,0,1,-
BRDA:76,0,2,-
BRDA:76,0,3,-
DA:77,0
DA:81,0
DA:83,0
BRDA:83,0,0,-
BRDA:83,0,1,-
DA:84,0
DA:87,0
DA:89,0
DA:90,0
BRDA:90,0,0,-
BRDA:90,0,1,-
DA:92,0
BRDA:92,0,0,-
BRDA:92,0,1,-
BRDA:92,0,2,-
BRDA:92,0,3,-
DA:93,0
DA:95,0
BRDA:95,0,0,-
BRDA:95,0,1,-
BRDA:95,0,2,-
BRDA:95,0,3,-
BRDA:95,0,4,-
BRDA:95,0,5,-
BRDA:95,0,6,-
BRDA:95,0,7,-
DA:96,0
BRDA:96,0,0,-
BRDA:96,0,1,-
DA:97,0
DA:101,0
DA:102,0
DA:105,0
DA:108,0
DA:112,0
DA:114,0
BRDA:114,0,0,-
BRDA:114,0,1,-
BRDA:114,0,2,-
BRDA:114,0,3,-
BRDA:114,0,4,-
BRDA:114,0,5,-
BRDA:114,0,6,-
BRDA:114,0,7,-
DA:115,0
BRDA:115,0,0,-
BRDA:115,0,1,-
DA:116,0
DA:120,0
DA:121,0
DA:123,0
DA:130,0
BRDA:130,0,0,-
BRDA:130,0,1,-
DA:131,0
DA:134,0
DA:137,0
DA:142,0
DA:143,0
BRDA:143,0,0,-
BRDA:143,0,1,-
DA:144,0
DA:147,0
DA:148,0
DA:150,0
DA:153,0
DA:158,0
DA:159,0
BRDA:159,0,0,-
BRDA:159,0,1,-
DA:160,0
DA:163,0
DA:164,0
DA:165,0
DA:167,0
DA:170,0
DA:174,0
BRDA:174,0,0,-
BRDA:174,0,1,-
DA:175,0
DA:178,0
BRDA:178,0,0,-
BRDA:178,0,1,-
BRDA:178,0,2,-
BRDA:178,0,3,-
DA:179,0
DA:182,0
BRDA:182,0,0,-
BRDA:182,0,1,-
DA:183,0
DA:186,0
DA:193,0
DA:196,0
BRDA:196,0,0,-
BRDA:196,0,1,-
DA:197,0
DA:198,0
BRDA:198,0,0,-
BRDA:198,0,1,-
BRDA:198,0,2,-
BRDA:198,0,3,-
DA:199,0
DA:202,0
DA:205,0
DA:207,0
DA:210,0
BRDA:210,0,0,-
BRDA:210,0,1,-
BRDA:210,0,2,-
BRDA:210,0,3,-
DA:212,0
DA:214,0
BRDA:214,0,0,-
BRDA:214,0,1,-
DA:215,0
DA:216,0
DA:219,0
BRDA:219,0,0,-
BRDA:219,0,1,-
BRDA:219,0,2,-
BRDA:219,0,3,-
BRDA:219,0,4,-
BRDA:219,0,5,-
BRDA:219,0,6,-
BRDA:219,0,7,-
DA:220,0
BRDA:220,0,0,-
BRDA:220,0,1,-
DA:221,0
BRDA:221,0,0,-
BRDA:221,0,1,-
DA:225,0
DA:226,0
DA:228,0
DA:230,0
DA:232,0
BRDA:232,0,0,-
BRDA:232,0,1,-
BRDA:232,0,2,-
BRDA:232,0,3,-
DA:234,0
BRDA:234,0,0,-
BRDA:234,0,1,-
DA:235,0
DA:237,0
DA:238,0
BRDA:238,0,0,-
BRDA:238,0,1,-
DA:240,0
end_of_record
TN:
SF:/home/asset/zephyrproject/zephyr/include/zephyr/net/buf.h
FN:1494,net_buf_add
FNDA:5158,net_buf_add
DA:1494,5158
DA:1496,5158
end_of_record
SF:/home/asset/zephyrproject/zephyr/include/zephyr/sys/atomic.h
FN:127,atomic_test_bit
FNDA:5080,atomic_test_bit
FN:147,atomic_test_and_clear_bit
FNDA:0,atomic_test_and_clear_bit
FN:170,atomic_test_and_set_bit
FNDA:63,atomic_test_and_set_bit
FN:191,atomic_clear_bit
FNDA:60,atomic_clear_bit
FN:209,atomic_set_bit
FNDA:150,atomic_set_bit
DA:127,5080
DA:129,5080
DA:131,5080
DA:147,0
DA:149,0
DA:152,0
DA:154,0
DA:170,63
DA:172,63
DA:175,63
DA:177,63
DA:191,60
DA:193,60
DA:195,60
DA:196,60
DA:209,150
DA:211,150
DA:213,150
DA:214,150
end_of_record
SF:/home/asset/zephyrproject/zephyr/include/zephyr/sys/slist.h
FN:211,z_snode_next_peek
FNDA:18,z_snode_next_peek
FN:216,z_snode_next_set
FNDA:29,z_snode_next_set
FN:221,z_slist_head_set
FNDA:29,z_slist_head_set
FN:226,z_slist_tail_set
FNDA:29,z_slist_tail_set
FN:238,sys_slist_peek_head
FNDA:46,sys_slist_peek_head
FN:250,sys_slist_peek_tail
FNDA:29,sys_slist_peek_tail
FN:268,sys_slist_is_empty
FNDA:0,sys_slist_is_empty
FN:281,sys_slist_peek_next_no_check
FNDA:18,sys_slist_peek_next_no_check
FN:292,sys_slist_peek_next
FNDA:18,sys_slist_peek_next
FN:318,sys_slist_append
FNDA:29,sys_slist_append
FN:408,sys_slist_remove
FNDA:0,sys_slist_remove
DA:211,18
DA:213,18
DA:216,29
DA:218,29
DA:219,29
DA:221,29
DA:223,29
DA:224,29
DA:226,29
DA:228,29
DA:229,29
DA:238,46
DA:240,46
DA:250,29
DA:252,29
DA:268,0
DA:281,18
DA:292,18
BRDA:292,0,0,18
BRDA:292,0,1,0
DA:318,29
BRDA:318,0,0,29
BRDA:318,0,1,0
DA:408,0
BRDA:408,0,0,-
BRDA:408,0,1,-
BRDA:408,0,2,-
BRDA:408,0,3,-
BRDA:408,0,4,-
BRDA:408,0,5,-
end_of_record
SF:/home/asset/zephyrproject/zephyr/include/zephyr/syscall.h
FN:115,k_is_user_context
FNDA:0,k_is_user_context
DA:115,0
DA:120,0
end_of_record
SF:/home/asset/zephyrproject/zephyr/include/zephyr/logging/log_msg.h
FN:709,z_log_msg_runtime_create
FNDA:0,z_log_msg_runtime_create
DA:709,0
DA:717,0
DA:718,0
DA:720,0
DA:721,0
end_of_record
SF:/home/asset/zephyrproject/zephyr/include/zephyr/kernel.h
FN:4037,k_work_delayable_from_work
FNDA:0,k_work_delayable_from_work
DA:4037,0
DA:4039,0
end_of_record
SF:/home/asset/zephyrproject/zephyr/include/zephyr/sys/byteorder.h
FN:534,sys_get_le16
FNDA:0,sys_get_le16
FN:638,sys_mem_swap
FNDA:30,sys_mem_swap
DA:534,0
DA:536,0
DA:638,30
DA:642,270
BRDA:642,0,0,240
BRDA:642,0,1,30
DA:643,240
DA:645,240
DA:646,240
DA:648,30
end_of_record
SF:/home/asset/zephyrproject/zephyr/include/zephyr/bluetooth/gatt.h
FN:521,bt_gatt_foreach_attr
FNDA:5216,bt_gatt_foreach_attr
DA:521,5216
DA:525,5216
DA:527,5216
end_of_record
SF:/home/asset/zephyrproject/zephyr/include/zephyr/sys/atomic_builtin.h
FN:58,atomic_get
FNDA:5080,atomic_get
FN:68,atomic_set
FNDA:0,atomic_set
FN:92,atomic_or
FNDA:213,atomic_or
FN:102,atomic_and
FNDA:60,atomic_and
DA:58,5080
DA:60,5080
DA:68,0
DA:74,0
DA:92,213
DA:94,213
DA:102,60
DA:104,60
end_of_record
SF:/home/asset/zephyrproject/zephyr/subsys/bluetooth/host/gatt.c
FN:98,read_name
FNDA:3,read_name
FN:132,read_appearance
FNDA:3,read_appearance
FN:198,read_ppcp
FNDA:3,read_ppcp
FN:320,find_sc_cfg
FNDA:3,find_sc_cfg
FN:334,sc_store
FNDA:0,sc_store
FN:348,clear_sc_cfg
FNDA:0,clear_sc_cfg
FN:353,bt_gatt_clear_sc
FNDA:0,bt_gatt_clear_sc
FN:379,sc_clear
FNDA:3,sc_clear
FN:398,sc_reset
FNDA:0,sc_reset
FN:409,update_range
FNDA:0,update_range
FN:432,sc_save
FNDA:0,sc_save
FN:469,sc_ccc_cfg_write
FNDA:3,sc_ccc_cfg_write
FN:527,clear_cf_cfg
FNDA:0,clear_cf_cfg
FN:546,set_change_aware_no_store
FNDA:3,set_change_aware_no_store
FN:561,set_change_aware
FNDA:3,set_change_aware
FN:576,set_all_change_unaware
FNDA:0,set_all_change_unaware
FN:598,find_cf_cfg
FNDA:248,find_cf_cfg
FN:617,cf_read
FNDA:4,cf_read
FN:632,cf_set_value
FNDA:3,cf_set_value
FN:659,cf_write
FNDA:4,cf_write
FN:736,gen_hash_m
FNDA:1710,gen_hash_m
FN:811,db_hash_store
FNDA:0,db_hash_store
FN:825,db_hash_gen
FNDA:30,db_hash_gen
FN:859,do_db_hash
FNDA:60,do_db_hash
FN:925,db_hash_process
FNDA:30,db_hash_process
FN:930,db_hash_read
FNDA:4,db_hash_read
FN:965,remove_cf_cfg
FNDA:0,remove_cf_cfg
FN:1006,bt_gatt_store_cf
FNDA:0,bt_gatt_store_cf
FN:1061,convert_to_id_on_match
FNDA:0,convert_to_id_on_match
FN:1086,bt_gatt_identity_resolved
FNDA:0,bt_gatt_identity_resolved
FN:1114,bt_gatt_pairing_complete
FNDA:0,bt_gatt_pairing_complete
FN:1238,sc_work_submit
FNDA:0,sc_work_submit
FN:1246,sc_indicate_rsp
FNDA:0,sc_indicate_rsp
FN:1280,sc_process
FNDA:0,sc_process
FN:1315,clear_ccc_cfg
FNDA:0,clear_ccc_cfg
FN:1338,gatt_delayed_store_find
FNDA:15,gatt_delayed_store_find
FN:1356,gatt_delayed_store_free
FNDA:0,gatt_delayed_store_free
FN:1366,gatt_delayed_store_alloc
FNDA:0,gatt_delayed_store_alloc
FN:1389,gatt_delayed_store_enqueue
FNDA:15,gatt_delayed_store_enqueue
FN:1408,delayed_store
FNDA:0,delayed_store
FN:1423,gatt_store_ccc_cf
FNDA:0,gatt_store_ccc_cf
FN:1446,bt_gatt_service_init
FNDA:30,bt_gatt_service_init
FN:1457,bt_gatt_init
FNDA:30,bt_gatt_init
FN:1516,sc_indicate
FNDA:0,sc_indicate
FN:1543,bt_gatt_cb_register
FNDA:29,bt_gatt_cb_register
FN:1738,bt_gatt_attr_read
FNDA:1806,bt_gatt_attr_read
FN:1757,bt_gatt_attr_read_service
FNDA:518,bt_gatt_attr_read_service
FN:1780,get_service_handles
FNDA:0,get_service_handles
FN:1796,bt_gatt_attr_get_handle
FNDA:15678,bt_gatt_attr_get_handle
FN:1826,bt_gatt_attr_read_included
FNDA:0,bt_gatt_attr_read_included
FN:1865,bt_gatt_attr_value_handle
FNDA:5884,bt_gatt_attr_value_handle
FN:1882,bt_gatt_attr_read_chrc
FNDA:1190,bt_gatt_attr_read_chrc
FN:1913,gatt_foreach_iter
FNDA:51765,gatt_foreach_iter
FN:1953,foreach_attr_type_dyndb
FNDA:137,foreach_attr_type_dyndb
FN:1990,bt_gatt_foreach_attr_type
FNDA:11104,bt_gatt_foreach_attr_type
FN:2029,find_next
FNDA:5187,find_next
FN:2039,bt_gatt_attr_next
FNDA:5158,bt_gatt_attr_next
FN:2049,find_ccc_cfg
FNDA:40,find_ccc_cfg
FN:2068,bt_gatt_attr_read_ccc
FNDA:16,bt_gatt_attr_read_ccc
FN:2088,gatt_ccc_changed
FNDA:12,gatt_ccc_changed
FN:2110,bt_gatt_attr_write_ccc
FNDA:13,bt_gatt_attr_write_ccc
FN:2192,bt_gatt_attr_read_cep
FNDA:33,bt_gatt_attr_read_cep
FN:2203,bt_gatt_attr_read_cud
FNDA:0,bt_gatt_attr_read_cud
FN:2221,bt_gatt_attr_read_cpf
FNDA:3,bt_gatt_attr_read_cpf
FN:2406,gatt_notify
FNDA:2579,gatt_notify
FN:2473,att_err_from_int
FNDA:0,att_err_from_int
FN:2485,gatt_indicate_rsp
FNDA:0,gatt_indicate_rsp
FN:2500,gatt_req_alloc
FNDA:0,gatt_req_alloc
FN:2569,gatt_indicate
FNDA:0,gatt_indicate
FN:2648,notify_cb
FNDA:4665,notify_cb
FN:2755,match_uuid
FNDA:0,match_uuid
FN:2766,gatt_find_by_uuid
FNDA:0,gatt_find_by_uuid
FN:2777,bt_gatt_find_by_uuid
FNDA:29,bt_gatt_find_by_uuid
FN:2792,bt_gatt_notify_cb
FNDA:4665,bt_gatt_notify_cb
FN:3017,bt_gatt_indicate
FNDA:0,bt_gatt_indicate
FN:3076,bt_gatt_get_mtu
FNDA:0,bt_gatt_get_mtu
FN:3081,bt_gatt_check_perm
FNDA:5952,bt_gatt_check_perm
FN:3147,sc_restore_rsp
FNDA:0,sc_restore_rsp
FN:3185,sc_restore
FNDA:0,sc_restore
FN:3223,update_ccc
FNDA:1596,update_ccc
FN:3287,disconnected_cb
FNDA:0,disconnected_cb
FN:3358,bt_gatt_is_subscribed
FNDA:2579,bt_gatt_is_subscribed
FN:3421,gatt_sub_is_empty
FNDA:0,gatt_sub_is_empty
FN:3428,gatt_sub_free
FNDA:0,gatt_sub_free
FN:3434,gatt_sub_remove
FNDA:0,gatt_sub_remove
FN:5533,ccc_find_cfg
FNDA:0,ccc_find_cfg
FN:5558,ccc_clear
FNDA:0,ccc_clear
FN:5573,ccc_load
FNDA:0,ccc_load
FN:5632,ccc_set
FNDA:0,ccc_set
FN:5698,ccc_set_cb
FNDA:0,ccc_set_cb
FN:5711,ccc_set_direct
FNDA:0,ccc_set_direct
FN:5730,bt_gatt_connected
FNDA:28,bt_gatt_connected
FN:5797,bt_gatt_att_max_mtu_changed
FNDA:28,bt_gatt_att_max_mtu_changed
FN:5808,bt_gatt_encrypt_change
FNDA:0,bt_gatt_encrypt_change
FN:5831,bt_gatt_change_aware
FNDA:234,bt_gatt_change_aware
FN:5886,find_cf_cfg_by_addr
FNDA:0,find_cf_cfg_by_addr
FN:5911,ccc_save
FNDA:0,ccc_save
FN:5940,bt_gatt_store_ccc
FNDA:0,bt_gatt_store_ccc
FN:5982,sc_set
FNDA:0,sc_set
FN:6051,sc_commit
FNDA:30,sc_commit
FN:6068,cf_set
FNDA:0,cf_set
FN:6156,db_hash_set
FNDA:30,db_hash_set
FN:6172,db_hash_commit
FNDA:30,db_hash_commit
FN:6189,remove_peer_from_attr
FNDA:0,remove_peer_from_attr
FN:6212,bt_gatt_clear_ccc
FNDA:0,bt_gatt_clear_ccc
FN:6229,bt_gatt_clear_cf
FNDA:0,bt_gatt_clear_cf
FN:6247,find_gatt_sub
FNDA:0,find_gatt_sub
FN:6261,bt_gatt_clear_subscriptions
FNDA:0,bt_gatt_clear_subscriptions
FN:6279,bt_gatt_clear
FNDA:0,bt_gatt_clear
FN:6309,bt_gatt_disconnected
FNDA:0,bt_gatt_disconnected
FN:6344,bt_gatt_req_set_mtu
FNDA:0,bt_gatt_req_set_mtu
DA:98,3
DA:101,3
DA:103,6
DA:104,3
DA:132,3
DA:136,3
DA:138,3
DA:198,3
DA:208,3
DA:209,3
DA:210,3
DA:211,3
DA:213,3
DA:320,3
DA:322,3
BRDA:322,0,0,3
BRDA:322,0,1,0
BRDA:322,0,2,0
BRDA:322,0,3,0
DA:324,9
BRDA:324,0,0,6
BRDA:324,0,1,3
DA:325,12
BRDA:325,0,0,6
BRDA:325,0,1,0
BRDA:325,0,2,0
BRDA:325,0,3,6
DA:326,6
DA:327,0
DA:331,3
DA:334,0
DA:338,0
DA:339,0
BRDA:339,0,0,-
BRDA:339,0,1,-
DA:340,0
BRDA:340,0,0,-
BRDA:340,0,1,-
BRDA:340,0,2,-
BRDA:340,0,3,-
DA:341,0
DA:344,0
BRDA:344,0,0,-
BRDA:344,0,1,-
BRDA:344,0,2,-
BRDA:344,0,3,-
DA:348,0
DA:350,0
DA:351,0
DA:353,0
DA:358,0
DA:359,0
BRDA:359,0,0,-
BRDA:359,0,1,-
DA:360,0
DA:366,0
DA:367,0
BRDA:367,0,0,-
BRDA:367,0,1,-
DA:368,0
BRDA:368,0,0,-
BRDA:368,0,1,-
BRDA:368,0,2,-
BRDA:368,0,3,-
DA:370,0
BRDA:370,0,0,-
BRDA:370,0,1,-
BRDA:370,0,2,-
BRDA:370,0,3,-
DA:374,0
DA:376,0
DA:379,3
DA:381,3
BRDA:381,0,0,0
BRDA:381,0,1,3
DA:384,0
DA:385,0
BRDA:385,0,0,-
BRDA:385,0,1,-
DA:386,0
BRDA:386,0,0,-
BRDA:386,0,1,-
BRDA:386,0,2,-
BRDA:386,0,3,-
DA:391,3
DA:392,3
BRDA:392,0,0,0
BRDA:392,0,1,3
DA:393,0
DA:396,3
DA:398,0
DA:400,0
BRDA:400,0,0,-
BRDA:400,0,1,-
BRDA:400,0,2,-
BRDA:400,0,3,-
DA:402,0
DA:405,0
DA:407,0
DA:409,0
DA:412,0
BRDA:412,0,0,-
BRDA:412,0,1,-
BRDA:412,0,2,-
BRDA:412,0,3,-
DA:416,0
BRDA:416,0,0,-
BRDA:416,0,1,-
BRDA:416,0,2,-
BRDA:416,0,3,-
DA:417,0
DA:421,0
BRDA:421,0,0,-
BRDA:421,0,1,-
DA:422,0
DA:425,0
BRDA:425,0,0,-
BRDA:425,0,1,-
DA:426,0
DA:429,0
DA:432,0
DA:435,0
DA:437,0
BRDA:437,0,0,-
BRDA:437,0,1,-
BRDA:437,0,2,-
BRDA:437,0,3,-
DA:439,0
DA:440,0
BRDA:440,0,0,-
BRDA:440,0,1,-
DA:442,0
DA:443,0
BRDA:443,0,0,-
BRDA:443,0,1,-
DA:444,0
BRDA:444,0,0,-
BRDA:444,0,1,-
BRDA:444,0,2,-
BRDA:444,0,3,-
DA:445,0
DA:448,0
DA:449,0
DA:453,0
BRDA:453,0,0,-
BRDA:453,0,1,-
BRDA:453,0,2,-
BRDA:453,0,3,-
DA:454,0
DA:455,0
DA:456,0
DA:457,0
DA:460,0
DA:462,0
DA:463,0
BRDA:463,0,0,-
BRDA:463,0,1,-
DA:464,0
BRDA:464,0,0,-
BRDA:464,0,1,-
DA:465,0
DA:469,3
DA:472,3
BRDA:472,0,0,3
BRDA:472,0,1,0
BRDA:472,0,2,0
BRDA:472,0,3,0
DA:474,3
BRDA:474,0,0,0
BRDA:474,0,1,3
DA:476,0
DA:478,3
DA:481,3
DA:527,0
DA:529,0
DA:530,0
DA:531,0
DA:532,0
DA:546,3
DA:550,3
BRDA:550,0,0,3
BRDA:550,0,1,0
DA:551,3
DA:553,0
DA:556,3
BRDA:556,0,0,3
BRDA:556,0,1,0
BRDA:556,0,2,0
BRDA:556,0,3,0
BRDA:556,0,4,0
BRDA:556,0,5,0
DA:558,3
DA:561,3
DA:563,3
DA:566,3
BRDA:566,0,0,3
BRDA:566,0,1,0
DA:567,3
DA:572,3
DA:576,0
DA:587,0
BRDA:587,0,0,-
BRDA:587,0,1,-
DA:588,0
DA:590,0
BRDA:590,0,0,-
BRDA:590,0,1,-
DA:591,0
DA:592,0
DA:596,0
DA:598,248
DA:602,330
BRDA:602,0,0,289
BRDA:602,0,1,41
DA:603,289
DA:605,289
BRDA:605,0,0,3
BRDA:605,0,1,286
DA:606,3
BRDA:606,0,0,3
BRDA:606,0,1,0
DA:607,3
DA:609,286
BRDA:609,0,0,204
BRDA:609,0,1,82
DA:610,204
DA:614,41
DA:617,4
DA:621,4
DA:623,4
DA:624,4
BRDA:624,0,0,3
BRDA:624,0,1,1
DA:625,3
DA:628,4
DA:632,3
DA:637,12
BRDA:637,0,0,9
BRDA:637,0,1,3
BRDA:637,0,2,9
BRDA:637,0,3,0
DA:638,9
BRDA:638,0,0,0
BRDA:638,0,1,9
DA:639,0
BRDA:639,0,0,-
BRDA:639,0,1,-
DA:641,0
DA:646,6
BRDA:646,0,0,3
BRDA:646,0,1,3
BRDA:646,0,2,3
BRDA:646,0,3,0
DA:647,3
BRDA:647,0,0,3
BRDA:647,0,1,0
DA:648,3
DA:650,0
DA:653,3
BRDA:653,0,0,3
BRDA:653,0,1,0
BRDA:653,0,2,0
BRDA:653,0,3,0
DA:656,3
DA:659,4
DA:663,4
DA:665,4
BRDA:665,0,0,0
BRDA:665,0,1,4
DA:666,0
DA:669,4
BRDA:669,0,0,1
BRDA:669,0,1,3
DA:670,1
DA:673,3
DA:674,3
BRDA:674,0,0,3
BRDA:674,0,1,0
DA:675,3
DA:678,3
BRDA:678,0,0,0
BRDA:678,0,1,3
DA:679,0
BRDA:679,0,0,-
BRDA:679,0,1,-
BRDA:679,0,2,-
BRDA:679,0,3,-
DA:680,0
DA:683,3
BRDA:683,0,0,3
BRDA:683,0,1,0
BRDA:683,0,2,0
BRDA:683,0,3,0
DA:685,3
BRDA:685,0,0,0
BRDA:685,0,1,3
DA:686,0
DA:689,3
DA:690,3
DA:691,3
DA:693,3
DA:736,1710
DA:739,1710
DA:745,1710
BRDA:745,0,0,180
BRDA:745,0,1,1530
DA:746,180
DA:748,1530
DA:750,1530
BRDA:750,0,0,900
BRDA:750,0,1,180
BRDA:750,0,2,450
DA:752,900
DA:757,900
DA:758,900
BRDA:758,0,0,0
BRDA:758,0,1,900
DA:760,0
DA:761,0
DA:764,900
DA:765,900
BRDA:765,0,0,0
BRDA:765,0,1,900
DA:767,0
DA:768,0
DA:771,900
DA:772,900
BRDA:772,0,0,0
BRDA:772,0,1,900
DA:773,0
DA:774,0
DA:777,900
BRDA:777,0,0,0
BRDA:777,0,1,900
DA:779,0
DA:780,0
DA:783,900
DA:785,180
DA:790,180
DA:791,180
BRDA:791,0,0,0
BRDA:791,0,1,180
DA:793,0
DA:794,0
DA:797,180
DA:798,180
BRDA:798,0,0,0
BRDA:798,0,1,180
DA:800,0
DA:801,0
DA:803,180
DA:804,450
DA:805,450
DA:808,1080
DA:811,0
DA:816,0
DA:817,0
BRDA:817,0,0,-
BRDA:817,0,1,-
DA:818,0
BRDA:818,0,0,-
BRDA:818,0,1,-
BRDA:818,0,2,-
BRDA:818,0,3,-
DA:821,0
BRDA:821,0,0,-
BRDA:821,0,1,-
BRDA:821,0,2,-
BRDA:821,0,3,-
DA:823,0
DA:825,30
DA:827,30
DA:831,30
BRDA:831,0,0,0
BRDA:831,0,1,30
DA:832,0
BRDA:832,0,0,-
BRDA:832,0,1,-
BRDA:832,0,2,-
BRDA:832,0,3,-
DA:833,0
DA:836,30
DA:838,30
BRDA:838,0,0,0
BRDA:838,0,1,30
DA:839,0
BRDA:839,0,0,-
BRDA:839,0,1,-
BRDA:839,0,2,-
BRDA:839,0,3,-
DA:840,0
DA:850,30
DA:852,30
BRDA:852,0,0,30
BRDA:852,0,1,0
DA:854,30
DA:859,60
DA:861,60
DA:863,60
BRDA:863,0,0,30
BRDA:863,0,1,30
DA:864,30
DA:869,60
DA:871,60
DA:873,60
BRDA:873,0,0,0
BRDA:873,0,1,60
DA:877,0
DA:880,60
BRDA:880,0,0,30
BRDA:880,0,1,30
DA:885,30
BRDA:885,0,0,0
BRDA:885,0,1,30
DA:886,0
DA:887,0
DA:893,30
DA:896,30
BRDA:896,0,0,30
BRDA:896,0,1,0
DA:898,30
BRDA:898,0,0,30
BRDA:898,0,1,0
BRDA:898,0,2,0
BRDA:898,0,3,0
DA:899,30
DA:900,30
DA:901,30
DA:904,0
BRDA:904,0,0,-
BRDA:904,0,1,-
DA:913,0
DA:919,0
DA:920,0
DA:925,30
DA:927,30
DA:928,30
DA:930,4
DA:939,4
DA:940,4
BRDA:940,0,0,0
BRDA:940,0,1,4
DA:941,0
DA:943,0
DA:944,0
DA:954,4
DA:955,4
BRDA:955,0,0,3
BRDA:955,0,1,1
DA:956,3
BRDA:956,0,0,3
BRDA:956,0,1,0
DA:957,3
BRDA:957,0,0,0
BRDA:957,0,1,3
DA:958,0
DA:961,4
DA:965,0
DA:969,0
DA:970,0
BRDA:970,0,0,-
BRDA:970,0,1,-
DA:971,0
DA:980,0
BRDA:980,0,0,-
BRDA:980,0,1,-
DA:981,0
DA:984,0
DA:1006,0
DA:1015,0
DA:1016,0
BRDA:1016,0,0,-
BRDA:1016,0,1,-
DA:1018,0
BRDA:1018,0,0,-
BRDA:1018,0,1,-
BRDA:1018,0,2,-
BRDA:1018,0,3,-
DA:1019,0
DA:1020,0
DA:1022,0
DA:1023,0
DA:1026,0
DA:1029,0
DA:1031,0
DA:1032,0
BRDA:1032,0,0,-
BRDA:1032,0,1,-
DA:1033,0
DA:1035,0
DA:1038,0
DA:1039,0
BRDA:1039,0,0,-
BRDA:1039,0,1,-
DA:1040,0
BRDA:1040,0,0,-
BRDA:1040,0,1,-
BRDA:1040,0,2,-
BRDA:1040,0,3,-
DA:1041,0
DA:1044,0
BRDA:1044,0,0,-
BRDA:1044,0,1,-
BRDA:1044,0,2,-
BRDA:1044,0,3,-
DA:1045,0
BRDA:1045,0,0,-
BRDA:1045,0,1,-
DA:1047,0
DA:1061,0
DA:1065,0
DA:1068,0
BRDA:1068,0,0,-
BRDA:1068,0,1,-
DA:1069,0
DA:1072,0
DA:1077,0
BRDA:1077,0,0,-
BRDA:1077,0,1,-
DA:1078,0
BRDA:1078,0,0,-
BRDA:1078,0,1,-
DA:1079,0
DA:1083,0
DA:1086,0
DA:1090,0
DA:1094,0
DA:1096,0
DA:1099,0
BRDA:1099,0,0,-
BRDA:1099,0,1,-
DA:1100,0
DA:1104,0
DA:1106,0
BRDA:1106,0,0,-
BRDA:1106,0,1,-
DA:1107,0
DA:1108,0
BRDA:1108,0,0,-
BRDA:1108,0,1,-
DA:1109,0
DA:1112,0
DA:1114,0
DA:1116,0
BRDA:1116,0,0,-
BRDA:1116,0,1,-
DA:1118,0
DA:1119,0
DA:1121,0
DA:1238,0
DA:1241,0
DA:1243,0
DA:1246,0
DA:1253,0
BRDA:1253,0,0,-
BRDA:1253,0,1,-
BRDA:1253,0,2,-
BRDA:1253,0,3,-
DA:1255,0
DA:1258,0
BRDA:1258,0,0,-
BRDA:1258,0,1,-
DA:1260,0
DA:1271,0
BRDA:1271,0,0,-
BRDA:1271,0,1,-
DA:1272,0
DA:1273,0
BRDA:1273,0,0,-
BRDA:1273,0,1,-
BRDA:1273,0,2,-
BRDA:1273,0,3,-
DA:1274,0
DA:1278,0
DA:1280,0
DA:1282,0
DA:1283,0
DA:1289,0
BRDA:1289,0,0,-
BRDA:1289,0,1,-
BRDA:1289,0,2,-
BRDA:1289,0,3,-
DA:1291,0
DA:1292,0
DA:1294,0
DA:1295,0
DA:1296,0
DA:1298,0
DA:1299,0
DA:1300,0
DA:1301,0
DA:1306,0
BRDA:1306,0,0,-
BRDA:1306,0,1,-
DA:1308,0
DA:1311,0
DA:1315,0
DA:1317,0
DA:1318,0
DA:1319,0
DA:1320,0
DA:1338,15
DA:1341,45
BRDA:1341,0,0,30
BRDA:1341,0,1,0
BRDA:1341,0,2,0
BRDA:1341,0,3,30
BRDA:1341,0,4,30
BRDA:1341,0,5,15
DA:1353,15
DA:1356,0
DA:1358,0
BRDA:1358,0,0,-
BRDA:1358,0,1,-
DA:1359,0
DA:1360,0
DA:1361,0
DA:1363,0
DA:1366,0
DA:1371,0
BRDA:1371,0,0,-
BRDA:1371,0,1,-
DA:1372,0
DA:1378,0
BRDA:1378,0,0,-
BRDA:1378,0,1,-
DA:1379,0
DA:1380,0
DA:1382,0
DA:1386,0
DA:1389,15
DA:1392,15
DA:1393,15
DA:1395,15
BRDA:1395,0,0,0
BRDA:1395,0,1,15
DA:1396,0
BRDA:1396,0,0,-
BRDA:1396,0,1,-
DA:1397,0
DA:1401,0
DA:1403,0
DA:1404,0
DA:1406,15
DA:1408,0
DA:1411,0
DA:1412,0
DA:1415,0
BRDA:1415,0,0,-
BRDA:1415,0,1,-
DA:1416,0
DA:1418,0
DA:1420,0
DA:1423,0
DA:1425,0
DA:1427,0
BRDA:1427,0,0,-
BRDA:1427,0,1,-
DA:1428,0
BRDA:1428,0,0,-
BRDA:1428,0,1,-
BRDA:1428,0,2,-
BRDA:1428,0,3,-
DA:1430,0
DA:1431,0
DA:1434,0
BRDA:1434,0,0,-
BRDA:1434,0,1,-
BRDA:1434,0,2,-
BRDA:1434,0,3,-
DA:1436,0
DA:1437,0
DA:1440,0
BRDA:1440,0,0,-
BRDA:1440,0,1,-
BRDA:1440,0,2,-
BRDA:1440,0,3,-
DA:1441,0
DA:1444,0
DA:1446,30
DA:1448,30
BRDA:1448,0,0,0
BRDA:1448,0,1,30
DA:1449,0
DA:1452,270
BRDA:1452,0,0,240
BRDA:1452,0,1,30
DA:1453,240
DA:1457,30
DA:1459,30
BRDA:1459,0,0,0
BRDA:1459,0,1,30
DA:1460,0
DA:1463,30
DA:1466,30
DA:1472,30
DA:1479,30
DA:1484,30
DA:1489,30
DA:1501,30
DA:1512,30
DA:1516,0
DA:1520,0
BRDA:1520,0,0,-
BRDA:1520,0,1,-
BRDA:1520,0,2,-
BRDA:1520,0,3,-
DA:1522,0
BRDA:1522,0,0,-
BRDA:1522,0,1,-
DA:1523,0
DA:1524,0
DA:1525,0
DA:1528,0
BRDA:1528,0,0,-
BRDA:1528,0,1,-
DA:1529,0
DA:1532,0
DA:1533,0
BRDA:1533,0,0,-
BRDA:1533,0,1,-
DA:1534,0
BRDA:1534,0,0,-
BRDA:1534,0,1,-
BRDA:1534,0,2,-
BRDA:1534,0,3,-
DA:1535,0
DA:1539,0
DA:1543,29
DA:1545,29
DA:1546,29
DA:1738,1806
DA:1744,1806
BRDA:1744,0,0,0
BRDA:1744,0,1,1806
DA:1745,0
DA:1748,1806
DA:1750,1806
BRDA:1750,0,0,1806
BRDA:1750,0,1,0
BRDA:1750,0,2,0
BRDA:1750,0,3,0
DA:1752,1806
DA:1754,1806
DA:1757,518
DA:1761,518
DA:1763,518
BRDA:1763,0,0,429
BRDA:1763,0,1,89
DA:1764,429
DA:1766,429
DA:1770,89
DA:1771,89
DA:1780,0
DA:1783,0
DA:1786,0
BRDA:1786,0,0,-
BRDA:1786,0,1,-
BRDA:1786,0,2,-
BRDA:1786,0,3,-
DA:1787,0
DA:1788,0
DA:1791,0
DA:1793,0
DA:1796,15678
DA:1798,15678
DA:1800,15678
BRDA:1800,0,0,0
BRDA:1800,0,1,15678
DA:1801,0
DA:1804,15678
BRDA:1804,0,0,0
BRDA:1804,0,1,15678
DA:1805,0
DA:1808,70997
BRDA:1808,0,0,70997
BRDA:1808,0,1,0
DA:1810,70997
BRDA:1810,0,0,38275
BRDA:1810,0,1,32722
DA:1811,38275
BRDA:1811,0,0,22597
BRDA:1811,0,1,15678
DA:1812,55319
DA:1813,55319
DA:1816,37617
BRDA:1816,0,0,37617
BRDA:1816,0,1,0
DA:1817,37617
BRDA:1817,0,0,15678
BRDA:1817,0,1,21939
DA:1818,15678
DA:1823,0
DA:1826,0
DA:1830,0
DA:1831,0
DA:1832,0
DA:1837,0
DA:1838,0
DA:1845,0
BRDA:1845,0,0,-
BRDA:1845,0,1,-
DA:1846,0
DA:1847,0
DA:1851,0
DA:1853,0
DA:1865,5884
DA:1867,5884
DA:1869,5884
BRDA:1869,0,0,5884
BRDA:1869,0,1,0
BRDA:1869,0,2,5855
BRDA:1869,0,3,29
DA:1870,5855
DA:1872,5855
DA:1873,5855
BRDA:1873,0,0,5855
BRDA:1873,0,1,0
DA:1875,5855
DA:1879,5884
DA:1882,1190
DA:1886,1190
DA:1890,1190
DA:1898,1190
DA:1900,1190
DA:1902,1190
BRDA:1902,0,0,861
BRDA:1902,0,1,329
DA:1903,861
DA:1904,861
DA:1906,329
DA:1907,329
DA:1910,1190
DA:1913,51765
DA:1923,51765
BRDA:1923,0,0,660
BRDA:1923,0,1,51105
DA:1924,660
DA:1928,51105
BRDA:1928,0,0,28111
BRDA:1928,0,1,22994
DA:1929,28111
DA:1933,22994
BRDA:1933,0,0,10635
BRDA:1933,0,1,12359
BRDA:1933,0,2,5941
BRDA:1933,0,3,4694
DA:1934,5941
DA:1938,17053
BRDA:1938,0,0,0
BRDA:1938,0,1,17053
BRDA:1938,0,2,0
BRDA:1938,0,3,0
DA:1939,0
DA:1942,17053
DA:1944,17053
DA:1946,17053
BRDA:1946,0,0,4694
BRDA:1946,0,1,12359
DA:1947,4694
DA:1950,12359
DA:1953,137
DA:1988,137
DA:1990,11104
DA:1997,11104
BRDA:1997,0,0,6410
BRDA:1997,0,1,4694
DA:1998,6410
DA:2001,11104
BRDA:2001,0,0,11076
BRDA:2001,0,1,28
DA:2002,11076
DA:2004,51321
BRDA:2004,0,0,51212
BRDA:2004,0,1,109
DA:2006,51212
BRDA:2006,0,0,38554
BRDA:2006,0,1,12658
DA:2007,38554
DA:2008,38554
DA:2011,53456
BRDA:2011,0,0,51765
BRDA:2011,0,1,1691
DA:2012,51765
BRDA:2012,0,0,10967
BRDA:2012,0,1,40798
DA:2018,10967
DA:2025,137
DA:2029,5187
DA:2032,5187
DA:2034,5187
DA:2036,5187
DA:2039,5158
DA:2041,5158
DA:2042,5158
DA:2044,5158
DA:2046,5158
DA:2049,40
DA:2052,56
BRDA:2052,0,0,40
BRDA:2052,0,1,16
DA:2053,40
DA:2055,40
BRDA:2055,0,0,28
BRDA:2055,0,1,12
DA:2056,28
BRDA:2056,0,0,12
BRDA:2056,0,1,16
DA:2057,28
DA:2058,12
DA:2060,12
BRDA:2060,0,0,12
BRDA:2060,0,1,0
DA:2061,12
DA:2065,16
DA:2068,16
DA:2072,16
DA:2076,16
DA:2077,16
BRDA:2077,0,0,12
BRDA:2077,0,1,4
DA:2078,12
DA:2081,4
DA:2084,16
DA:2088,12
DA:2092,12
DA:2094,24
BRDA:2094,0,0,12
BRDA:2094,0,1,12
DA:2095,12
BRDA:2095,0,0,12
BRDA:2095,0,1,0
DA:2096,12
DA:2100,12
BRDA:2100,0,0,12
BRDA:2100,0,1,0
BRDA:2100,0,2,0
BRDA:2100,0,3,0
DA:2102,12
BRDA:2102,0,0,12
BRDA:2102,0,1,0
DA:2103,12
DA:2104,12
BRDA:2104,0,0,9
BRDA:2104,0,1,3
DA:2105,9
DA:2108,12
DA:2110,13
DA:2114,13
DA:2119,13
BRDA:2119,0,0,0
BRDA:2119,0,1,13
DA:2120,0
DA:2123,13
BRDA:2123,0,0,13
BRDA:2123,0,1,0
BRDA:2123,0,2,1
BRDA:2123,0,3,12
DA:2124,1
DA:2127,12
BRDA:2127,0,0,12
BRDA:2127,0,1,0
DA:2128,12
DA:2130,0
DA:2133,12
DA:2134,12
BRDA:2134,0,0,12
BRDA:2134,0,1,0
DA:2139,12
BRDA:2139,0,0,0
BRDA:2139,0,1,12
DA:2140,0
DA:2143,12
DA:2144,12
BRDA:2144,0,0,0
BRDA:2144,0,1,12
DA:2145,0
BRDA:2145,0,0,-
BRDA:2145,0,1,-
BRDA:2145,0,2,-
BRDA:2145,0,3,-
DA:2146,0
DA:2149,12
DA:2150,12
DA:2154,12
BRDA:2154,0,0,3
BRDA:2154,0,1,9
DA:2155,3
DA:2157,3
BRDA:2157,0,0,0
BRDA:2157,0,1,3
DA:2158,0
DA:2162,3
BRDA:2162,0,0,0
BRDA:2162,0,1,3
BRDA:2162,0,2,0
BRDA:2162,0,3,0
DA:2163,0
DA:2167,12
DA:2168,12
DA:2170,12
BRDA:2170,0,0,12
BRDA:2170,0,1,0
BRDA:2170,0,2,0
BRDA:2170,0,3,0
DA:2173,12
BRDA:2173,0,0,12
BRDA:2173,0,1,0
DA:2174,12
DA:2177,12
BRDA:2177,0,0,12
BRDA:2177,0,1,0
DA:2180,12
DA:2185,12
BRDA:2185,0,0,0
BRDA:2185,0,1,12
DA:2186,0
DA:2189,12
DA:2192,33
DA:2196,33
DA:2197,33
DA:2199,33
DA:2203,0
DA:2207,0
DA:2209,0
DA:2210,0
DA:2221,3
DA:2225,3
DA:2228,3
DA:2229,3
DA:2230,3
DA:2231,3
DA:2232,3
DA:2234,3
DA:2406,2579
DA:2426,2579
BRDA:2426,0,0,0
BRDA:2426,0,1,2579
DA:2427,0
BRDA:2427,0,0,-
BRDA:2427,0,1,-
BRDA:2427,0,2,-
BRDA:2427,0,3,-
DA:2428,0
DA:2436,2579
BRDA:2436,0,0,0
BRDA:2436,0,1,2579
DA:2437,0
BRDA:2437,0,0,-
BRDA:2437,0,1,-
BRDA:2437,0,2,-
BRDA:2437,0,3,-
DA:2438,0
DA:2453,2579
DA:2454,2579
DA:2455,2579
BRDA:2455,0,0,0
BRDA:2455,0,1,2579
DA:2456,0
BRDA:2456,0,0,-
BRDA:2456,0,1,-
BRDA:2456,0,2,-
BRDA:2456,0,3,-
DA:2457,0
DA:2460,2579
BRDA:2460,0,0,2579
BRDA:2460,0,1,0
BRDA:2460,0,2,0
BRDA:2460,0,3,0
DA:2462,2579
DA:2463,2579
DA:2465,2579
DA:2466,2579
DA:2468,2579
DA:2469,2579
DA:2473,0
DA:2475,0
BRDA:2475,0,0,-
BRDA:2475,0,1,-
BRDA:2475,0,2,-
BRDA:2475,0,3,-
DA:2478,0
BRDA:2478,0,0,-
BRDA:2478,0,1,-
BRDA:2478,0,2,-
BRDA:2478,0,3,-
DA:2479,0
DA:2482,0
DA:2485,0
DA:2488,0
DA:2490,0
BRDA:2490,0,0,-
BRDA:2490,0,1,-
DA:2491,0
DA:2494,0
DA:2495,0
BRDA:2495,0,0,-
BRDA:2495,0,1,-
BRDA:2495,0,2,-
BRDA:2495,0,3,-
DA:2496,0
DA:2498,0
DA:2500,0
DA:2508,0
DA:2509,0
BRDA:2509,0,0,-
BRDA:2509,0,1,-
DA:2510,0
DA:2514,0
DA:2515,0
DA:2516,0
DA:2518,0
DA:2519,0
DA:2521,0
DA:2569,0
DA:2592,0
BRDA:2592,0,0,-
BRDA:2592,0,1,-
DA:2593,0
BRDA:2593,0,0,-
BRDA:2593,0,1,-
BRDA:2593,0,2,-
BRDA:2593,0,3,-
DA:2594,0
DA:2602,0
BRDA:2602,0,0,-
BRDA:2602,0,1,-
DA:2603,0
BRDA:2603,0,0,-
BRDA:2603,0,1,-
BRDA:2603,0,2,-
BRDA:2603,0,3,-
DA:2604,0
DA:2613,0
DA:2615,0
DA:2617,0
BRDA:2617,0,0,-
BRDA:2617,0,1,-
DA:2618,0
DA:2621,0
DA:2622,0
BRDA:2622,0,0,-
BRDA:2622,0,1,-
DA:2623,0
BRDA:2623,0,0,-
BRDA:2623,0,1,-
BRDA:2623,0,2,-
BRDA:2623,0,3,-
DA:2624,0
DA:2625,0
DA:2628,0
DA:2630,0
DA:2631,0
DA:2633,0
DA:2634,0
DA:2636,0
BRDA:2636,0,0,-
BRDA:2636,0,1,-
BRDA:2636,0,2,-
BRDA:2636,0,3,-
DA:2638,0
DA:2640,0
DA:2641,0
BRDA:2641,0,0,-
BRDA:2641,0,1,-
DA:2642,0
DA:2645,0
DA:2648,4665
DA:2651,4665
DA:2656,4665
BRDA:2656,0,0,0
BRDA:2656,0,1,4665
DA:2657,0
DA:2660,4665
DA:2663,4665
BRDA:2663,0,0,0
BRDA:2663,0,1,4665
DA:2664,0
BRDA:2664,0,0,-
BRDA:2664,0,1,-
DA:2665,0
DA:2668,0
BRDA:2668,0,0,-
BRDA:2668,0,1,-
DA:2669,0
DA:2672,0
DA:2674,0
BRDA:2674,0,0,-
BRDA:2674,0,1,-
DA:2677,0
DA:2678,0
DA:2679,0
DA:2680,0
DA:2681,0
DA:2684,0
DA:2689,9330
BRDA:2689,0,0,4665
BRDA:2689,0,1,4665
DA:2690,4665
DA:2697,4665
BRDA:2697,0,0,2086
BRDA:2697,0,1,2579
DA:2698,2086
DA:2701,2579
DA:2702,2579
BRDA:2702,0,0,0
BRDA:2702,0,1,2579
DA:2703,0
DA:2706,2579
BRDA:2706,0,0,0
BRDA:2706,0,1,2579
DA:2707,0
DA:2708,0
DA:2712,2579
BRDA:2712,0,0,0
BRDA:2712,0,1,2579
BRDA:2712,0,2,0
BRDA:2712,0,3,0
DA:2713,0
DA:2714,0
DA:2718,2579
BRDA:2718,0,0,0
BRDA:2718,0,1,2579
DA:2719,0
BRDA:2719,0,0,-
BRDA:2719,0,1,-
BRDA:2719,0,2,-
BRDA:2719,0,3,-
DA:2720,0
DA:2721,0
DA:2730,2579
BRDA:2730,0,0,0
BRDA:2730,0,1,2579
DA:2731,0
BRDA:2731,0,0,-
BRDA:2731,0,1,-
DA:2732,0
DA:2733,0
BRDA:2733,0,0,-
BRDA:2733,0,1,-
DA:2734,0
DA:2736,2579
BRDA:2736,0,0,2579
BRDA:2736,0,1,0
DA:2737,2579
BRDA:2737,0,0,2579
BRDA:2737,0,1,0
DA:2738,2579
DA:2740,0
DA:2743,2579
DA:2745,2579
DA:2747,2579
BRDA:2747,0,0,0
BRDA:2747,0,1,2579
DA:2748,0
DA:2752,4665
DA:2755,0
DA:2758,0
DA:2760,0
DA:2761,0
DA:2763,0
DA:2766,0
DA:2769,0
DA:2771,0
DA:2774,0
DA:2777,29
DA:2781,29
DA:2782,29
DA:2783,29
BRDA:2783,0,0,0
BRDA:2783,0,1,29
BRDA:2783,0,2,0
BRDA:2783,0,3,0
DA:2786,29
DA:2789,29
DA:2792,4665
DA:2800,4665
BRDA:2800,0,0,0
BRDA:2800,0,1,4665
DA:2801,0
DA:2804,4665
BRDA:2804,0,0,0
BRDA:2804,0,1,4665
BRDA:2804,0,2,0
BRDA:2804,0,3,0
DA:2805,0
DA:2808,4665
DA:2809,4665
DA:2812,4665
BRDA:2812,0,0,0
BRDA:2812,0,1,4665
DA:2813,0
BRDA:2813,0,0,-
BRDA:2813,0,1,-
DA:2814,0
DA:2817,0
DA:2819,4665
BRDA:2819,0,0,0
BRDA:2819,0,1,4665
DA:2820,0
DA:2825,4665
BRDA:2825,0,0,4665
BRDA:2825,0,1,0
DA:2826,4665
DA:2828,4665
BRDA:2828,0,0,0
BRDA:2828,0,1,4665
DA:2829,0
DA:2832,4665
DA:2835,4665
BRDA:2835,0,0,0
BRDA:2835,0,1,4665
DA:2836,0
DA:2839,4665
DA:2840,4665
DA:2841,4665
DA:2843,4665
DA:2846,4665
DA:3017,0
DA:3025,0
BRDA:3025,0,0,-
BRDA:3025,0,1,-
DA:3026,0
DA:3029,0
BRDA:3029,0,0,-
BRDA:3029,0,1,-
BRDA:3029,0,2,-
BRDA:3029,0,3,-
DA:3030,0
DA:3033,0
DA:3034,0
DA:3037,0
BRDA:3037,0,0,-
BRDA:3037,0,1,-
DA:3038,0
BRDA:3038,0,0,-
BRDA:3038,0,1,-
DA:3039,0
DA:3042,0
DA:3044,0
BRDA:3044,0,0,-
BRDA:3044,0,1,-
DA:3045,0
DA:3050,0
BRDA:3050,0,0,-
BRDA:3050,0,1,-
DA:3051,0
DA:3053,0
BRDA:3053,0,0,-
BRDA:3053,0,1,-
DA:3054,0
DA:3057,0
DA:3060,0
BRDA:3060,0,0,-
BRDA:3060,0,1,-
DA:3061,0
DA:3062,0
DA:3065,0
DA:3066,0
DA:3067,0
DA:3069,0
DA:3070,0
DA:3073,0
DA:3076,0
DA:3078,0
DA:3081,5952
DA:3084,5952
BRDA:3084,0,0,678
BRDA:3084,0,1,5274
DA:3085,678
BRDA:3085,0,0,660
BRDA:3085,0,1,18
BRDA:3085,0,2,0
BRDA:3085,0,3,660
DA:3086,18
DA:3089,5934
BRDA:3089,0,0,116
BRDA:3089,0,1,5818
DA:3090,116
BRDA:3090,0,0,48
BRDA:3090,0,1,68
BRDA:3090,0,2,3
BRDA:3090,0,3,45
DA:3091,71
DA:3098,5863
DA:3116,5863
BRDA:3116,0,0,15
BRDA:3116,0,1,5848
DA:3118,15
BRDA:3118,0,0,15
BRDA:3118,0,1,0
DA:3119,15
BRDA:3119,0,0,0
BRDA:3119,0,1,15
DA:3120,0
DA:3122,15
DA:3126,0
BRDA:3126,0,0,-
BRDA:3126,0,1,-
DA:3127,0
BRDA:3127,0,0,-
BRDA:3127,0,1,-
DA:3128,0
DA:3132,0
BRDA:3132,0,0,-
BRDA:3132,0,1,-
DA:3133,0
DA:3135,0
BRDA:3135,0,0,-
BRDA:3135,0,1,-
BRDA:3135,0,2,-
BRDA:3135,0,3,-
DA:3136,0
DA:3144,5848
DA:3147,0
DA:3154,0
BRDA:3154,0,0,-
BRDA:3154,0,1,-
BRDA:3154,0,2,-
BRDA:3154,0,3,-
DA:3165,0
BRDA:3165,0,0,-
BRDA:3165,0,1,-
DA:3166,0
DA:3167,0
BRDA:3167,0,0,-
BRDA:3167,0,1,-
BRDA:3167,0,2,-
BRDA:3167,0,3,-
DA:3168,0
DA:3173,0
BRDA:3173,0,0,-
BRDA:3173,0,1,-
DA:3174,0
DA:3176,0
BRDA:3176,0,0,-
BRDA:3176,0,1,-
DA:3177,0
DA:3180,0
DA:3185,0
DA:3190,0
DA:3191,0
BRDA:3191,0,0,-
BRDA:3191,0,1,-
DA:3192,0
BRDA:3192,0,0,-
BRDA:3192,0,1,-
BRDA:3192,0,2,-
BRDA:3192,0,3,-
DA:3193,0
DA:3196,0
BRDA:3196,0,0,-
BRDA:3196,0,1,-
BRDA:3196,0,2,-
BRDA:3196,0,3,-
DA:3197,0
DA:3200,0
BRDA:3200,0,0,-
BRDA:3200,0,1,-
BRDA:3200,0,2,-
BRDA:3200,0,3,-
DA:3203,0
DA:3205,0
DA:3206,0
DA:3208,0
DA:3209,0
DA:3210,0
DA:3211,0
DA:3213,0
BRDA:3213,0,0,-
BRDA:3213,0,1,-
DA:3214,0
BRDA:3214,0,0,-
BRDA:3214,0,1,-
BRDA:3214,0,2,-
BRDA:3214,0,3,-
DA:3223,1596
DA:3226,1596
DA:3227,1596
DA:3233,1596
BRDA:3233,0,0,1456
BRDA:3233,0,1,140
DA:3234,1456
DA:3237,140
DA:3239,280
BRDA:3239,0,0,140
BRDA:3239,0,1,140
DA:3240,140
DA:3243,140
BRDA:3243,0,0,0
BRDA:3243,0,1,140
DA:3244,0
BRDA:3244,0,0,-
BRDA:3244,0,1,-
DA:3245,140
DA:3249,0
DA:3250,0
BRDA:3250,0,0,-
BRDA:3250,0,1,-
DA:3253,0
BRDA:3253,0,0,-
BRDA:3253,0,1,-
DA:3254,0
BRDA:3254,0,0,-
BRDA:3254,0,1,-
BRDA:3254,0,2,-
BRDA:3254,0,3,-
DA:3255,0
DA:3258,0
DA:3260,0
BRDA:3260,0,0,-
BRDA:3260,0,1,-
DA:3261,0
DA:3265,0
BRDA:3265,0,0,-
BRDA:3265,0,1,-
DA:3266,0
DA:3267,0
BRDA:3267,0,0,-
BRDA:3267,0,1,-
DA:3268,0
DA:3270,0
DA:3274,0
DA:3276,0
BRDA:3276,0,0,-
BRDA:3276,0,1,-
DA:3278,0
DA:3281,0
DA:3284,140
DA:3287,0
DA:3290,0
DA:3296,0
BRDA:3296,0,0,-
BRDA:3296,0,1,-
DA:3297,0
DA:3300,0
DA:3303,0
BRDA:3303,0,0,-
BRDA:3303,0,1,-
DA:3304,0
DA:3308,0
DA:3310,0
BRDA:3310,0,0,-
BRDA:3310,0,1,-
DA:3311,0
DA:3314,0
BRDA:3314,0,0,-
BRDA:3314,0,1,-
DA:3315,0
DA:3318,0
BRDA:3318,0,0,-
BRDA:3318,0,1,-
DA:3322,0
DA:3323,0
BRDA:3323,0,0,-
BRDA:3323,0,1,-
DA:3324,0
BRDA:3324,0,0,-
BRDA:3324,0,1,-
DA:3325,0
DA:3328,0
DA:3332,0
BRDA:3332,0,0,-
BRDA:3332,0,1,-
DA:3333,0
BRDA:3333,0,0,-
BRDA:3333,0,1,-
DA:3334,0
DA:3337,0
DA:3340,0
DA:3346,0
BRDA:3346,0,0,-
BRDA:3346,0,1,-
DA:3347,0
DA:3348,0
BRDA:3348,0,0,-
BRDA:3348,0,1,-
DA:3349,0
DA:3352,0
BRDA:3352,0,0,-
BRDA:3352,0,1,-
BRDA:3352,0,2,-
BRDA:3352,0,3,-
DA:3355,0
DA:3358,2579
DA:3366,2579
BRDA:3366,0,0,0
BRDA:3366,0,1,2579
DA:3367,0
DA:3371,2579
BRDA:3371,0,0,2579
BRDA:3371,0,1,0
DA:3372,2579
DA:3374,2579
BRDA:3374,0,0,0
BRDA:3374,0,1,2579
DA:3377,0
DA:3380,2579
DA:3385,2579
BRDA:3385,0,0,2579
BRDA:3385,0,1,0
DA:3386,2579
DA:3391,2579
BRDA:3391,0,0,0
BRDA:3391,0,1,0
DA:3393,0
BRDA:3393,0,0,-
BRDA:3393,0,1,-
DA:3394,2579
BRDA:3394,0,0,0
BRDA:3394,0,1,2579
BRDA:3394,0,2,0
BRDA:3394,0,3,0
DA:3395,0
DA:3396,0
DA:3397,0
BRDA:3397,0,0,-
BRDA:3397,0,1,-
DA:3398,0
DA:3402,2579
BRDA:3402,0,0,0
BRDA:3402,0,1,2579
DA:3403,0
DA:3406,2579
DA:3409,2579
BRDA:3409,0,0,2579
BRDA:3409,0,1,0
DA:3410,2579
DA:3412,2579
BRDA:3412,0,0,2579
BRDA:3412,0,1,0
DA:3413,2579
BRDA:3413,0,0,2579
BRDA:3413,0,1,0
DA:3414,2579
DA:3418,0
DA:3421,0
DA:3423,0
DA:3428,0
DA:3431,0
DA:3432,0
DA:3434,0
DA:3438,0
BRDA:3438,0,0,-
BRDA:3438,0,1,-
DA:3440,0
DA:3442,0
DA:3445,0
BRDA:3445,0,0,-
BRDA:3445,0,1,-
DA:3446,0
DA:3448,0
DA:5533,0
DA:5537,0
BRDA:5537,0,0,-
BRDA:5537,0,1,-
DA:5538,0
BRDA:5538,0,0,-
BRDA:5538,0,1,-
BRDA:5538,0,2,-
BRDA:5538,0,3,-
DA:5539,0
DA:5540,0
DA:5544,0
DA:5558,0
DA:5564,0
DA:5565,0
BRDA:5565,0,0,-
BRDA:5565,0,1,-
DA:5566,0
BRDA:5566,0,0,-
BRDA:5566,0,1,-
BRDA:5566,0,2,-
BRDA:5566,0,3,-
DA:5567,0
DA:5570,0
DA:5573,0
DA:5576,0
DA:5581,0
BRDA:5581,0,0,-
BRDA:5581,0,1,-
DA:5582,0
DA:5585,0
DA:5588,0
BRDA:5588,0,0,-
BRDA:5588,0,1,-
DA:5589,0
DA:5590,0
DA:5591,0
BRDA:5591,0,0,-
BRDA:5591,0,1,-
DA:5592,0
DA:5596,0
BRDA:5596,0,0,-
BRDA:5596,0,1,-
DA:5601,0
BRDA:5601,0,0,-
BRDA:5601,0,1,-
DA:5602,0
BRDA:5602,0,0,-
BRDA:5602,0,1,-
BRDA:5602,0,2,-
BRDA:5602,0,3,-
DA:5604,0
DA:5606,0
DA:5609,0
BRDA:5609,0,0,-
BRDA:5609,0,1,-
BRDA:5609,0,2,-
BRDA:5609,0,3,-
DA:5612,0
DA:5613,0
BRDA:5613,0,0,-
BRDA:5613,0,1,-
DA:5614,0
DA:5615,0
BRDA:5615,0,0,-
BRDA:5615,0,1,-
DA:5616,0
BRDA:5616,0,0,-
BRDA:5616,0,1,-
BRDA:5616,0,2,-
BRDA:5616,0,3,-
DA:5617,0
DA:5619,0
DA:5620,0
DA:5623,0
DA:5625,0
DA:5626,0
DA:5627,0
DA:5629,0
DA:5632,0
DA:5643,0
DA:5645,0
BRDA:5645,0,0,-
BRDA:5645,0,1,-
DA:5646,0
BRDA:5646,0,0,-
BRDA:5646,0,1,-
BRDA:5646,0,2,-
BRDA:5646,0,3,-
DA:5647,0
DA:5648,0
BRDA:5648,0,0,-
BRDA:5648,0,1,-
DA:5649,0
DA:5651,0
DA:5653,0
BRDA:5653,0,0,-
BRDA:5653,0,1,-
DA:5654,0
BRDA:5654,0,0,-
BRDA:5654,0,1,-
BRDA:5654,0,2,-
BRDA:5654,0,3,-
DA:5655,0
DA:5658,0
DA:5661,0
DA:5662,0
BRDA:5662,0,0,-
BRDA:5662,0,1,-
DA:5663,0
BRDA:5663,0,0,-
BRDA:5663,0,1,-
BRDA:5663,0,2,-
BRDA:5663,0,3,-
DA:5664,0
DA:5667,0
DA:5669,0
BRDA:5669,0,0,-
BRDA:5669,0,1,-
DA:5670,0
DA:5672,0
BRDA:5672,0,0,-
BRDA:5672,0,1,-
DA:5673,0
BRDA:5673,0,0,-
BRDA:5673,0,1,-
BRDA:5673,0,2,-
BRDA:5673,0,3,-
DA:5674,0
DA:5677,0
DA:5678,0
DA:5680,0
BRDA:5680,0,0,-
BRDA:5680,0,1,-
DA:5681,0
BRDA:5681,0,0,-
BRDA:5681,0,1,-
BRDA:5681,0,2,-
BRDA:5681,0,3,-
DA:5685,0
DA:5686,0
DA:5689,0
DA:5691,0
BRDA:5691,0,0,-
BRDA:5691,0,1,-
BRDA:5691,0,2,-
BRDA:5691,0,3,-
DA:5695,0
DA:5698,0
DA:5703,0
DA:5711,0
DA:5717,0
BRDA:5717,0,0,-
BRDA:5717,0,1,-
BRDA:5717,0,2,-
BRDA:5717,0,3,-
DA:5720,0
BRDA:5720,0,0,-
BRDA:5720,0,1,-
DA:5721,0
BRDA:5721,0,0,-
BRDA:5721,0,1,-
BRDA:5721,0,2,-
BRDA:5721,0,3,-
DA:5722,0
DA:5725,0
DA:5730,28
DA:5734,28
BRDA:5734,0,0,28
BRDA:5734,0,1,0
BRDA:5734,0,2,0
BRDA:5734,0,3,0
DA:5736,28
DA:5737,28
DA:5740,28
BRDA:5740,0,0,0
BRDA:5740,0,1,28
DA:5741,28
DA:5744,0
BRDA:5744,0,0,-
BRDA:5744,0,1,-
DA:5747,0
DA:5748,0
DA:5749,0
DA:5751,0
DA:5752,0
DA:5755,0
DA:5758,28
DA:5776,28
DA:5779,28
BRDA:5779,0,0,0
BRDA:5779,0,1,28
DA:5780,0
DA:5782,0
BRDA:5782,0,0,-
BRDA:5782,0,1,-
DA:5783,0
BRDA:5783,0,0,-
BRDA:5783,0,1,-
BRDA:5783,0,2,-
BRDA:5783,0,3,-
DA:5795,28
DA:5797,28
DA:5801,46
BRDA:5801,0,0,18
BRDA:5801,0,1,10
BRDA:5801,0,2,18
BRDA:5801,0,3,0
BRDA:5801,0,4,0
BRDA:5801,0,5,18
BRDA:5801,0,6,18
BRDA:5801,0,7,28
DA:5802,18
BRDA:5802,0,0,18
BRDA:5802,0,1,0
DA:5803,18
DA:5806,28
DA:5808,0
DA:5812,0
BRDA:5812,0,0,-
BRDA:5812,0,1,-
BRDA:5812,0,2,-
BRDA:5812,0,3,-
DA:5814,0
DA:5815,0
DA:5821,0
DA:5823,0
BRDA:5823,0,0,-
BRDA:5823,0,1,-
DA:5827,0
DA:5829,0
DA:5831,234
DA:5836,234
DA:5837,234
BRDA:5837,0,0,198
BRDA:5837,0,1,36
BRDA:5837,0,2,0
BRDA:5837,0,3,198
DA:5838,36
DA:5841,198
BRDA:5841,0,0,198
BRDA:5841,0,1,0
DA:5842,198
DA:5849,0
BRDA:5849,0,0,-
BRDA:5849,0,1,-
DA:5850,0
DA:5859,0
BRDA:5859,0,0,-
BRDA:5859,0,1,-
DA:5860,0
DA:5861,0
DA:5862,0
DA:5873,0
BRDA:5873,0,0,-
BRDA:5873,0,1,-
BRDA:5873,0,2,-
BRDA:5873,0,3,-
DA:5874,0
DA:5875,0
DA:5876,0
DA:5877,0
DA:5880,0
DA:5886,0
DA:5892,0
BRDA:5892,0,0,-
BRDA:5892,0,1,-
DA:5893,0
BRDA:5893,0,0,-
BRDA:5893,0,1,-
BRDA:5893,0,2,-
BRDA:5893,0,3,-
DA:5894,0
DA:5895,0
DA:5900,0
DA:5911,0
DA:5914,0
DA:5919,0
BRDA:5919,0,0,-
BRDA:5919,0,1,-
DA:5920,0
DA:5923,0
DA:5926,0
DA:5927,0
BRDA:5927,0,0,-
BRDA:5927,0,1,-
DA:5928,0
DA:5931,0
BRDA:5931,0,0,-
BRDA:5931,0,1,-
BRDA:5931,0,2,-
BRDA:5931,0,3,-
DA:5933,0
DA:5934,0
DA:5935,0
DA:5937,0
DA:5940,0
DA:5947,0
DA:5948,0
DA:5949,0
DA:5951,0
DA:5953,0
BRDA:5953,0,0,-
BRDA:5953,0,1,-
DA:5954,0
DA:5955,0
DA:5958,0
DA:5959,0
DA:5962,0
DA:5963,0
BRDA:5963,0,0,-
BRDA:5963,0,1,-
DA:5964,0
BRDA:5964,0,0,-
BRDA:5964,0,1,-
BRDA:5964,0,2,-
BRDA:5964,0,3,-
DA:5965,0
DA:5968,0
BRDA:5968,0,0,-
BRDA:5968,0,1,-
BRDA:5968,0,2,-
BRDA:5968,0,3,-
DA:5969,0
BRDA:5969,0,0,-
BRDA:5969,0,1,-
DA:5970,0
BRDA:5970,0,0,-
BRDA:5970,0,1,-
DA:5971,0
BRDA:5971,0,0,-
BRDA:5971,0,1,-
BRDA:5971,0,2,-
BRDA:5971,0,3,-
DA:5975,0
BRDA:5975,0,0,-
BRDA:5975,0,1,-
BRDA:5975,0,2,-
BRDA:5975,0,3,-
DA:5978,0
DA:5982,0
DA:5992,0
BRDA:5992,0,0,-
BRDA:5992,0,1,-
DA:5993,0
BRDA:5993,0,0,-
BRDA:5993,0,1,-
BRDA:5993,0,2,-
BRDA:5993,0,3,-
DA:5994,0
DA:5997,0
DA:5998,0
BRDA:5998,0,0,-
BRDA:5998,0,1,-
DA:5999,0
BRDA:5999,0,0,-
BRDA:5999,0,1,-
BRDA:5999,0,2,-
BRDA:5999,0,3,-
DA:6000,0
DA:6003,0
DA:6005,0
BRDA:6005,0,0,-
BRDA:6005,0,1,-
DA:6006,0
DA:6008,0
DA:6010,0
BRDA:6010,0,0,-
BRDA:6010,0,1,-
DA:6011,0
BRDA:6011,0,0,-
BRDA:6011,0,1,-
BRDA:6011,0,2,-
BRDA:6011,0,3,-
DA:6012,0
DA:6015,0
DA:6018,0
DA:6019,0
BRDA:6019,0,0,-
BRDA:6019,0,1,-
BRDA:6019,0,2,-
BRDA:6019,0,3,-
DA:6021,0
DA:6022,0
BRDA:6022,0,0,-
BRDA:6022,0,1,-
DA:6023,0
BRDA:6023,0,0,-
BRDA:6023,0,1,-
BRDA:6023,0,2,-
BRDA:6023,0,3,-
DA:6024,0
DA:6027,0
DA:6028,0
DA:6031,0
BRDA:6031,0,0,-
BRDA:6031,0,1,-
DA:6032,0
DA:6033,0
BRDA:6033,0,0,-
BRDA:6033,0,1,-
DA:6034,0
BRDA:6034,0,0,-
BRDA:6034,0,1,-
BRDA:6034,0,2,-
BRDA:6034,0,3,-
DA:6035,0
DA:6038,0
BRDA:6038,0,0,-
BRDA:6038,0,1,-
BRDA:6038,0,2,-
BRDA:6038,0,3,-
DA:6040,0
BRDA:6040,0,0,-
BRDA:6040,0,1,-
BRDA:6040,0,2,-
BRDA:6040,0,3,-
DA:6041,0
BRDA:6041,0,0,-
BRDA:6041,0,1,-
DA:6043,0
DA:6045,0
BRDA:6045,0,0,-
BRDA:6045,0,1,-
BRDA:6045,0,2,-
BRDA:6045,0,3,-
DA:6048,0
DA:6051,30
DA:6053,30
DA:6054,30
DA:6056,30
BRDA:6056,0,0,0
BRDA:6056,0,1,30
DA:6058,0
DA:6061,30
DA:6068,0
DA:6078,0
BRDA:6078,0,0,-
BRDA:6078,0,1,-
DA:6079,0
BRDA:6079,0,0,-
BRDA:6079,0,1,-
BRDA:6079,0,2,-
BRDA:6079,0,3,-
DA:6080,0
DA:6083,0
DA:6084,0
BRDA:6084,0,0,-
BRDA:6084,0,1,-
DA:6085,0
BRDA:6085,0,0,-
BRDA:6085,0,1,-
BRDA:6085,0,2,-
BRDA:6085,0,3,-
DA:6086,0
DA:6089,0
DA:6091,0
BRDA:6091,0,0,-
BRDA:6091,0,1,-
DA:6092,0
DA:6094,0
DA:6096,0
BRDA:6096,0,0,-
BRDA:6096,0,1,-
DA:6097,0
BRDA:6097,0,0,-
BRDA:6097,0,1,-
BRDA:6097,0,2,-
BRDA:6097,0,3,-
DA:6098,0
DA:6101,0
DA:6104,0
DA:6105,0
BRDA:6105,0,0,-
BRDA:6105,0,1,-
DA:6106,0
DA:6107,0
[...]
BRDA:284,0,0,-
BRDA:284,0,1,-
DA:288,0
DA:292,0
DA:296,0
BRDA:296,0,0,-
BRDA:296,0,1,-
DA:297,0
DA:301,0
BRDA:301,0,0,-
BRDA:301,0,1,-
DA:302,0
DA:303,0
DA:305,0
BRDA:305,0,0,-
BRDA:305,0,1,-
DA:306,0
DA:311,0
DA:313,0
BRDA:313,0,0,-
BRDA:313,0,1,-
DA:314,0
DA:318,0
BRDA:318,0,0,-
BRDA:318,0,1,-
DA:319,0
DA:320,0
BRDA:320,0,0,-
BRDA:320,0,1,-
DA:321,0
DA:331,0
DA:335,58
DA:340,58
DA:341,58
BRDA:341,0,0,0
BRDA:341,0,1,58
DA:342,0
DA:345,58
DA:346,58
BRDA:346,0,0,0
BRDA:346,0,1,58
DA:347,0
DA:350,58
DA:352,58
BRDA:352,0,0,0
BRDA:352,0,1,58
DA:353,0
DA:355,58
DA:358,58
BRDA:358,0,0,58
BRDA:358,0,1,0
BRDA:358,0,2,0
BRDA:358,0,3,0
DA:359,58
DA:362,58
DA:366,58
DA:367,58
DA:370,58
DA:372,58
DA:373,58
BRDA:373,0,0,0
BRDA:373,0,1,58
DA:374,0
DA:377,58
DA:379,58
BRDA:379,0,0,58
BRDA:379,0,1,0
BRDA:379,0,2,0
BRDA:379,0,3,58
DA:380,0
DA:383,58
DA:386,58
BRDA:386,0,0,0
BRDA:386,0,1,58
DA:387,0
DA:390,290
BRDA:390,0,0,290
BRDA:390,0,1,0
DA:391,290
DA:392,290
BRDA:392,0,0,58
BRDA:392,0,1,232
DA:393,58
DA:395,232
DA:399,58
DA:400,58
DA:401,58
DA:402,58
DA:404,58
DA:405,58
BRDA:405,0,0,0
BRDA:405,0,1,58
DA:406,0
DA:409,58
DA:411,58
BRDA:411,0,0,0
BRDA:411,0,1,58
DA:412,0
DA:415,58
DA:417,58
DA:420,0
DA:422,0
DA:424,0
end_of_record
SF:/home/asset/zephyrproject/zephyr/include/zephyr/logging/log_msg.h
FN:709,z_log_msg_runtime_create
FNDA:0,z_log_msg_runtime_create
DA:709,0
DA:717,0
DA:718,0
DA:720,0
DA:721,0
end_of_record
TN:
SF:/home/asset/zephyrproject/zephyr/subsys/settings/src/settings_line.c
FN:24,settings_line_write
FNDA:0,settings_line_write
FN:150,settings_line_len_calc
FNDA:0,settings_line_len_calc
FN:172,settings_line_raw_read_until
FNDA:0,settings_line_raw_read_until
FN:234,settings_line_raw_read
FNDA:0,settings_line_raw_read
FN:242,settings_line_val_read
FNDA:0,settings_line_val_read
FN:249,settings_line_val_get_len
FNDA:0,settings_line_val_get_len
FN:265,settings_line_name_read
FNDA:0,settings_line_name_read
FN:275,settings_line_entry_copy
FNDA:0,settings_line_entry_copy
FN:311,settings_line_io_init
FNDA:0,settings_line_io_init
FN:326,settings_line_cmp
FNDA:0,settings_line_cmp
FN:363,settings_line_dup_check_cb
FNDA:0,settings_line_dup_check_cb
FN:390,settings_line_read_cb
FNDA:0,settings_line_read_cb
FN:407,settings_line_load_cb
FNDA:0,settings_line_load_cb
DA:24,0
DA:33,0
DA:38,0
DA:68,0
DA:69,0
DA:71,0
DA:72,0
DA:73,0
DA:74,0
DA:76,0
BRDA:76,0,0,-
BRDA:76,0,1,-
DA:77,0
DA:80,0
DA:81,0
DA:83,0
DA:84,0
DA:87,0
BRDA:87,0,0,-
BRDA:87,0,1,-
DA:88,0
BRDA:88,0,0,-
BRDA:88,0,1,-
DA:89,0
DA:90,0
DA:91,0
DA:92,0
DA:93,0
DA:95,0
DA:96,0
BRDA:96,0,0,-
BRDA:96,0,1,-
DA:97,0
DA:98,0
DA:100,0
DA:102,0
DA:103,0
DA:107,0
DA:108,0
BRDA:108,0,0,-
BRDA:108,0,1,-
DA:109,0
DA:112,0
BRDA:112,0,0,-
BRDA:112,0,1,-
DA:113,0
DA:115,0
DA:116,0
DA:119,0
DA:150,0
DA:153,0
DA:172,0
DA:179,0
DA:181,0
DA:183,0
BRDA:183,0,0,-
BRDA:183,0,1,-
DA:184,0
DA:187,0
DA:189,0
BRDA:189,0,0,-
BRDA:189,0,1,-
DA:190,0
DA:192,0
DA:193,0
DA:195,0
DA:196,0
BRDA:196,0,0,-
BRDA:196,0,1,-
DA:197,0
DA:200,0
DA:201,0
DA:202,0
DA:204,0
BRDA:204,0,0,-
BRDA:204,0,1,-
DA:206,0
DA:207,0
BRDA:207,0,0,-
BRDA:207,0,1,-
DA:208,0
DA:209,0
DA:213,0
DA:215,0
DA:217,0
BRDA:217,0,0,-
BRDA:217,0,1,-
BRDA:217,0,2,-
BRDA:217,0,3,-
DA:221,0
DA:222,0
DA:225,0
DA:227,0
BRDA:227,0,0,-
BRDA:227,0,1,-
DA:228,0
DA:231,0
DA:234,0
DA:237,0
DA:242,0
DA:245,0
DA:249,0
DA:253,0
DA:255,0
DA:265,0
DA:268,0
DA:270,0
DA:275,0
DA:278,0
DA:282,0
BRDA:282,0,0,-
BRDA:282,0,1,-
DA:283,0
DA:285,0
DA:286,0
BRDA:286,0,0,-
BRDA:286,0,1,-
DA:287,0
DA:290,0
DA:292,0
BRDA:292,0,0,-
BRDA:292,0,1,-
DA:293,0
DA:294,0
DA:297,0
DA:299,0
BRDA:299,0,0,-
BRDA:299,0,1,-
DA:300,0
DA:303,0
DA:304,0
DA:305,0
DA:308,0
DA:311,0
DA:318,0
DA:319,0
DA:320,0
DA:321,0
DA:322,0
DA:326,0
DA:332,0
DA:333,0
DA:335,0
BRDA:335,0,0,-
BRDA:335,0,1,-
DA:336,0
DA:339,0
BRDA:339,0,0,-
BRDA:339,0,1,-
DA:340,0
DA:341,0
DA:343,0
BRDA:343,0,0,-
BRDA:343,0,1,-
DA:344,0
DA:347,0
BRDA:347,0,0,-
BRDA:347,0,1,-
DA:348,0
DA:349,0
DA:352,0
DA:353,0
BRDA:353,0,0,-
BRDA:353,0,1,-
DA:354,0
DA:356,0
DA:357,0
DA:360,0
DA:363,0
DA:369,0
DA:370,0
BRDA:370,0,0,-
BRDA:370,0,1,-
DA:371,0
DA:374,0
DA:375,0
BRDA:375,0,0,-
BRDA:375,0,1,-
DA:376,0
DA:377,0
BRDA:377,0,0,-
BRDA:377,0,1,-
DA:378,0
DA:380,0
BRDA:380,0,0,-
BRDA:380,0,1,-
DA:382,0
DA:384,0
DA:387,0
DA:390,0
DA:392,0
DA:396,0
DA:400,0
BRDA:400,0,0,-
BRDA:400,0,1,-
DA:401,0
DA:404,0
DA:407,0
DA:412,0
DA:413,0
DA:414,0
DA:415,0
DA:417,0
end_of_record
TN:
SF:/home/asset/zephyrproject/zephyr/subsys/settings/src/settings.c
FN:30,settings_init
FNDA:58,settings_init
FN:39,settings_register
FNDA:0,settings_register
FN:66,settings_name_steq
FNDA:210,settings_name_steq
FN:105,settings_name_next
FNDA:0,settings_name_next
FN:137,settings_parse_and_lookup
FNDA:30,settings_parse_and_lookup
FN:192,settings_call_set_handler
FNDA:30,settings_call_set_handler
FN:232,settings_commit
FNDA:0,settings_commit
FN:237,settings_commit_subtree
FNDA:30,settings_commit_subtree
DA:30,58
DA:33,58
DA:35,58
DA:36,58
DA:39,0
DA:41,0
DA:43,0
BRDA:43,0,0,-
BRDA:43,0,1,-
DA:44,0
BRDA:44,0,0,-
BRDA:44,0,1,-
DA:45,0
DA:49,0
DA:52,0
BRDA:52,0,0,-
BRDA:52,0,1,-
BRDA:52,0,2,-
BRDA:52,0,3,-
BRDA:52,0,4,-
BRDA:52,0,5,-
BRDA:52,0,6,-
BRDA:52,0,7,-
DA:53,0
BRDA:53,0,0,-
BRDA:53,0,1,-
DA:54,0
DA:55,0
DA:58,0
DA:60,0
DA:61,0
DA:62,0
DA:66,210
DA:68,210
BRDA:68,0,0,180
BRDA:68,0,1,30
DA:69,180
DA:72,210
BRDA:72,0,0,210
BRDA:72,0,1,0
BRDA:72,0,2,0
BRDA:72,0,3,210
DA:73,0
DA:81,1020
BRDA:81,0,0,690
BRDA:81,0,1,120
DA:82,1590
BRDA:82,0,0,810
BRDA:82,0,1,90
BRDA:82,0,2,690
BRDA:82,0,3,0
BRDA:82,0,4,690
BRDA:82,0,5,0
DA:83,690
DA:84,690
DA:87,210
BRDA:87,0,0,120
BRDA:87,0,1,90
DA:88,120
DA:91,90
BRDA:91,0,0,60
BRDA:91,0,1,30
DA:92,60
BRDA:92,0,0,30
BRDA:92,0,1,30
DA:93,30
DA:95,60
DA:98,30
BRDA:98,0,0,30
BRDA:98,0,1,0
BRDA:98,0,2,30
BRDA:98,0,3,0
DA:99,30
DA:102,0
DA:105,0
DA:107,0
DA:109,0
BRDA:109,0,0,-
BRDA:109,0,1,-
DA:110,0
DA:113,0
BRDA:113,0,0,-
BRDA:113,0,1,-
DA:114,0
DA:121,0
BRDA:121,0,0,-
BRDA:121,0,1,-
BRDA:121,0,2,-
BRDA:121,0,3,-
DA:122,0
BRDA:122,0,0,-
BRDA:122,0,1,-
DA:123,0
DA:124,0
DA:127,0
BRDA:127,0,0,-
BRDA:127,0,1,-
DA:128,0
BRDA:128,0,0,-
BRDA:128,0,1,-
DA:129,0
DA:131,0
DA:134,0
DA:137,30
DA:143,30
DA:144,30
BRDA:144,0,0,30
BRDA:144,0,1,0
DA:145,30
DA:148,210
BRDA:148,0,0,180
BRDA:148,0,1,30
DA:149,180
BRDA:149,0,0,120
BRDA:149,0,1,60
DA:150,120
DA:152,60
BRDA:152,0,0,30
BRDA:152,0,1,30
DA:153,30
DA:154,30
BRDA:154,0,0,30
BRDA:154,0,1,0
DA:155,30
DA:157,30
DA:159,30
BRDA:159,0,0,30
BRDA:159,0,1,0
DA:160,30
DA:161,30
BRDA:161,0,0,30
BRDA:161,0,1,0
DA:162,30
DA:170,30
BRDA:170,0,0,0
BRDA:170,0,1,30
BRDA:170,0,2,0
BRDA:170,0,3,0
BRDA:170,0,4,0
BRDA:170,0,5,0
BRDA:170,0,6,0
BRDA:170,0,7,30
DA:171,0
BRDA:171,0,0,-
BRDA:171,0,1,-
DA:172,0
DA:174,0
BRDA:174,0,0,-
BRDA:174,0,1,-
DA:175,0
DA:176,0
BRDA:176,0,0,-
BRDA:176,0,1,-
DA:177,0
DA:179,0
DA:181,0
BRDA:181,0,0,-
BRDA:181,0,1,-
DA:182,0
DA:183,0
BRDA:183,0,0,-
BRDA:183,0,1,-
DA:184,0
DA:189,30
DA:192,30
DA:199,30
DA:201,30
BRDA:201,0,0,30
BRDA:201,0,1,0
BRDA:201,0,2,0
BRDA:201,0,3,30
BRDA:201,0,4,0
BRDA:201,0,5,0
DA:202,0
DA:203,0
DA:206,30
BRDA:206,0,0,30
BRDA:206,0,1,0
BRDA:206,0,2,0
BRDA:206,0,3,30
DA:207,0
DA:208,0
DA:212,30
DA:213,30
BRDA:213,0,0,0
BRDA:213,0,1,30
DA:214,0
DA:217,30
DA:219,30
BRDA:219,0,0,0
BRDA:219,0,1,30
DA:220,0
BRDA:220,0,0,-
BRDA:220,0,1,-
BRDA:220,0,2,-
BRDA:220,0,3,-
DA:223,0
DA:225,30
BRDA:225,0,0,30
BRDA:225,0,1,0
BRDA:225,0,2,0
BRDA:225,0,3,0
DA:229,30
DA:232,0
DA:234,0
DA:237,30
DA:242,30
DA:244,210
BRDA:244,0,0,180
BRDA:244,0,1,30
DA:245,180
BRDA:245,0,0,0
BRDA:245,0,1,180
BRDA:245,0,2,0
BRDA:245,0,3,0
DA:246,0
DA:248,180
BRDA:248,0,0,120
BRDA:248,0,1,60
DA:249,120
DA:250,120
BRDA:250,0,0,120
BRDA:250,0,1,0
DA:251,120
DA:258,30
BRDA:258,0,0,0
BRDA:258,0,1,30
BRDA:258,0,2,0
BRDA:258,0,3,0
BRDA:258,0,4,0
BRDA:258,0,5,0
BRDA:258,0,6,0
BRDA:258,0,7,30
DA:259,0
BRDA:259,0,0,-
BRDA:259,0,1,-
BRDA:259,0,2,-
BRDA:259,0,3,-
DA:260,0
DA:262,0
BRDA:262,0,0,-
BRDA:262,0,1,-
DA:263,0
DA:264,0
BRDA:264,0,0,-
BRDA:264,0,1,-
DA:265,0
DA:271,30
end_of_record
SF:/home/asset/zephyrproject/build/zephyr/include/generated/syscalls/kernel.h
FN:976,k_mutex_lock
FNDA:0,k_mutex_lock
FN:993,k_mutex_unlock
FNDA:0,k_mutex_unlock
DA:976,0
DA:985,0
DA:986,0
DA:993,0
DA:1001,0
DA:1002,0
end_of_record
SF:/home/asset/zephyrproject/zephyr/include/zephyr/logging/log_msg.h
FN:709,z_log_msg_runtime_create
FNDA:0,z_log_msg_runtime_create
DA:709,0
DA:717,0
DA:718,0
DA:720,0
DA:721,0
end_of_record
SF:/home/asset/zephyrproject/zephyr/include/zephyr/sys/slist.h
FN:199,sys_slist_init
FNDA:58,sys_slist_init
FN:211,z_snode_next_peek
FNDA:0,z_snode_next_peek
FN:216,z_snode_next_set
FNDA:0,z_snode_next_set
FN:221,z_slist_head_set
FNDA:0,z_slist_head_set
FN:226,z_slist_tail_set
FNDA:0,z_slist_tail_set
FN:238,sys_slist_peek_head
FNDA:60,sys_slist_peek_head
FN:250,sys_slist_peek_tail
FNDA:0,sys_slist_peek_tail
FN:281,sys_slist_peek_next_no_check
FNDA:0,sys_slist_peek_next_no_check
FN:292,sys_slist_peek_next
FNDA:0,sys_slist_peek_next
FN:318,sys_slist_append
FNDA:0,sys_slist_append
DA:199,58
DA:201,58
DA:202,58
DA:203,58
DA:211,0
DA:213,0
DA:216,0
DA:218,0
DA:219,0
DA:221,0
DA:223,0
DA:224,0
DA:226,0
DA:228,0
DA:229,0
DA:238,60
DA:240,60
DA:250,0
DA:252,0
DA:281,0
DA:292,0
BRDA:292,0,0,-
BRDA:292,0,1,-
DA:318,0
BRDA:318,0,0,-
BRDA:318,0,1,-
end_of_record
SF:/home/asset/zephyrproject/zephyr/include/zephyr/syscall.h
FN:115,k_is_user_context
FNDA:0,k_is_user_context
DA:115,0
DA:120,0
end_of_record
TN:
SF:/home/asset/zephyrproject/zephyr/subsys/settings/src/settings_init.c
FN:26,settings_subsys_init
FNDA:58,settings_subsys_init
DA:26,58
DA:29,58
DA:31,58
DA:33,58
BRDA:33,0,0,58
BRDA:33,0,1,0
DA:34,58
DA:36,58
DA:38,58
BRDA:38,0,0,58
BRDA:38,0,1,0
DA:39,58
DA:43,58
DA:45,58
end_of_record
SF:/home/asset/zephyrproject/build/zephyr/include/generated/syscalls/kernel.h
FN:976,k_mutex_lock
FNDA:58,k_mutex_lock
FN:993,k_mutex_unlock
FNDA:58,k_mutex_unlock
DA:976,58
DA:985,58
DA:986,58
DA:993,58
DA:1001,58
DA:1002,58
end_of_record
TN:
SF:/home/asset/zephyrproject/build/zephyr/misc/generated/configs.c
FN:9,_ConfigAbsSyms
FNDA:0,_ConfigAbsSyms
DA:9,0
DA:11,0
DA:12,0
DA:13,0
DA:14,0
DA:15,0
DA:16,0
DA:17,0
DA:18,0
DA:19,0
DA:20,0
DA:21,0
DA:22,0
DA:23,0
DA:24,0
DA:25,0
DA:26,0
DA:27,0
DA:28,0
DA:29,0
DA:30,0
DA:31,0
DA:32,0
DA:33,0
DA:34,0
DA:35,0
DA:36,0
DA:37,0
DA:38,0
DA:39,0
DA:40,0
DA:41,0
DA:42,0
DA:43,0
DA:44,0
DA:45,0
DA:46,0
DA:47,0
DA:48,0
DA:49,0
DA:50,0
DA:51,0
DA:52,0
DA:53,0
DA:54,0
DA:55,0
DA:56,0
DA:57,0
DA:58,0
DA:59,0
DA:60,0
DA:61,0
DA:62,0
DA:63,0
DA:64,0
DA:65,0
DA:66,0
DA:67,0
DA:68,0
DA:69,0
DA:70,0
DA:71,0
DA:72,0
DA:73,0
DA:74,0
DA:75,0
DA:76,0
DA:77,0
DA:78,0
DA:79,0
DA:80,0
DA:81,0
DA:82,0
DA:83,0
DA:84,0
DA:85,0
DA:86,0
DA:87,0
DA:88,0
DA:89,0
DA:90,0
DA:91,0
DA:92,0
DA:93,0
DA:94,0
DA:95,0
DA:96,0
DA:97,0
DA:98,0
DA:99,0
DA:100,0
DA:101,0
DA:102,0
DA:103,0
DA:104,0
DA:105,0
DA:106,0
DA:107,0
DA:108,0
DA:109,0
DA:110,0
DA:111,0
DA:112,0
DA:113,0
DA:114,0
DA:115,0
DA:116,0
DA:117,0
DA:118,0
DA:119,0
DA:120,0
DA:121,0
DA:122,0
DA:123,0
DA:124,0
DA:125,0
DA:126,0
DA:127,0
DA:128,0
DA:129,0
DA:130,0
DA:131,0
DA:132,0
DA:133,0
DA:134,0
DA:135,0
DA:136,0
DA:137,0
DA:138,0
DA:139,0
DA:140,0
DA:141,0
DA:142,0
DA:143,0
DA:144,0
DA:145,0
DA:146,0
DA:147,0
DA:148,0
DA:149,0
DA:150,0
DA:151,0
DA:152,0
DA:153,0
DA:154,0
DA:155,0
DA:156,0
DA:157,0
DA:158,0
DA:159,0
DA:160,0
DA:161,0
DA:162,0
DA:163,0
DA:164,0
DA:165,0
DA:166,0
DA:167,0
DA:168,0
DA:169,0
DA:170,0
DA:171,0
DA:172,0
DA:173,0
DA:174,0
DA:175,0
DA:176,0
DA:177,0
DA:178,0
DA:179,0
DA:180,0
DA:181,0
DA:182,0
DA:183,0
DA:184,0
DA:185,0
DA:186,0
DA:187,0
DA:188,0
DA:189,0
DA:190,0
DA:191,0
DA:192,0
DA:193,0
DA:194,0
DA:195,0
DA:196,0
DA:197,0
DA:198,0
DA:199,0
DA:200,0
DA:201,0
DA:202,0
DA:203,0
DA:204,0
DA:205,0
DA:206,0
DA:207,0
DA:208,0
DA:209,0
DA:210,0
DA:211,0
DA:212,0
DA:213,0
DA:214,0
DA:215,0
DA:216,0
DA:217,0
DA:218,0
DA:219,0
DA:220,0
DA:221,0
DA:222,0
DA:223,0
DA:224,0
DA:225,0
DA:226,0
DA:227,0
DA:228,0
DA:229,0
DA:230,0
DA:231,0
DA:232,0
DA:233,0
DA:234,0
DA:235,0
DA:236,0
DA:237,0
DA:238,0
DA:239,0
DA:240,0
DA:241,0
DA:242,0
DA:243,0
DA:244,0
DA:245,0
DA:246,0
DA:247,0
DA:248,0
DA:249,0
DA:250,0
DA:251,0
DA:252,0
DA:253,0
DA:254,0
DA:255,0
DA:256,0
DA:257,0
DA:258,0
DA:259,0
DA:260,0
DA:261,0
DA:262,0
DA:263,0
DA:264,0
DA:265,0
DA:266,0
DA:267,0
DA:268,0
DA:269,0
DA:270,0
DA:271,0
DA:272,0
DA:273,0
DA:274,0
DA:275,0
DA:276,0
DA:277,0
DA:278,0
DA:279,0
DA:280,0
DA:281,0
DA:282,0
DA:283,0
DA:284,0
DA:285,0
DA:286,0
DA:287,0
DA:288,0
DA:289,0
DA:290,0
DA:291,0
DA:292,0
DA:293,0
DA:294,0
DA:295,0
DA:296,0
DA:297,0
DA:298,0
DA:299,0
DA:300,0
DA:301,0
DA:302,0
DA:303,0
DA:304,0
DA:305,0
DA:306,0
DA:307,0
DA:308,0
DA:309,0
DA:310,0
DA:311,0
DA:312,0
DA:313,0
DA:314,0
DA:315,0
DA:316,0
DA:317,0
DA:318,0
DA:319,0
DA:320,0
DA:321,0
DA:322,0
DA:323,0
DA:324,0
DA:325,0
DA:326,0
DA:327,0
DA:328,0
DA:329,0
DA:330,0
DA:331,0
DA:332,0
DA:333,0
DA:334,0
DA:335,0
DA:336,0
DA:337,0
DA:338,0
DA:339,0
DA:340,0
DA:341,0
DA:342,0
DA:343,0
DA:344,0
DA:345,0
DA:346,0
DA:347,0
DA:348,0
DA:349,0
DA:350,0
DA:351,0
DA:352,0
DA:353,0
DA:354,0
DA:355,0
DA:356,0
DA:357,0
DA:358,0
DA:359,0
DA:360,0
DA:361,0
DA:362,0
DA:363,0
DA:364,0
DA:365,0
DA:366,0
DA:367,0
DA:368,0
DA:369,0
DA:370,0
DA:371,0
DA:372,0
DA:373,0
DA:374,0
DA:375,0
DA:376,0
DA:377,0
DA:378,0
DA:379,0
DA:380,0
DA:381,0
DA:382,0
DA:383,0
DA:384,0
DA:385,0
DA:386,0
DA:387,0
DA:388,0
DA:389,0
DA:390,0
DA:391,0
DA:392,0
DA:393,0
DA:394,0
DA:395,0
DA:396,0
DA:397,0
DA:398,0
DA:399,0
DA:400,0
DA:401,0
DA:402,0
DA:403,0
DA:404,0
DA:405,0
DA:406,0
DA:407,0
DA:408,0
DA:409,0
DA:410,0
DA:411,0
DA:412,0
DA:413,0
DA:414,0
DA:415,0
DA:416,0
DA:417,0
DA:418,0
DA:419,0
DA:420,0
DA:421,0
DA:422,0
DA:423,0
DA:424,0
DA:425,0
DA:426,0
DA:427,0
DA:428,0
DA:429,0
DA:430,0
DA:431,0
DA:432,0
DA:433,0
DA:434,0
DA:435,0
DA:436,0
DA:437,0
DA:438,0
DA:439,0
DA:440,0
DA:441,0
DA:442,0
DA:443,0
DA:444,0
DA:445,0
DA:446,0
DA:447,0
DA:448,0
DA:449,0
DA:450,0
DA:451,0
DA:452,0
DA:453,0
DA:454,0
DA:455,0
DA:456,0
DA:457,0
DA:458,0
DA:459,0
DA:460,0
DA:461,0
DA:462,0
DA:463,0
DA:464,0
DA:465,0
DA:466,0
DA:467,0
DA:468,0
DA:469,0
DA:470,0
DA:471,0
DA:472,0
DA:473,0
DA:474,0
DA:475,0
DA:476,0
DA:477,0
DA:478,0
DA:479,0
DA:480,0
DA:481,0
DA:482,0
DA:483,0
DA:484,0
DA:485,0
DA:486,0
DA:487,0
DA:488,0
DA:489,0
DA:490,0
DA:491,0
DA:492,0
DA:493,0
DA:494,0
DA:495,0
DA:496,0
DA:497,0
DA:498,0
DA:499,0
DA:500,0
DA:501,0
DA:502,0
DA:503,0
DA:504,0
DA:505,0
DA:506,0
DA:507,0
DA:508,0
DA:509,0
DA:510,0
DA:511,0
DA:512,0
DA:513,0
DA:514,0
DA:515,0
DA:516,0
DA:517,0
DA:518,0
DA:519,0
DA:520,0
DA:521,0
DA:522,0
DA:523,0
DA:524,0
DA:525,0
DA:526,0
DA:527,0
DA:528,0
DA:529,0
DA:530,0
DA:531,0
DA:532,0
DA:533,0
DA:534,0
DA:535,0
DA:536,0
DA:537,0
DA:538,0
DA:539,0
DA:540,0
DA:541,0
DA:542,0
DA:543,0
DA:544,0
DA:545,0
DA:546,0
DA:547,0
DA:548,0
DA:549,0
DA:550,0
DA:551,0
DA:552,0
DA:553,0
DA:554,0
DA:555,0
DA:556,0
DA:557,0
DA:558,0
DA:559,0
DA:560,0
DA:561,0
DA:562,0
DA:563,0
DA:564,0
DA:566,0
end_of_record
TN:
SF:/home/asset/zephyrproject/zephyr/kernel/include/kernel_offsets.h
FN:26,_OffsetAbsSyms
FNDA:0,_OffsetAbsSyms
DA:26,0
DA:28,0
DA:29,0
DA:30,0
DA:31,0
DA:33,0
DA:44,0
DA:48,0
DA:55,0
DA:57,0
DA:58,0
DA:59,0
DA:73,0
DA:88,0
DA:91,0
end_of_record
SF:/home/asset/zephyrproject/zephyr/arch/posix/core/offsets/offsets.c
DA:31,0
end_of_record
TN:
SF:/home/asset/zephyrproject/zephyr/samples/bluetooth/peripheral/src/main.c
FN:41,read_vnd
FNDA:8,read_vnd
FN:50,write_vnd
FNDA:0,write_vnd
FN:69,vnd_ccc_cfg_changed
FNDA:0,vnd_ccc_cfg_changed
FN:74,indicate_cb
FNDA:0,indicate_cb
FN:79,indicate_destroy
FNDA:0,indicate_destroy
FN:93,write_long_vnd
FNDA:4,write_long_vnd
FN:115,read_signed
FNDA:3,read_signed
FN:123,write_signed
FNDA:3,write_signed
FN:137,write_signed_v1
FNDA:0,write_signed_v1
FN:152,write_without_rsp_vnd
FNDA:3,write_without_rsp_vnd
FN:191,write_rsp
FNDA:3,write_rsp
FN:298,mtu_updated
FNDA:18,mtu_updated
FN:305,connected
FNDA:28,connected
FN:314,disconnected
FNDA:0,disconnected
FN:319,alert_stop
FNDA:0,alert_stop
FN:324,alert_start
FNDA:3,alert_start
FN:329,alert_high_start
FNDA:0,alert_high_start
FN:345,bt_ready
FNDA:30,bt_ready
FN:366,auth_passkey_display
FNDA:0,auth_passkey_display
FN:375,auth_cancel
FNDA:0,auth_cancel
FN:390,bas_notify
FNDA:2331,bas_notify
FN:403,hrs_notify
FNDA:2331,hrs_notify
FN:416,main
FNDA:58,main
DA:41,8
DA:44,8
DA:47,8
DA:50,0
DA:53,0
DA:59,0
DA:60,0
DA:62,0
DA:69,0
DA:71,0
DA:72,0
DA:74,0
DA:76,0
BRDA:76,0,0,-
BRDA:76,0,1,-
DA:77,0
DA:79,0
DA:81,0
DA:82,0
DA:83,0
DA:93,4
DA:96,4
DA:98,4
BRDA:98,0,0,0
BRDA:98,0,1,4
DA:99,0
DA:107,4
DA:108,4
DA:110,4
DA:115,3
DA:118,3
DA:120,3
DA:123,3
DA:126,3
DA:128,3
BRDA:128,0,0,0
BRDA:128,0,1,3
DA:129,0
DA:132,3
DA:134,3
DA:137,0
DA:140,0
DA:142,0
BRDA:142,0,0,-
BRDA:142,0,1,-
DA:143,0
DA:146,0
DA:148,0
DA:152,3
DA:155,3
DA:157,3
BRDA:157,0,0,0
BRDA:157,0,1,3
DA:158,0
DA:159,0
DA:160,0
DA:165,3
BRDA:165,0,0,3
BRDA:165,0,1,0
DA:169,3
DA:172,0
BRDA:172,0,0,-
BRDA:172,0,1,-
DA:173,0
DA:176,0
DA:177,0
BRDA:177,0,0,-
BRDA:177,0,1,-
DA:178,0
BRDA:178,0,0,-
BRDA:178,0,1,-
DA:180,0
DA:181,0
DA:185,0
DA:186,0
DA:188,0
DA:191,3
DA:194,3
DA:197,3
BRDA:197,0,0,3
BRDA:197,0,1,0
DA:199,3
DA:202,0
BRDA:202,0,0,-
BRDA:202,0,1,-
DA:203,0
DA:206,0
BRDA:206,0,0,-
BRDA:206,0,1,-
DA:207,0
DA:210,0
BRDA:210,0,0,-
BRDA:210,0,1,-
BRDA:210,0,2,-
BRDA:210,0,3,-
DA:211,0
DA:214,0
BRDA:214,0,0,-
BRDA:214,0,1,-
DA:215,0
DA:219,0
DA:220,0
BRDA:220,0,0,-
BRDA:220,0,1,-
DA:228,0
DA:230,0
DA:298,18
DA:300,18
DA:301,18
DA:305,28
DA:307,28
BRDA:307,0,0,0
BRDA:307,0,1,28
DA:308,0
DA:310,28
DA:312,28
DA:314,0
DA:316,0
DA:317,0
DA:319,0
DA:321,0
DA:322,0
DA:324,3
DA:326,3
DA:327,3
DA:329,0
DA:331,0
DA:332,0
DA:345,30
DA:349,30
DA:351,30
DA:354,30
DA:357,30
DA:358,29
BRDA:358,0,0,0
BRDA:358,0,1,29
DA:359,0
DA:360,0
DA:363,29
DA:366,0
DA:370,0
DA:372,0
DA:373,0
DA:375,0
DA:379,0
DA:381,0
DA:382,0
DA:390,2331
DA:392,2331
DA:394,2331
DA:396,2331
BRDA:396,0,0,17
BRDA:396,0,1,2314
DA:397,17
DA:400,2331
DA:401,2331
DA:403,2331
DA:408,2331
DA:409,2331
BRDA:409,0,0,26
BRDA:409,0,1,2305
DA:410,26
DA:413,2331
DA:414,2331
DA:416,58
DA:422,58
DA:423,56
BRDA:423,0,0,26
BRDA:423,0,1,30
DA:424,26
DA:425,26
DA:428,30
DA:430,29
DA:431,29
DA:433,29
DA:434,29
DA:435,29
DA:440,2331
DA:441,2360
DA:444,2331
DA:447,2331
DA:450,2331
DA:453,2331
BRDA:453,0,0,0
BRDA:453,0,1,2331
BRDA:453,0,2,0
BRDA:453,0,3,0
DA:454,0
BRDA:454,0,0,-
BRDA:454,0,1,-
DA:455,0
DA:458,0
DA:459,0
DA:460,0
DA:461,0
DA:462,0
DA:464,0
BRDA:464,0,0,-
BRDA:464,0,1,-
DA:465,0
end_of_record
SF:/home/asset/zephyrproject/build/zephyr/include/generated/syscalls/kernel.h
FN:126,k_sleep
FNDA:2360,k_sleep
DA:126,2360
DA:134,2360
DA:135,2360
end_of_record
SF:/home/asset/zephyrproject/zephyr/include/zephyr/bluetooth/addr.h
FN:242,bt_addr_le_to_str
FNDA:0,bt_addr_le_to_str
DA:242,0
DA:247,0
BRDA:247,0,0,-
BRDA:247,0,1,-
BRDA:247,0,2,-
BRDA:247,0,3,-
BRDA:247,0,4,-
DA:248,0
DA:249,0
DA:250,0
DA:251,0
DA:252,0
DA:253,0
DA:254,0
DA:255,0
DA:256,0
DA:257,0
DA:258,0
DA:259,0
DA:260,0
DA:261,0
DA:262,0
DA:265,0
DA:266,0
DA:267,0
end_of_record
TN:
SF:/home/asset/zephyrproject/zephyr/include/zephyr/bluetooth/gatt.h
FN:1188,bt_gatt_notify
FNDA:3,bt_gatt_notify
DA:1188,3
DA:1194,3
DA:1196,3
DA:1197,3
DA:1198,3
DA:1203,3
end_of_record
SF:/home/asset/zephyrproject/zephyr/samples/bluetooth/peripheral/src/cts.c
FN:28,ct_ccc_cfg_changed
FNDA:3,ct_ccc_cfg_changed
FN:33,read_ct
FNDA:3,read_ct
FN:42,write_ct
FNDA:3,write_ct
FN:68,generate_current_time
FNDA:30,generate_current_time
FN:95,cts_init
FNDA:30,cts_init
FN:101,cts_notify
FNDA:2331,cts_notify
DA:28,3
DA:31,3
DA:33,3
DA:36,3
DA:38,3
DA:42,3
DA:46,3
DA:48,3
BRDA:48,0,0,0
BRDA:48,0,1,3
DA:49,0
DA:52,3
DA:53,3
DA:55,3
DA:68,30
DA:77,30
DA:78,30
DA:79,30
DA:80,30
DA:81,30
DA:82,30
DA:83,30
DA:86,30
DA:89,30
DA:92,30
DA:93,30
DA:95,30
DA:98,30
DA:99,30
DA:101,2331
DA:103,2331
BRDA:103,0,0,2328
BRDA:103,0,1,3
DA:104,2328
DA:107,3
DA:108,3
end_of_record
